!SESSION 2018-03-19 08:47:10.605 -----------------------------------------------
eclipse.buildId=4.6.3.M20170301-0400
java.version=1.8.0_51
java.vendor=Oracle Corporation
BootLoader constants: OS=win32, ARCH=x86_64, WS=win32, NL=en_US
Framework arguments:  -product org.eclipse.epp.package.java.product
Command-line arguments:  -os win32 -ws win32 -arch x86_64 -product org.eclipse.epp.package.java.product

This is a continuation of log file C:\Users\Blackc0650\Desktop\APCSA-P1\.metadata\.bak_0.log
Created Time: 2018-03-19 08:47:29.438

!ENTRY org.eclipse.jdt.core 4 4 2018-03-19 08:47:29.438
!MESSAGE JavaBuilder handling CoreException
!STACK 1
org.eclipse.core.internal.resources.ResourceException: File not found: C:\Users\Blackc0650\Desktop\APCSA-P1\Labs\bin\labs\unit9\DeckTester.class.
	at org.eclipse.core.internal.localstore.FileSystemResourceManager.read(FileSystemResourceManager.java:840)
	at org.eclipse.core.internal.resources.File.getContents(File.java:277)
	at org.eclipse.jdt.internal.core.util.Util.getResourceContentsAsByteArray(Util.java:1135)
	at org.eclipse.jdt.internal.core.builder.IncrementalImageBuilder.writeClassFileCheck(IncrementalImageBuilder.java:889)
	at org.eclipse.jdt.internal.core.builder.IncrementalImageBuilder.writeClassFileContents(IncrementalImageBuilder.java:831)
	at org.eclipse.jdt.internal.core.builder.AbstractImageBuilder.writeClassFile(AbstractImageBuilder.java:860)
	at org.eclipse.jdt.internal.core.builder.AbstractImageBuilder.acceptResult(AbstractImageBuilder.java:191)
	at org.eclipse.jdt.internal.compiler.Compiler.processCompiledUnits(Compiler.java:593)
	at org.eclipse.jdt.internal.compiler.Compiler.compile(Compiler.java:462)
	at org.eclipse.jdt.internal.compiler.Compiler.compile(Compiler.java:417)
	at org.eclipse.jdt.internal.core.builder.AbstractImageBuilder.compile(AbstractImageBuilder.java:368)
	at org.eclipse.jdt.internal.core.builder.IncrementalImageBuilder.compile(IncrementalImageBuilder.java:330)
	at org.eclipse.jdt.internal.core.builder.AbstractImageBuilder.compile(AbstractImageBuilder.java:305)
	at org.eclipse.jdt.internal.core.builder.IncrementalImageBuilder.build(IncrementalImageBuilder.java:135)
	at org.eclipse.jdt.internal.core.builder.JavaBuilder.buildDeltas(JavaBuilder.java:267)
	at org.eclipse.jdt.internal.core.builder.JavaBuilder.build(JavaBuilder.java:195)
	at org.eclipse.core.internal.events.BuildManager$2.run(BuildManager.java:735)
	at org.eclipse.core.runtime.SafeRunner.run(SafeRunner.java:42)
	at org.eclipse.core.internal.events.BuildManager.basicBuild(BuildManager.java:206)
	at org.eclipse.core.internal.events.BuildManager.basicBuild(BuildManager.java:246)
	at org.eclipse.core.internal.events.BuildManager$1.run(BuildManager.java:301)
	at org.eclipse.core.runtime.SafeRunner.run(SafeRunner.java:42)
	at org.eclipse.core.internal.events.BuildManager.basicBuild(BuildManager.java:304)
	at org.eclipse.core.internal.events.BuildManager.basicBuildLoop(BuildManager.java:360)
	at org.eclipse.core.internal.events.BuildManager.build(BuildManager.java:383)
	at org.eclipse.core.internal.events.AutoBuildJob.doBuild(AutoBuildJob.java:144)
	at org.eclipse.core.internal.events.AutoBuildJob.run(AutoBuildJob.java:235)
	at org.eclipse.core.internal.jobs.Worker.run(Worker.java:55)
!SUBENTRY 1 org.eclipse.core.resources 4 368 2018-03-19 08:47:29.438
!MESSAGE File not found: C:\Users\Blackc0650\Desktop\APCSA-P1\Labs\bin\labs\unit9\DeckTester.class.

!ENTRY org.eclipse.jdt.core 4 4 2018-03-19 08:47:29.444
!MESSAGE JavaBuilder handling CoreException
!STACK 1
org.eclipse.core.internal.resources.ResourceException: File not found: C:\Users\Blackc0650\Desktop\APCSA-P1\Labs\bin\labs\unit4\Lab04e.class.
	at org.eclipse.core.internal.localstore.FileSystemResourceManager.read(FileSystemResourceManager.java:840)
	at org.eclipse.core.internal.resources.File.getContents(File.java:277)
	at org.eclipse.jdt.internal.core.util.Util.getResourceContentsAsByteArray(Util.java:1135)
	at org.eclipse.jdt.internal.core.builder.IncrementalImageBuilder.writeClassFileCheck(IncrementalImageBuilder.java:889)
	at org.eclipse.jdt.internal.core.builder.IncrementalImageBuilder.writeClassFileContents(IncrementalImageBuilder.java:831)
	at org.eclipse.jdt.internal.core.builder.AbstractImageBuilder.writeClassFile(AbstractImageBuilder.java:860)
	at org.eclipse.jdt.internal.core.builder.AbstractImageBuilder.acceptResult(AbstractImageBuilder.java:191)
	at org.eclipse.jdt.internal.compiler.Compiler.processCompiledUnits(Compiler.java:593)
	at org.eclipse.jdt.internal.compiler.Compiler.compile(Compiler.java:462)
	at org.eclipse.jdt.internal.compiler.Compiler.compile(Compiler.java:417)
	at org.eclipse.jdt.internal.core.builder.AbstractImageBuilder.compile(AbstractImageBuilder.java:368)
	at org.eclipse.jdt.internal.core.builder.IncrementalImageBuilder.compile(IncrementalImageBuilder.java:330)
	at org.eclipse.jdt.internal.core.builder.AbstractImageBuilder.compile(AbstractImageBuilder.java:305)
	at org.eclipse.jdt.internal.core.builder.IncrementalImageBuilder.build(IncrementalImageBuilder.java:135)
	at org.eclipse.jdt.internal.core.builder.JavaBuilder.buildDeltas(JavaBuilder.java:267)
	at org.eclipse.jdt.internal.core.builder.JavaBuilder.build(JavaBuilder.java:195)
	at org.eclipse.core.internal.events.BuildManager$2.run(BuildManager.java:735)
	at org.eclipse.core.runtime.SafeRunner.run(SafeRunner.java:42)
	at org.eclipse.core.internal.events.BuildManager.basicBuild(BuildManager.java:206)
	at org.eclipse.core.internal.events.BuildManager.basicBuild(BuildManager.java:246)
	at org.eclipse.core.internal.events.BuildManager$1.run(BuildManager.java:301)
	at org.eclipse.core.runtime.SafeRunner.run(SafeRunner.java:42)
	at org.eclipse.core.internal.events.BuildManager.basicBuild(BuildManager.java:304)
	at org.eclipse.core.internal.events.BuildManager.basicBuildLoop(BuildManager.java:360)
	at org.eclipse.core.internal.events.BuildManager.build(BuildManager.java:383)
	at org.eclipse.core.internal.events.AutoBuildJob.doBuild(AutoBuildJob.java:144)
	at org.eclipse.core.internal.events.AutoBuildJob.run(AutoBuildJob.java:235)
	at org.eclipse.core.internal.jobs.Worker.run(Worker.java:55)
!SUBENTRY 1 org.eclipse.core.resources 4 368 2018-03-19 08:47:29.445
!MESSAGE File not found: C:\Users\Blackc0650\Desktop\APCSA-P1\Labs\bin\labs\unit4\Lab04e.class.

!ENTRY org.eclipse.jdt.core 4 4 2018-03-19 08:47:30.655
!MESSAGE JavaBuilder handling CoreException
!STACK 1
org.eclipse.core.internal.resources.ResourceException: File not found: C:\Users\Blackc0650\Desktop\APCSA-P1\Labs\bin\labs\unit1\SmileyFace.class.
	at org.eclipse.core.internal.localstore.FileSystemResourceManager.read(FileSystemResourceManager.java:840)
	at org.eclipse.core.internal.resources.File.getContents(File.java:277)
	at org.eclipse.jdt.internal.core.util.Util.getResourceContentsAsByteArray(Util.java:1135)
	at org.eclipse.jdt.internal.core.builder.IncrementalImageBuilder.writeClassFileCheck(IncrementalImageBuilder.java:889)
	at org.eclipse.jdt.internal.core.builder.IncrementalImageBuilder.writeClassFileContents(IncrementalImageBuilder.java:831)
	at org.eclipse.jdt.internal.core.builder.AbstractImageBuilder.writeClassFile(AbstractImageBuilder.java:860)
	at org.eclipse.jdt.internal.core.builder.AbstractImageBuilder.acceptResult(AbstractImageBuilder.java:191)
	at org.eclipse.jdt.internal.compiler.Compiler.processCompiledUnits(Compiler.java:593)
	at org.eclipse.jdt.internal.compiler.Compiler.compile(Compiler.java:462)
	at org.eclipse.jdt.internal.compiler.Compiler.compile(Compiler.java:417)
	at org.eclipse.jdt.internal.core.builder.AbstractImageBuilder.compile(AbstractImageBuilder.java:368)
	at org.eclipse.jdt.internal.core.builder.IncrementalImageBuilder.compile(IncrementalImageBuilder.java:330)
	at org.eclipse.jdt.internal.core.builder.AbstractImageBuilder.compile(AbstractImageBuilder.java:305)
	at org.eclipse.jdt.internal.core.builder.IncrementalImageBuilder.build(IncrementalImageBuilder.java:135)
	at org.eclipse.jdt.internal.core.builder.JavaBuilder.buildDeltas(JavaBuilder.java:267)
	at org.eclipse.jdt.internal.core.builder.JavaBuilder.build(JavaBuilder.java:195)
	at org.eclipse.core.internal.events.BuildManager$2.run(BuildManager.java:735)
	at org.eclipse.core.runtime.SafeRunner.run(SafeRunner.java:42)
	at org.eclipse.core.internal.events.BuildManager.basicBuild(BuildManager.java:206)
	at org.eclipse.core.internal.events.BuildManager.basicBuild(BuildManager.java:246)
	at org.eclipse.core.internal.events.BuildManager$1.run(BuildManager.java:301)
	at org.eclipse.core.runtime.SafeRunner.run(SafeRunner.java:42)
	at org.eclipse.core.internal.events.BuildManager.basicBuild(BuildManager.java:304)
	at org.eclipse.core.internal.events.BuildManager.basicBuildLoop(BuildManager.java:360)
	at org.eclipse.core.internal.events.BuildManager.build(BuildManager.java:383)
	at org.eclipse.core.internal.events.AutoBuildJob.doBuild(AutoBuildJob.java:144)
	at org.eclipse.core.internal.events.AutoBuildJob.run(AutoBuildJob.java:235)
	at org.eclipse.core.internal.jobs.Worker.run(Worker.java:55)
!SUBENTRY 1 org.eclipse.core.resources 4 368 2018-03-19 08:47:30.655
!MESSAGE File not found: C:\Users\Blackc0650\Desktop\APCSA-P1\Labs\bin\labs\unit1\SmileyFace.class.

!ENTRY org.eclipse.jdt.core 4 4 2018-03-19 08:47:30.669
!MESSAGE JavaBuilder handling CoreException
!STACK 1
org.eclipse.core.internal.resources.ResourceException: File not found: C:\Users\Blackc0650\Desktop\APCSA-P1\Labs\bin\labs\unit10\Lab16e\Lab16e.class.
	at org.eclipse.core.internal.localstore.FileSystemResourceManager.read(FileSystemResourceManager.java:840)
	at org.eclipse.core.internal.resources.File.getContents(File.java:277)
	at org.eclipse.jdt.internal.core.util.Util.getResourceContentsAsByteArray(Util.java:1135)
	at org.eclipse.jdt.internal.core.builder.IncrementalImageBuilder.writeClassFileCheck(IncrementalImageBuilder.java:889)
	at org.eclipse.jdt.internal.core.builder.IncrementalImageBuilder.writeClassFileContents(IncrementalImageBuilder.java:831)
	at org.eclipse.jdt.internal.core.builder.AbstractImageBuilder.writeClassFile(AbstractImageBuilder.java:860)
	at org.eclipse.jdt.internal.core.builder.AbstractImageBuilder.acceptResult(AbstractImageBuilder.java:191)
	at org.eclipse.jdt.internal.compiler.Compiler.processCompiledUnits(Compiler.java:593)
	at org.eclipse.jdt.internal.compiler.Compiler.compile(Compiler.java:462)
	at org.eclipse.jdt.internal.compiler.Compiler.compile(Compiler.java:417)
	at org.eclipse.jdt.internal.core.builder.AbstractImageBuilder.compile(AbstractImageBuilder.java:368)
	at org.eclipse.jdt.internal.core.builder.IncrementalImageBuilder.compile(IncrementalImageBuilder.java:330)
	at org.eclipse.jdt.internal.core.builder.AbstractImageBuilder.compile(AbstractImageBuilder.java:305)
	at org.eclipse.jdt.internal.core.builder.IncrementalImageBuilder.build(IncrementalImageBuilder.java:135)
	at org.eclipse.jdt.internal.core.builder.JavaBuilder.buildDeltas(JavaBuilder.java:267)
	at org.eclipse.jdt.internal.core.builder.JavaBuilder.build(JavaBuilder.java:195)
	at org.eclipse.core.internal.events.BuildManager$2.run(BuildManager.java:735)
	at org.eclipse.core.runtime.SafeRunner.run(SafeRunner.java:42)
	at org.eclipse.core.internal.events.BuildManager.basicBuild(BuildManager.java:206)
	at org.eclipse.core.internal.events.BuildManager.basicBuild(BuildManager.java:246)
	at org.eclipse.core.internal.events.BuildManager$1.run(BuildManager.java:301)
	at org.eclipse.core.runtime.SafeRunner.run(SafeRunner.java:42)
	at org.eclipse.core.internal.events.BuildManager.basicBuild(BuildManager.java:304)
	at org.eclipse.core.internal.events.BuildManager.basicBuildLoop(BuildManager.java:360)
	at org.eclipse.core.internal.events.BuildManager.build(BuildManager.java:383)
	at org.eclipse.core.internal.events.AutoBuildJob.doBuild(AutoBuildJob.java:144)
	at org.eclipse.core.internal.events.AutoBuildJob.run(AutoBuildJob.java:235)
	at org.eclipse.core.internal.jobs.Worker.run(Worker.java:55)
!SUBENTRY 1 org.eclipse.core.resources 4 368 2018-03-19 08:47:30.669
!MESSAGE File not found: C:\Users\Blackc0650\Desktop\APCSA-P1\Labs\bin\labs\unit10\Lab16e\Lab16e.class.

!ENTRY org.eclipse.jdt.core 4 4 2018-03-19 08:47:30.671
!MESSAGE JavaBuilder handling CoreException
!STACK 1
org.eclipse.core.internal.resources.ResourceException: File not found: C:\Users\Blackc0650\Desktop\APCSA-P1\Labs\bin\labs\unit11\GradeBookFileRunner.class.
	at org.eclipse.core.internal.localstore.FileSystemResourceManager.read(FileSystemResourceManager.java:840)
	at org.eclipse.core.internal.resources.File.getContents(File.java:277)
	at org.eclipse.jdt.internal.core.util.Util.getResourceContentsAsByteArray(Util.java:1135)
	at org.eclipse.jdt.internal.core.builder.IncrementalImageBuilder.writeClassFileCheck(IncrementalImageBuilder.java:889)
	at org.eclipse.jdt.internal.core.builder.IncrementalImageBuilder.writeClassFileContents(IncrementalImageBuilder.java:831)
	at org.eclipse.jdt.internal.core.builder.AbstractImageBuilder.writeClassFile(AbstractImageBuilder.java:860)
	at org.eclipse.jdt.internal.core.builder.AbstractImageBuilder.acceptResult(AbstractImageBuilder.java:191)
	at org.eclipse.jdt.internal.compiler.Compiler.processCompiledUnits(Compiler.java:593)
	at org.eclipse.jdt.internal.compiler.Compiler.compile(Compiler.java:462)
	at org.eclipse.jdt.internal.compiler.Compiler.compile(Compiler.java:417)
	at org.eclipse.jdt.internal.core.builder.AbstractImageBuilder.compile(AbstractImageBuilder.java:368)
	at org.eclipse.jdt.internal.core.builder.IncrementalImageBuilder.compile(IncrementalImageBuilder.java:330)
	at org.eclipse.jdt.internal.core.builder.AbstractImageBuilder.compile(AbstractImageBuilder.java:305)
	at org.eclipse.jdt.internal.core.builder.IncrementalImageBuilder.build(IncrementalImageBuilder.java:135)
	at org.eclipse.jdt.internal.core.builder.JavaBuilder.buildDeltas(JavaBuilder.java:267)
	at org.eclipse.jdt.internal.core.builder.JavaBuilder.build(JavaBuilder.java:195)
	at org.eclipse.core.internal.events.BuildManager$2.run(BuildManager.java:735)
	at org.eclipse.core.runtime.SafeRunner.run(SafeRunner.java:42)
	at org.eclipse.core.internal.events.BuildManager.basicBuild(BuildManager.java:206)
	at org.eclipse.core.internal.events.BuildManager.basicBuild(BuildManager.java:246)
	at org.eclipse.core.internal.events.BuildManager$1.run(BuildManager.java:301)
	at org.eclipse.core.runtime.SafeRunner.run(SafeRunner.java:42)
	at org.eclipse.core.internal.events.BuildManager.basicBuild(BuildManager.java:304)
	at org.eclipse.core.internal.events.BuildManager.basicBuildLoop(BuildManager.java:360)
	at org.eclipse.core.internal.events.BuildManager.build(BuildManager.java:383)
	at org.eclipse.core.internal.events.AutoBuildJob.doBuild(AutoBuildJob.java:144)
	at org.eclipse.core.internal.events.AutoBuildJob.run(AutoBuildJob.java:235)
	at org.eclipse.core.internal.jobs.Worker.run(Worker.java:55)
!SUBENTRY 1 org.eclipse.core.resources 4 368 2018-03-19 08:47:30.671
!MESSAGE File not found: C:\Users\Blackc0650\Desktop\APCSA-P1\Labs\bin\labs\unit11\GradeBookFileRunner.class.

!ENTRY org.eclipse.jdt.core 4 4 2018-03-19 08:47:30.674
!MESSAGE JavaBuilder handling CoreException
!STACK 1
org.eclipse.core.internal.resources.ResourceException: File not found: C:\Users\Blackc0650\Desktop\APCSA-P1\Labs\bin\labs\unit11\GradesTester.class.
	at org.eclipse.core.internal.localstore.FileSystemResourceManager.read(FileSystemResourceManager.java:840)
	at org.eclipse.core.internal.resources.File.getContents(File.java:277)
	at org.eclipse.jdt.internal.core.util.Util.getResourceContentsAsByteArray(Util.java:1135)
	at org.eclipse.jdt.internal.core.builder.IncrementalImageBuilder.writeClassFileCheck(IncrementalImageBuilder.java:889)
	at org.eclipse.jdt.internal.core.builder.IncrementalImageBuilder.writeClassFileContents(IncrementalImageBuilder.java:831)
	at org.eclipse.jdt.internal.core.builder.AbstractImageBuilder.writeClassFile(AbstractImageBuilder.java:860)
	at org.eclipse.jdt.internal.core.builder.AbstractImageBuilder.acceptResult(AbstractImageBuilder.java:191)
	at org.eclipse.jdt.internal.compiler.Compiler.processCompiledUnits(Compiler.java:593)
	at org.eclipse.jdt.internal.compiler.Compiler.compile(Compiler.java:462)
	at org.eclipse.jdt.internal.compiler.Compiler.compile(Compiler.java:417)
	at org.eclipse.jdt.internal.core.builder.AbstractImageBuilder.compile(AbstractImageBuilder.java:368)
	at org.eclipse.jdt.internal.core.builder.IncrementalImageBuilder.compile(IncrementalImageBuilder.java:330)
	at org.eclipse.jdt.internal.core.builder.AbstractImageBuilder.compile(AbstractImageBuilder.java:305)
	at org.eclipse.jdt.internal.core.builder.IncrementalImageBuilder.build(IncrementalImageBuilder.java:135)
	at org.eclipse.jdt.internal.core.builder.JavaBuilder.buildDeltas(JavaBuilder.java:267)
	at org.eclipse.jdt.internal.core.builder.JavaBuilder.build(JavaBuilder.java:195)
	at org.eclipse.core.internal.events.BuildManager$2.run(BuildManager.java:735)
	at org.eclipse.core.runtime.SafeRunner.run(SafeRunner.java:42)
	at org.eclipse.core.internal.events.BuildManager.basicBuild(BuildManager.java:206)
	at org.eclipse.core.internal.events.BuildManager.basicBuild(BuildManager.java:246)
	at org.eclipse.core.internal.events.BuildManager$1.run(BuildManager.java:301)
	at org.eclipse.core.runtime.SafeRunner.run(SafeRunner.java:42)
	at org.eclipse.core.internal.events.BuildManager.basicBuild(BuildManager.java:304)
	at org.eclipse.core.internal.events.BuildManager.basicBuildLoop(BuildManager.java:360)
	at org.eclipse.core.internal.events.BuildManager.build(BuildManager.java:383)
	at org.eclipse.core.internal.events.AutoBuildJob.doBuild(AutoBuildJob.java:144)
	at org.eclipse.core.internal.events.AutoBuildJob.run(AutoBuildJob.java:235)
	at org.eclipse.core.internal.jobs.Worker.run(Worker.java:55)
!SUBENTRY 1 org.eclipse.core.resources 4 368 2018-03-19 08:47:30.674
!MESSAGE File not found: C:\Users\Blackc0650\Desktop\APCSA-P1\Labs\bin\labs\unit11\GradesTester.class.

!ENTRY org.eclipse.jdt.core 4 4 2018-03-19 08:47:30.676
!MESSAGE JavaBuilder handling CoreException
!STACK 1
org.eclipse.core.internal.resources.ResourceException: File not found: C:\Users\Blackc0650\Desktop\APCSA-P1\Labs\bin\labs\unit11\Student.class.
	at org.eclipse.core.internal.localstore.FileSystemResourceManager.read(FileSystemResourceManager.java:840)
	at org.eclipse.core.internal.resources.File.getContents(File.java:277)
	at org.eclipse.jdt.internal.core.util.Util.getResourceContentsAsByteArray(Util.java:1135)
	at org.eclipse.jdt.internal.core.builder.IncrementalImageBuilder.writeClassFileCheck(IncrementalImageBuilder.java:889)
	at org.eclipse.jdt.internal.core.builder.IncrementalImageBuilder.writeClassFileContents(IncrementalImageBuilder.java:831)
	at org.eclipse.jdt.internal.core.builder.AbstractImageBuilder.writeClassFile(AbstractImageBuilder.java:860)
	at org.eclipse.jdt.internal.core.builder.AbstractImageBuilder.acceptResult(AbstractImageBuilder.java:191)
	at org.eclipse.jdt.internal.compiler.Compiler.processCompiledUnits(Compiler.java:593)
	at org.eclipse.jdt.internal.compiler.Compiler.compile(Compiler.java:462)
	at org.eclipse.jdt.internal.compiler.Compiler.compile(Compiler.java:417)
	at org.eclipse.jdt.internal.core.builder.AbstractImageBuilder.compile(AbstractImageBuilder.java:368)
	at org.eclipse.jdt.internal.core.builder.IncrementalImageBuilder.compile(IncrementalImageBuilder.java:330)
	at org.eclipse.jdt.internal.core.builder.AbstractImageBuilder.compile(AbstractImageBuilder.java:305)
	at org.eclipse.jdt.internal.core.builder.IncrementalImageBuilder.build(IncrementalImageBuilder.java:135)
	at org.eclipse.jdt.internal.core.builder.JavaBuilder.buildDeltas(JavaBuilder.java:267)
	at org.eclipse.jdt.internal.core.builder.JavaBuilder.build(JavaBuilder.java:195)
	at org.eclipse.core.internal.events.BuildManager$2.run(BuildManager.java:735)
	at org.eclipse.core.runtime.SafeRunner.run(SafeRunner.java:42)
	at org.eclipse.core.internal.events.BuildManager.basicBuild(BuildManager.java:206)
	at org.eclipse.core.internal.events.BuildManager.basicBuild(BuildManager.java:246)
	at org.eclipse.core.internal.events.BuildManager$1.run(BuildManager.java:301)
	at org.eclipse.core.runtime.SafeRunner.run(SafeRunner.java:42)
	at org.eclipse.core.internal.events.BuildManager.basicBuild(BuildManager.java:304)
	at org.eclipse.core.internal.events.BuildManager.basicBuildLoop(BuildManager.java:360)
	at org.eclipse.core.internal.events.BuildManager.build(BuildManager.java:383)
	at org.eclipse.core.internal.events.AutoBuildJob.doBuild(AutoBuildJob.java:144)
	at org.eclipse.core.internal.events.AutoBuildJob.run(AutoBuildJob.java:235)
	at org.eclipse.core.internal.jobs.Worker.run(Worker.java:55)
!SUBENTRY 1 org.eclipse.core.resources 4 368 2018-03-19 08:47:30.677
!MESSAGE File not found: C:\Users\Blackc0650\Desktop\APCSA-P1\Labs\bin\labs\unit11\Student.class.

!ENTRY org.eclipse.jdt.core 4 4 2018-03-19 08:47:30.693
!MESSAGE JavaBuilder handling CoreException
!STACK 1
org.eclipse.core.internal.resources.ResourceException: File not found: C:\Users\Blackc0650\Desktop\APCSA-P1\Labs\bin\labs\unit12\lab18e\Lab18e.class.
	at org.eclipse.core.internal.localstore.FileSystemResourceManager.read(FileSystemResourceManager.java:840)
	at org.eclipse.core.internal.resources.File.getContents(File.java:277)
	at org.eclipse.jdt.internal.core.util.Util.getResourceContentsAsByteArray(Util.java:1135)
	at org.eclipse.jdt.internal.core.builder.IncrementalImageBuilder.writeClassFileCheck(IncrementalImageBuilder.java:889)
	at org.eclipse.jdt.internal.core.builder.IncrementalImageBuilder.writeClassFileContents(IncrementalImageBuilder.java:831)
	at org.eclipse.jdt.internal.core.builder.AbstractImageBuilder.writeClassFile(AbstractImageBuilder.java:860)
	at org.eclipse.jdt.internal.core.builder.AbstractImageBuilder.acceptResult(AbstractImageBuilder.java:191)
	at org.eclipse.jdt.internal.compiler.Compiler.processCompiledUnits(Compiler.java:593)
	at org.eclipse.jdt.internal.compiler.Compiler.compile(Compiler.java:462)
	at org.eclipse.jdt.internal.compiler.Compiler.compile(Compiler.java:417)
	at org.eclipse.jdt.internal.core.builder.AbstractImageBuilder.compile(AbstractImageBuilder.java:368)
	at org.eclipse.jdt.internal.core.builder.IncrementalImageBuilder.compile(IncrementalImageBuilder.java:330)
	at org.eclipse.jdt.internal.core.builder.AbstractImageBuilder.compile(AbstractImageBuilder.java:305)
	at org.eclipse.jdt.internal.core.builder.IncrementalImageBuilder.build(IncrementalImageBuilder.java:135)
	at org.eclipse.jdt.internal.core.builder.JavaBuilder.buildDeltas(JavaBuilder.java:267)
	at org.eclipse.jdt.internal.core.builder.JavaBuilder.build(JavaBuilder.java:195)
	at org.eclipse.core.internal.events.BuildManager$2.run(BuildManager.java:735)
	at org.eclipse.core.runtime.SafeRunner.run(SafeRunner.java:42)
	at org.eclipse.core.internal.events.BuildManager.basicBuild(BuildManager.java:206)
	at org.eclipse.core.internal.events.BuildManager.basicBuild(BuildManager.java:246)
	at org.eclipse.core.internal.events.BuildManager$1.run(BuildManager.java:301)
	at org.eclipse.core.runtime.SafeRunner.run(SafeRunner.java:42)
	at org.eclipse.core.internal.events.BuildManager.basicBuild(BuildManager.java:304)
	at org.eclipse.core.internal.events.BuildManager.basicBuildLoop(BuildManager.java:360)
	at org.eclipse.core.internal.events.BuildManager.build(BuildManager.java:383)
	at org.eclipse.core.internal.events.AutoBuildJob.doBuild(AutoBuildJob.java:144)
	at org.eclipse.core.internal.events.AutoBuildJob.run(AutoBuildJob.java:235)
	at org.eclipse.core.internal.jobs.Worker.run(Worker.java:55)
!SUBENTRY 1 org.eclipse.core.resources 4 368 2018-03-19 08:47:30.693
!MESSAGE File not found: C:\Users\Blackc0650\Desktop\APCSA-P1\Labs\bin\labs\unit12\lab18e\Lab18e.class.

!ENTRY org.eclipse.jdt.core 4 4 2018-03-19 08:47:30.694
!MESSAGE JavaBuilder handling CoreException
!STACK 1
org.eclipse.core.internal.resources.ResourceException: File not found: C:\Users\Blackc0650\Desktop\APCSA-P1\Labs\bin\labs\unit12\lab18e\Word.class.
	at org.eclipse.core.internal.localstore.FileSystemResourceManager.read(FileSystemResourceManager.java:840)
	at org.eclipse.core.internal.resources.File.getContents(File.java:277)
	at org.eclipse.jdt.internal.core.util.Util.getResourceContentsAsByteArray(Util.java:1135)
	at org.eclipse.jdt.internal.core.builder.IncrementalImageBuilder.writeClassFileCheck(IncrementalImageBuilder.java:889)
	at org.eclipse.jdt.internal.core.builder.IncrementalImageBuilder.writeClassFileContents(IncrementalImageBuilder.java:831)
	at org.eclipse.jdt.internal.core.builder.AbstractImageBuilder.writeClassFile(AbstractImageBuilder.java:860)
	at org.eclipse.jdt.internal.core.builder.AbstractImageBuilder.acceptResult(AbstractImageBuilder.java:191)
	at org.eclipse.jdt.internal.compiler.Compiler.processCompiledUnits(Compiler.java:593)
	at org.eclipse.jdt.internal.compiler.Compiler.compile(Compiler.java:462)
	at org.eclipse.jdt.internal.compiler.Compiler.compile(Compiler.java:417)
	at org.eclipse.jdt.internal.core.builder.AbstractImageBuilder.compile(AbstractImageBuilder.java:368)
	at org.eclipse.jdt.internal.core.builder.IncrementalImageBuilder.compile(IncrementalImageBuilder.java:330)
	at org.eclipse.jdt.internal.core.builder.AbstractImageBuilder.compile(AbstractImageBuilder.java:305)
	at org.eclipse.jdt.internal.core.builder.IncrementalImageBuilder.build(IncrementalImageBuilder.java:135)
	at org.eclipse.jdt.internal.core.builder.JavaBuilder.buildDeltas(JavaBuilder.java:267)
	at org.eclipse.jdt.internal.core.builder.JavaBuilder.build(JavaBuilder.java:195)
	at org.eclipse.core.internal.events.BuildManager$2.run(BuildManager.java:735)
	at org.eclipse.core.runtime.SafeRunner.run(SafeRunner.java:42)
	at org.eclipse.core.internal.events.BuildManager.basicBuild(BuildManager.java:206)
	at org.eclipse.core.internal.events.BuildManager.basicBuild(BuildManager.java:246)
	at org.eclipse.core.internal.events.BuildManager$1.run(BuildManager.java:301)
	at org.eclipse.core.runtime.SafeRunner.run(SafeRunner.java:42)
	at org.eclipse.core.internal.events.BuildManager.basicBuild(BuildManager.java:304)
	at org.eclipse.core.internal.events.BuildManager.basicBuildLoop(BuildManager.java:360)
	at org.eclipse.core.internal.events.BuildManager.build(BuildManager.java:383)
	at org.eclipse.core.internal.events.AutoBuildJob.doBuild(AutoBuildJob.java:144)
	at org.eclipse.core.internal.events.AutoBuildJob.run(AutoBuildJob.java:235)
	at org.eclipse.core.internal.jobs.Worker.run(Worker.java:55)
!SUBENTRY 1 org.eclipse.core.resources 4 368 2018-03-19 08:47:30.695
!MESSAGE File not found: C:\Users\Blackc0650\Desktop\APCSA-P1\Labs\bin\labs\unit12\lab18e\Word.class.

!ENTRY org.eclipse.jdt.core 4 4 2018-03-19 08:47:30.695
!MESSAGE JavaBuilder handling CoreException
!STACK 1
org.eclipse.core.internal.resources.ResourceException: File not found: C:\Users\Blackc0650\Desktop\APCSA-P1\Labs\bin\labs\unit2\Lab02e.class.
	at org.eclipse.core.internal.localstore.FileSystemResourceManager.read(FileSystemResourceManager.java:840)
	at org.eclipse.core.internal.resources.File.getContents(File.java:277)
	at org.eclipse.jdt.internal.core.util.Util.getResourceContentsAsByteArray(Util.java:1135)
	at org.eclipse.jdt.internal.core.builder.IncrementalImageBuilder.writeClassFileCheck(IncrementalImageBuilder.java:889)
	at org.eclipse.jdt.internal.core.builder.IncrementalImageBuilder.writeClassFileContents(IncrementalImageBuilder.java:831)
	at org.eclipse.jdt.internal.core.builder.AbstractImageBuilder.writeClassFile(AbstractImageBuilder.java:860)
	at org.eclipse.jdt.internal.core.builder.AbstractImageBuilder.acceptResult(AbstractImageBuilder.java:191)
	at org.eclipse.jdt.internal.compiler.Compiler.processCompiledUnits(Compiler.java:593)
	at org.eclipse.jdt.internal.compiler.Compiler.compile(Compiler.java:462)
	at org.eclipse.jdt.internal.compiler.Compiler.compile(Compiler.java:417)
	at org.eclipse.jdt.internal.core.builder.AbstractImageBuilder.compile(AbstractImageBuilder.java:368)
	at org.eclipse.jdt.internal.core.builder.IncrementalImageBuilder.compile(IncrementalImageBuilder.java:330)
	at org.eclipse.jdt.internal.core.builder.AbstractImageBuilder.compile(AbstractImageBuilder.java:305)
	at org.eclipse.jdt.internal.core.builder.IncrementalImageBuilder.build(IncrementalImageBuilder.java:135)
	at org.eclipse.jdt.internal.core.builder.JavaBuilder.buildDeltas(JavaBuilder.java:267)
	at org.eclipse.jdt.internal.core.builder.JavaBuilder.build(JavaBuilder.java:195)
	at org.eclipse.core.internal.events.BuildManager$2.run(BuildManager.java:735)
	at org.eclipse.core.runtime.SafeRunner.run(SafeRunner.java:42)
	at org.eclipse.core.internal.events.BuildManager.basicBuild(BuildManager.java:206)
	at org.eclipse.core.internal.events.BuildManager.basicBuild(BuildManager.java:246)
	at org.eclipse.core.internal.events.BuildManager$1.run(BuildManager.java:301)
	at org.eclipse.core.runtime.SafeRunner.run(SafeRunner.java:42)
	at org.eclipse.core.internal.events.BuildManager.basicBuild(BuildManager.java:304)
	at org.eclipse.core.internal.events.BuildManager.basicBuildLoop(BuildManager.java:360)
	at org.eclipse.core.internal.events.BuildManager.build(BuildManager.java:383)
	at org.eclipse.core.internal.events.AutoBuildJob.doBuild(AutoBuildJob.java:144)
	at org.eclipse.core.internal.events.AutoBuildJob.run(AutoBuildJob.java:235)
	at org.eclipse.core.internal.jobs.Worker.run(Worker.java:55)
!SUBENTRY 1 org.eclipse.core.resources 4 368 2018-03-19 08:47:30.696
!MESSAGE File not found: C:\Users\Blackc0650\Desktop\APCSA-P1\Labs\bin\labs\unit2\Lab02e.class.

!ENTRY org.eclipse.jdt.core 4 4 2018-03-19 08:47:30.697
!MESSAGE JavaBuilder handling CoreException
!STACK 1
org.eclipse.core.internal.resources.ResourceException: File not found: C:\Users\Blackc0650\Desktop\APCSA-P1\Labs\bin\labs\unit2\Lab02f.class.
	at org.eclipse.core.internal.localstore.FileSystemResourceManager.read(FileSystemResourceManager.java:840)
	at org.eclipse.core.internal.resources.File.getContents(File.java:277)
	at org.eclipse.jdt.internal.core.util.Util.getResourceContentsAsByteArray(Util.java:1135)
	at org.eclipse.jdt.internal.core.builder.IncrementalImageBuilder.writeClassFileCheck(IncrementalImageBuilder.java:889)
	at org.eclipse.jdt.internal.core.builder.IncrementalImageBuilder.writeClassFileContents(IncrementalImageBuilder.java:831)
	at org.eclipse.jdt.internal.core.builder.AbstractImageBuilder.writeClassFile(AbstractImageBuilder.java:860)
	at org.eclipse.jdt.internal.core.builder.AbstractImageBuilder.acceptResult(AbstractImageBuilder.java:191)
	at org.eclipse.jdt.internal.compiler.Compiler.processCompiledUnits(Compiler.java:593)
	at org.eclipse.jdt.internal.compiler.Compiler.compile(Compiler.java:462)
	at org.eclipse.jdt.internal.compiler.Compiler.compile(Compiler.java:417)
	at org.eclipse.jdt.internal.core.builder.AbstractImageBuilder.compile(AbstractImageBuilder.java:368)
	at org.eclipse.jdt.internal.core.builder.IncrementalImageBuilder.compile(IncrementalImageBuilder.java:330)
	at org.eclipse.jdt.internal.core.builder.AbstractImageBuilder.compile(AbstractImageBuilder.java:305)
	at org.eclipse.jdt.internal.core.builder.IncrementalImageBuilder.build(IncrementalImageBuilder.java:135)
	at org.eclipse.jdt.internal.core.builder.JavaBuilder.buildDeltas(JavaBuilder.java:267)
	at org.eclipse.jdt.internal.core.builder.JavaBuilder.build(JavaBuilder.java:195)
	at org.eclipse.core.internal.events.BuildManager$2.run(BuildManager.java:735)
	at org.eclipse.core.runtime.SafeRunner.run(SafeRunner.java:42)
	at org.eclipse.core.internal.events.BuildManager.basicBuild(BuildManager.java:206)
	at org.eclipse.core.internal.events.BuildManager.basicBuild(BuildManager.java:246)
	at org.eclipse.core.internal.events.BuildManager$1.run(BuildManager.java:301)
	at org.eclipse.core.runtime.SafeRunner.run(SafeRunner.java:42)
	at org.eclipse.core.internal.events.BuildManager.basicBuild(BuildManager.java:304)
	at org.eclipse.core.internal.events.BuildManager.basicBuildLoop(BuildManager.java:360)
	at org.eclipse.core.internal.events.BuildManager.build(BuildManager.java:383)
	at org.eclipse.core.internal.events.AutoBuildJob.doBuild(AutoBuildJob.java:144)
	at org.eclipse.core.internal.events.AutoBuildJob.run(AutoBuildJob.java:235)
	at org.eclipse.core.internal.jobs.Worker.run(Worker.java:55)
!SUBENTRY 1 org.eclipse.core.resources 4 368 2018-03-19 08:47:30.697
!MESSAGE File not found: C:\Users\Blackc0650\Desktop\APCSA-P1\Labs\bin\labs\unit2\Lab02f.class.

!ENTRY org.eclipse.jdt.core 4 4 2018-03-19 08:47:30.704
!MESSAGE JavaBuilder handling CoreException
!STACK 1
org.eclipse.core.internal.resources.ResourceException: File not found: C:\Users\Blackc0650\Desktop\APCSA-P1\Labs\bin\labs\unit6\Lab08i.class.
	at org.eclipse.core.internal.localstore.FileSystemResourceManager.read(FileSystemResourceManager.java:840)
	at org.eclipse.core.internal.resources.File.getContents(File.java:277)
	at org.eclipse.jdt.internal.core.util.Util.getResourceContentsAsByteArray(Util.java:1135)
	at org.eclipse.jdt.internal.core.builder.IncrementalImageBuilder.writeClassFileCheck(IncrementalImageBuilder.java:889)
	at org.eclipse.jdt.internal.core.builder.IncrementalImageBuilder.writeClassFileContents(IncrementalImageBuilder.java:831)
	at org.eclipse.jdt.internal.core.builder.AbstractImageBuilder.writeClassFile(AbstractImageBuilder.java:860)
	at org.eclipse.jdt.internal.core.builder.AbstractImageBuilder.acceptResult(AbstractImageBuilder.java:191)
	at org.eclipse.jdt.internal.compiler.Compiler.processCompiledUnits(Compiler.java:593)
	at org.eclipse.jdt.internal.compiler.Compiler.compile(Compiler.java:462)
	at org.eclipse.jdt.internal.compiler.Compiler.compile(Compiler.java:417)
	at org.eclipse.jdt.internal.core.builder.AbstractImageBuilder.compile(AbstractImageBuilder.java:368)
	at org.eclipse.jdt.internal.core.builder.IncrementalImageBuilder.compile(IncrementalImageBuilder.java:330)
	at org.eclipse.jdt.internal.core.builder.AbstractImageBuilder.compile(AbstractImageBuilder.java:305)
	at org.eclipse.jdt.internal.core.builder.IncrementalImageBuilder.build(IncrementalImageBuilder.java:135)
	at org.eclipse.jdt.internal.core.builder.JavaBuilder.buildDeltas(JavaBuilder.java:267)
	at org.eclipse.jdt.internal.core.builder.JavaBuilder.build(JavaBuilder.java:195)
	at org.eclipse.core.internal.events.BuildManager$2.run(BuildManager.java:735)
	at org.eclipse.core.runtime.SafeRunner.run(SafeRunner.java:42)
	at org.eclipse.core.internal.events.BuildManager.basicBuild(BuildManager.java:206)
	at org.eclipse.core.internal.events.BuildManager.basicBuild(BuildManager.java:246)
	at org.eclipse.core.internal.events.BuildManager$1.run(BuildManager.java:301)
	at org.eclipse.core.runtime.SafeRunner.run(SafeRunner.java:42)
	at org.eclipse.core.internal.events.BuildManager.basicBuild(BuildManager.java:304)
	at org.eclipse.core.internal.events.BuildManager.basicBuildLoop(BuildManager.java:360)
	at org.eclipse.core.internal.events.BuildManager.build(BuildManager.java:383)
	at org.eclipse.core.internal.events.AutoBuildJob.doBuild(AutoBuildJob.java:144)
	at org.eclipse.core.internal.events.AutoBuildJob.run(AutoBuildJob.java:235)
	at org.eclipse.core.internal.jobs.Worker.run(Worker.java:55)
!SUBENTRY 1 org.eclipse.core.resources 4 368 2018-03-19 08:47:30.705
!MESSAGE File not found: C:\Users\Blackc0650\Desktop\APCSA-P1\Labs\bin\labs\unit6\Lab08i.class.

!ENTRY org.eclipse.jdt.core 4 4 2018-03-19 08:47:30.706
!MESSAGE JavaBuilder handling CoreException
!STACK 1
org.eclipse.core.internal.resources.ResourceException: File not found: C:\Users\Blackc0650\Desktop\APCSA-P1\Labs\bin\labs\unit6\Lab09f.class.
	at org.eclipse.core.internal.localstore.FileSystemResourceManager.read(FileSystemResourceManager.java:840)
	at org.eclipse.core.internal.resources.File.getContents(File.java:277)
	at org.eclipse.jdt.internal.core.util.Util.getResourceContentsAsByteArray(Util.java:1135)
	at org.eclipse.jdt.internal.core.builder.IncrementalImageBuilder.writeClassFileCheck(IncrementalImageBuilder.java:889)
	at org.eclipse.jdt.internal.core.builder.IncrementalImageBuilder.writeClassFileContents(IncrementalImageBuilder.java:831)
	at org.eclipse.jdt.internal.core.builder.AbstractImageBuilder.writeClassFile(AbstractImageBuilder.java:860)
	at org.eclipse.jdt.internal.core.builder.AbstractImageBuilder.acceptResult(AbstractImageBuilder.java:191)
	at org.eclipse.jdt.internal.compiler.Compiler.processCompiledUnits(Compiler.java:593)
	at org.eclipse.jdt.internal.compiler.Compiler.compile(Compiler.java:462)
	at org.eclipse.jdt.internal.compiler.Compiler.compile(Compiler.java:417)
	at org.eclipse.jdt.internal.core.builder.AbstractImageBuilder.compile(AbstractImageBuilder.java:368)
	at org.eclipse.jdt.internal.core.builder.IncrementalImageBuilder.compile(IncrementalImageBuilder.java:330)
	at org.eclipse.jdt.internal.core.builder.AbstractImageBuilder.compile(AbstractImageBuilder.java:305)
	at org.eclipse.jdt.internal.core.builder.IncrementalImageBuilder.build(IncrementalImageBuilder.java:135)
	at org.eclipse.jdt.internal.core.builder.JavaBuilder.buildDeltas(JavaBuilder.java:267)
	at org.eclipse.jdt.internal.core.builder.JavaBuilder.build(JavaBuilder.java:195)
	at org.eclipse.core.internal.events.BuildManager$2.run(BuildManager.java:735)
	at org.eclipse.core.runtime.SafeRunner.run(SafeRunner.java:42)
	at org.eclipse.core.internal.events.BuildManager.basicBuild(BuildManager.java:206)
	at org.eclipse.core.internal.events.BuildManager.basicBuild(BuildManager.java:246)
	at org.eclipse.core.internal.events.BuildManager$1.run(BuildManager.java:301)
	at org.eclipse.core.runtime.SafeRunner.run(SafeRunner.java:42)
	at org.eclipse.core.internal.events.BuildManager.basicBuild(BuildManager.java:304)
	at org.eclipse.core.internal.events.BuildManager.basicBuildLoop(BuildManager.java:360)
	at org.eclipse.core.internal.events.BuildManager.build(BuildManager.java:383)
	at org.eclipse.core.internal.events.AutoBuildJob.doBuild(AutoBuildJob.java:144)
	at org.eclipse.core.internal.events.AutoBuildJob.run(AutoBuildJob.java:235)
	at org.eclipse.core.internal.jobs.Worker.run(Worker.java:55)
!SUBENTRY 1 org.eclipse.core.resources 4 368 2018-03-19 08:47:30.737
!MESSAGE File not found: C:\Users\Blackc0650\Desktop\APCSA-P1\Labs\bin\labs\unit6\Lab09f.class.

!ENTRY org.eclipse.jdt.core 4 4 2018-03-19 08:47:30.738
!MESSAGE JavaBuilder handling CoreException
!STACK 1
org.eclipse.core.internal.resources.ResourceException: File not found: C:\Users\Blackc0650\Desktop\APCSA-P1\Labs\bin\labs\unit6\LetterRemover.class.
	at org.eclipse.core.internal.localstore.FileSystemResourceManager.read(FileSystemResourceManager.java:840)
	at org.eclipse.core.internal.resources.File.getContents(File.java:277)
	at org.eclipse.jdt.internal.core.util.Util.getResourceContentsAsByteArray(Util.java:1135)
	at org.eclipse.jdt.internal.core.builder.IncrementalImageBuilder.writeClassFileCheck(IncrementalImageBuilder.java:889)
	at org.eclipse.jdt.internal.core.builder.IncrementalImageBuilder.writeClassFileContents(IncrementalImageBuilder.java:831)
	at org.eclipse.jdt.internal.core.builder.AbstractImageBuilder.writeClassFile(AbstractImageBuilder.java:860)
	at org.eclipse.jdt.internal.core.builder.AbstractImageBuilder.acceptResult(AbstractImageBuilder.java:191)
	at org.eclipse.jdt.internal.compiler.Compiler.processCompiledUnits(Compiler.java:593)
	at org.eclipse.jdt.internal.compiler.Compiler.compile(Compiler.java:462)
	at org.eclipse.jdt.internal.compiler.Compiler.compile(Compiler.java:417)
	at org.eclipse.jdt.internal.core.builder.AbstractImageBuilder.compile(AbstractImageBuilder.java:368)
	at org.eclipse.jdt.internal.core.builder.IncrementalImageBuilder.compile(IncrementalImageBuilder.java:330)
	at org.eclipse.jdt.internal.core.builder.AbstractImageBuilder.compile(AbstractImageBuilder.java:305)
	at org.eclipse.jdt.internal.core.builder.IncrementalImageBuilder.build(IncrementalImageBuilder.java:135)
	at org.eclipse.jdt.internal.core.builder.JavaBuilder.buildDeltas(JavaBuilder.java:267)
	at org.eclipse.jdt.internal.core.builder.JavaBuilder.build(JavaBuilder.java:195)
	at org.eclipse.core.internal.events.BuildManager$2.run(BuildManager.java:735)
	at org.eclipse.core.runtime.SafeRunner.run(SafeRunner.java:42)
	at org.eclipse.core.internal.events.BuildManager.basicBuild(BuildManager.java:206)
	at org.eclipse.core.internal.events.BuildManager.basicBuild(BuildManager.java:246)
	at org.eclipse.core.internal.events.BuildManager$1.run(BuildManager.java:301)
	at org.eclipse.core.runtime.SafeRunner.run(SafeRunner.java:42)
	at org.eclipse.core.internal.events.BuildManager.basicBuild(BuildManager.java:304)
	at org.eclipse.core.internal.events.BuildManager.basicBuildLoop(BuildManager.java:360)
	at org.eclipse.core.internal.events.BuildManager.build(BuildManager.java:383)
	at org.eclipse.core.internal.events.AutoBuildJob.doBuild(AutoBuildJob.java:144)
	at org.eclipse.core.internal.events.AutoBuildJob.run(AutoBuildJob.java:235)
	at org.eclipse.core.internal.jobs.Worker.run(Worker.java:55)
!SUBENTRY 1 org.eclipse.core.resources 4 368 2018-03-19 08:47:30.738
!MESSAGE File not found: C:\Users\Blackc0650\Desktop\APCSA-P1\Labs\bin\labs\unit6\LetterRemover.class.

!ENTRY org.eclipse.jdt.core 4 4 2018-03-19 08:47:30.740
!MESSAGE JavaBuilder handling CoreException
!STACK 1
org.eclipse.core.internal.resources.ResourceException: File not found: C:\Users\Blackc0650\Desktop\APCSA-P1\Labs\bin\labs\unit7\GuessingGame.class.
	at org.eclipse.core.internal.localstore.FileSystemResourceManager.read(FileSystemResourceManager.java:840)
	at org.eclipse.core.internal.resources.File.getContents(File.java:277)
	at org.eclipse.jdt.internal.core.util.Util.getResourceContentsAsByteArray(Util.java:1135)
	at org.eclipse.jdt.internal.core.builder.IncrementalImageBuilder.writeClassFileCheck(IncrementalImageBuilder.java:889)
	at org.eclipse.jdt.internal.core.builder.IncrementalImageBuilder.writeClassFileContents(IncrementalImageBuilder.java:831)
	at org.eclipse.jdt.internal.core.builder.AbstractImageBuilder.writeClassFile(AbstractImageBuilder.java:860)
	at org.eclipse.jdt.internal.core.builder.AbstractImageBuilder.acceptResult(AbstractImageBuilder.java:191)
	at org.eclipse.jdt.internal.compiler.Compiler.processCompiledUnits(Compiler.java:593)
	at org.eclipse.jdt.internal.compiler.Compiler.compile(Compiler.java:462)
	at org.eclipse.jdt.internal.compiler.Compiler.compile(Compiler.java:417)
	at org.eclipse.jdt.internal.core.builder.AbstractImageBuilder.compile(AbstractImageBuilder.java:368)
	at org.eclipse.jdt.internal.core.builder.IncrementalImageBuilder.compile(IncrementalImageBuilder.java:330)
	at org.eclipse.jdt.internal.core.builder.AbstractImageBuilder.compile(AbstractImageBuilder.java:305)
	at org.eclipse.jdt.internal.core.builder.IncrementalImageBuilder.build(IncrementalImageBuilder.java:135)
	at org.eclipse.jdt.internal.core.builder.JavaBuilder.buildDeltas(JavaBuilder.java:267)
	at org.eclipse.jdt.internal.core.builder.JavaBuilder.build(JavaBuilder.java:195)
	at org.eclipse.core.internal.events.BuildManager$2.run(BuildManager.java:735)
	at org.eclipse.core.runtime.SafeRunner.run(SafeRunner.java:42)
	at org.eclipse.core.internal.events.BuildManager.basicBuild(BuildManager.java:206)
	at org.eclipse.core.internal.events.BuildManager.basicBuild(BuildManager.java:246)
	at org.eclipse.core.internal.events.BuildManager$1.run(BuildManager.java:301)
	at org.eclipse.core.runtime.SafeRunner.run(SafeRunner.java:42)
	at org.eclipse.core.internal.events.BuildManager.basicBuild(BuildManager.java:304)
	at org.eclipse.core.internal.events.BuildManager.basicBuildLoop(BuildManager.java:360)
	at org.eclipse.core.internal.events.BuildManager.build(BuildManager.java:383)
	at org.eclipse.core.internal.events.AutoBuildJob.doBuild(AutoBuildJob.java:144)
	at org.eclipse.core.internal.events.AutoBuildJob.run(AutoBuildJob.java:235)
	at org.eclipse.core.internal.jobs.Worker.run(Worker.java:55)
!SUBENTRY 1 org.eclipse.core.resources 4 368 2018-03-19 08:47:30.740
!MESSAGE File not found: C:\Users\Blackc0650\Desktop\APCSA-P1\Labs\bin\labs\unit7\GuessingGame.class.

!ENTRY org.eclipse.jdt.core 4 4 2018-03-19 08:47:30.741
!MESSAGE JavaBuilder handling CoreException
!STACK 1
org.eclipse.core.internal.resources.ResourceException: File not found: C:\Users\Blackc0650\Desktop\APCSA-P1\Labs\bin\labs\unit7\Magpie4.class.
	at org.eclipse.core.internal.localstore.FileSystemResourceManager.read(FileSystemResourceManager.java:840)
	at org.eclipse.core.internal.resources.File.getContents(File.java:277)
	at org.eclipse.jdt.internal.core.util.Util.getResourceContentsAsByteArray(Util.java:1135)
	at org.eclipse.jdt.internal.core.builder.IncrementalImageBuilder.writeClassFileCheck(IncrementalImageBuilder.java:889)
	at org.eclipse.jdt.internal.core.builder.IncrementalImageBuilder.writeClassFileContents(IncrementalImageBuilder.java:831)
	at org.eclipse.jdt.internal.core.builder.AbstractImageBuilder.writeClassFile(AbstractImageBuilder.java:860)
	at org.eclipse.jdt.internal.core.builder.AbstractImageBuilder.acceptResult(AbstractImageBuilder.java:191)
	at org.eclipse.jdt.internal.compiler.Compiler.processCompiledUnits(Compiler.java:593)
	at org.eclipse.jdt.internal.compiler.Compiler.compile(Compiler.java:462)
	at org.eclipse.jdt.internal.compiler.Compiler.compile(Compiler.java:417)
	at org.eclipse.jdt.internal.core.builder.AbstractImageBuilder.compile(AbstractImageBuilder.java:368)
	at org.eclipse.jdt.internal.core.builder.IncrementalImageBuilder.compile(IncrementalImageBuilder.java:330)
	at org.eclipse.jdt.internal.core.builder.AbstractImageBuilder.compile(AbstractImageBuilder.java:305)
	at org.eclipse.jdt.internal.core.builder.IncrementalImageBuilder.build(IncrementalImageBuilder.java:135)
	at org.eclipse.jdt.internal.core.builder.JavaBuilder.buildDeltas(JavaBuilder.java:267)
	at org.eclipse.jdt.internal.core.builder.JavaBuilder.build(JavaBuilder.java:195)
	at org.eclipse.core.internal.events.BuildManager$2.run(BuildManager.java:735)
	at org.eclipse.core.runtime.SafeRunner.run(SafeRunner.java:42)
	at org.eclipse.core.internal.events.BuildManager.basicBuild(BuildManager.java:206)
	at org.eclipse.core.internal.events.BuildManager.basicBuild(BuildManager.java:246)
	at org.eclipse.core.internal.events.BuildManager$1.run(BuildManager.java:301)
	at org.eclipse.core.runtime.SafeRunner.run(SafeRunner.java:42)
	at org.eclipse.core.internal.events.BuildManager.basicBuild(BuildManager.java:304)
	at org.eclipse.core.internal.events.BuildManager.basicBuildLoop(BuildManager.java:360)
	at org.eclipse.core.internal.events.BuildManager.build(BuildManager.java:383)
	at org.eclipse.core.internal.events.AutoBuildJob.doBuild(AutoBuildJob.java:144)
	at org.eclipse.core.internal.events.AutoBuildJob.run(AutoBuildJob.java:235)
	at org.eclipse.core.internal.jobs.Worker.run(Worker.java:55)
!SUBENTRY 1 org.eclipse.core.resources 4 368 2018-03-19 08:47:30.741
!MESSAGE File not found: C:\Users\Blackc0650\Desktop\APCSA-P1\Labs\bin\labs\unit7\Magpie4.class.

!ENTRY org.eclipse.jdt.core 4 4 2018-03-19 08:47:30.742
!MESSAGE JavaBuilder handling CoreException
!STACK 1
org.eclipse.core.internal.resources.ResourceException: File not found: C:\Users\Blackc0650\Desktop\APCSA-P1\Labs\bin\labs\unit7\MagpieRunner4.class.
	at org.eclipse.core.internal.localstore.FileSystemResourceManager.read(FileSystemResourceManager.java:840)
	at org.eclipse.core.internal.resources.File.getContents(File.java:277)
	at org.eclipse.jdt.internal.core.util.Util.getResourceContentsAsByteArray(Util.java:1135)
	at org.eclipse.jdt.internal.core.builder.IncrementalImageBuilder.writeClassFileCheck(IncrementalImageBuilder.java:889)
	at org.eclipse.jdt.internal.core.builder.IncrementalImageBuilder.writeClassFileContents(IncrementalImageBuilder.java:831)
	at org.eclipse.jdt.internal.core.builder.AbstractImageBuilder.writeClassFile(AbstractImageBuilder.java:860)
	at org.eclipse.jdt.internal.core.builder.AbstractImageBuilder.acceptResult(AbstractImageBuilder.java:191)
	at org.eclipse.jdt.internal.compiler.Compiler.processCompiledUnits(Compiler.java:593)
	at org.eclipse.jdt.internal.compiler.Compiler.compile(Compiler.java:462)
	at org.eclipse.jdt.internal.compiler.Compiler.compile(Compiler.java:417)
	at org.eclipse.jdt.internal.core.builder.AbstractImageBuilder.compile(AbstractImageBuilder.java:368)
	at org.eclipse.jdt.internal.core.builder.IncrementalImageBuilder.compile(IncrementalImageBuilder.java:330)
	at org.eclipse.jdt.internal.core.builder.AbstractImageBuilder.compile(AbstractImageBuilder.java:305)
	at org.eclipse.jdt.internal.core.builder.IncrementalImageBuilder.build(IncrementalImageBuilder.java:135)
	at org.eclipse.jdt.internal.core.builder.JavaBuilder.buildDeltas(JavaBuilder.java:267)
	at org.eclipse.jdt.internal.core.builder.JavaBuilder.build(JavaBuilder.java:195)
	at org.eclipse.core.internal.events.BuildManager$2.run(BuildManager.java:735)
	at org.eclipse.core.runtime.SafeRunner.run(SafeRunner.java:42)
	at org.eclipse.core.internal.events.BuildManager.basicBuild(BuildManager.java:206)
	at org.eclipse.core.internal.events.BuildManager.basicBuild(BuildManager.java:246)
	at org.eclipse.core.internal.events.BuildManager$1.run(BuildManager.java:301)
	at org.eclipse.core.runtime.SafeRunner.run(SafeRunner.java:42)
	at org.eclipse.core.internal.events.BuildManager.basicBuild(BuildManager.java:304)
	at org.eclipse.core.internal.events.BuildManager.basicBuildLoop(BuildManager.java:360)
	at org.eclipse.core.internal.events.BuildManager.build(BuildManager.java:383)
	at org.eclipse.core.internal.events.AutoBuildJob.doBuild(AutoBuildJob.java:144)
	at org.eclipse.core.internal.events.AutoBuildJob.run(AutoBuildJob.java:235)
	at org.eclipse.core.internal.jobs.Worker.run(Worker.java:55)
!SUBENTRY 1 org.eclipse.core.resources 4 368 2018-03-19 08:47:30.742
!MESSAGE File not found: C:\Users\Blackc0650\Desktop\APCSA-P1\Labs\bin\labs\unit7\MagpieRunner4.class.

!ENTRY org.eclipse.jdt.core 4 4 2018-03-19 08:47:30.743
!MESSAGE JavaBuilder handling CoreException
!STACK 1
org.eclipse.core.internal.resources.ResourceException: File not found: C:\Users\Blackc0650\Desktop\APCSA-P1\Labs\bin\labs\unit8\Grades.class.
	at org.eclipse.core.internal.localstore.FileSystemResourceManager.read(FileSystemResourceManager.java:840)
	at org.eclipse.core.internal.resources.File.getContents(File.java:277)
	at org.eclipse.jdt.internal.core.util.Util.getResourceContentsAsByteArray(Util.java:1135)
	at org.eclipse.jdt.internal.core.builder.IncrementalImageBuilder.writeClassFileCheck(IncrementalImageBuilder.java:889)
	at org.eclipse.jdt.internal.core.builder.IncrementalImageBuilder.writeClassFileContents(IncrementalImageBuilder.java:831)
	at org.eclipse.jdt.internal.core.builder.AbstractImageBuilder.writeClassFile(AbstractImageBuilder.java:860)
	at org.eclipse.jdt.internal.core.builder.AbstractImageBuilder.acceptResult(AbstractImageBuilder.java:191)
	at org.eclipse.jdt.internal.compiler.Compiler.processCompiledUnits(Compiler.java:593)
	at org.eclipse.jdt.internal.compiler.Compiler.compile(Compiler.java:462)
	at org.eclipse.jdt.internal.compiler.Compiler.compile(Compiler.java:417)
	at org.eclipse.jdt.internal.core.builder.AbstractImageBuilder.compile(AbstractImageBuilder.java:368)
	at org.eclipse.jdt.internal.core.builder.IncrementalImageBuilder.compile(IncrementalImageBuilder.java:330)
	at org.eclipse.jdt.internal.core.builder.AbstractImageBuilder.compile(AbstractImageBuilder.java:305)
	at org.eclipse.jdt.internal.core.builder.IncrementalImageBuilder.build(IncrementalImageBuilder.java:135)
	at org.eclipse.jdt.internal.core.builder.JavaBuilder.buildDeltas(JavaBuilder.java:267)
	at org.eclipse.jdt.internal.core.builder.JavaBuilder.build(JavaBuilder.java:195)
	at org.eclipse.core.internal.events.BuildManager$2.run(BuildManager.java:735)
	at org.eclipse.core.runtime.SafeRunner.run(SafeRunner.java:42)
	at org.eclipse.core.internal.events.BuildManager.basicBuild(BuildManager.java:206)
	at org.eclipse.core.internal.events.BuildManager.basicBuild(BuildManager.java:246)
	at org.eclipse.core.internal.events.BuildManager$1.run(BuildManager.java:301)
	at org.eclipse.core.runtime.SafeRunner.run(SafeRunner.java:42)
	at org.eclipse.core.internal.events.BuildManager.basicBuild(BuildManager.java:304)
	at org.eclipse.core.internal.events.BuildManager.basicBuildLoop(BuildManager.java:360)
	at org.eclipse.core.internal.events.BuildManager.build(BuildManager.java:383)
	at org.eclipse.core.internal.events.AutoBuildJob.doBuild(AutoBuildJob.java:144)
	at org.eclipse.core.internal.events.AutoBuildJob.run(AutoBuildJob.java:235)
	at org.eclipse.core.internal.jobs.Worker.run(Worker.java:55)
!SUBENTRY 1 org.eclipse.core.resources 4 368 2018-03-19 08:47:30.743
!MESSAGE File not found: C:\Users\Blackc0650\Desktop\APCSA-P1\Labs\bin\labs\unit8\Grades.class.

!ENTRY org.eclipse.jdt.core 4 4 2018-03-19 08:47:30.744
!MESSAGE JavaBuilder handling CoreException
!STACK 1
org.eclipse.core.internal.resources.ResourceException: File not found: C:\Users\Blackc0650\Desktop\APCSA-P1\Labs\bin\labs\unit8\RomanNumeral.class.
	at org.eclipse.core.internal.localstore.FileSystemResourceManager.read(FileSystemResourceManager.java:840)
	at org.eclipse.core.internal.resources.File.getContents(File.java:277)
	at org.eclipse.jdt.internal.core.util.Util.getResourceContentsAsByteArray(Util.java:1135)
	at org.eclipse.jdt.internal.core.builder.IncrementalImageBuilder.writeClassFileCheck(IncrementalImageBuilder.java:889)
	at org.eclipse.jdt.internal.core.builder.IncrementalImageBuilder.writeClassFileContents(IncrementalImageBuilder.java:831)
	at org.eclipse.jdt.internal.core.builder.AbstractImageBuilder.writeClassFile(AbstractImageBuilder.java:860)
	at org.eclipse.jdt.internal.core.builder.AbstractImageBuilder.acceptResult(AbstractImageBuilder.java:191)
	at org.eclipse.jdt.internal.compiler.Compiler.processCompiledUnits(Compiler.java:593)
	at org.eclipse.jdt.internal.compiler.Compiler.compile(Compiler.java:462)
	at org.eclipse.jdt.internal.compiler.Compiler.compile(Compiler.java:417)
	at org.eclipse.jdt.internal.core.builder.AbstractImageBuilder.compile(AbstractImageBuilder.java:368)
	at org.eclipse.jdt.internal.core.builder.IncrementalImageBuilder.compile(IncrementalImageBuilder.java:330)
	at org.eclipse.jdt.internal.core.builder.AbstractImageBuilder.compile(AbstractImageBuilder.java:305)
	at org.eclipse.jdt.internal.core.builder.IncrementalImageBuilder.build(IncrementalImageBuilder.java:135)
	at org.eclipse.jdt.internal.core.builder.JavaBuilder.buildDeltas(JavaBuilder.java:267)
	at org.eclipse.jdt.internal.core.builder.JavaBuilder.build(JavaBuilder.java:195)
	at org.eclipse.core.internal.events.BuildManager$2.run(BuildManager.java:735)
	at org.eclipse.core.runtime.SafeRunner.run(SafeRunner.java:42)
	at org.eclipse.core.internal.events.BuildManager.basicBuild(BuildManager.java:206)
	at org.eclipse.core.internal.events.BuildManager.basicBuild(BuildManager.java:246)
	at org.eclipse.core.internal.events.BuildManager$1.run(BuildManager.java:301)
	at org.eclipse.core.runtime.SafeRunner.run(SafeRunner.java:42)
	at org.eclipse.core.internal.events.BuildManager.basicBuild(BuildManager.java:304)
	at org.eclipse.core.internal.events.BuildManager.basicBuildLoop(BuildManager.java:360)
	at org.eclipse.core.internal.events.BuildManager.build(BuildManager.java:383)
	at org.eclipse.core.internal.events.AutoBuildJob.doBuild(AutoBuildJob.java:144)
	at org.eclipse.core.internal.events.AutoBuildJob.run(AutoBuildJob.java:235)
	at org.eclipse.core.internal.jobs.Worker.run(Worker.java:55)
!SUBENTRY 1 org.eclipse.core.resources 4 368 2018-03-19 08:47:30.744
!MESSAGE File not found: C:\Users\Blackc0650\Desktop\APCSA-P1\Labs\bin\labs\unit8\RomanNumeral.class.

!ENTRY org.eclipse.jdt.core 4 4 2018-03-19 08:47:30.745
!MESSAGE JavaBuilder handling CoreException
!STACK 1
org.eclipse.core.internal.resources.ResourceException: File not found: C:\Users\Blackc0650\Desktop\APCSA-P1\Labs\bin\labs\unit9\CardTester.class.
	at org.eclipse.core.internal.localstore.FileSystemResourceManager.read(FileSystemResourceManager.java:840)
	at org.eclipse.core.internal.resources.File.getContents(File.java:277)
	at org.eclipse.jdt.internal.core.util.Util.getResourceContentsAsByteArray(Util.java:1135)
	at org.eclipse.jdt.internal.core.builder.IncrementalImageBuilder.writeClassFileCheck(IncrementalImageBuilder.java:889)
	at org.eclipse.jdt.internal.core.builder.IncrementalImageBuilder.writeClassFileContents(IncrementalImageBuilder.java:831)
	at org.eclipse.jdt.internal.core.builder.AbstractImageBuilder.writeClassFile(AbstractImageBuilder.java:860)
	at org.eclipse.jdt.internal.core.builder.AbstractImageBuilder.acceptResult(AbstractImageBuilder.java:191)
	at org.eclipse.jdt.internal.compiler.Compiler.processCompiledUnits(Compiler.java:593)
	at org.eclipse.jdt.internal.compiler.Compiler.compile(Compiler.java:462)
	at org.eclipse.jdt.internal.compiler.Compiler.compile(Compiler.java:417)
	at org.eclipse.jdt.internal.core.builder.AbstractImageBuilder.compile(AbstractImageBuilder.java:368)
	at org.eclipse.jdt.internal.core.builder.IncrementalImageBuilder.compile(IncrementalImageBuilder.java:330)
	at org.eclipse.jdt.internal.core.builder.AbstractImageBuilder.compile(AbstractImageBuilder.java:305)
	at org.eclipse.jdt.internal.core.builder.IncrementalImageBuilder.build(IncrementalImageBuilder.java:135)
	at org.eclipse.jdt.internal.core.builder.JavaBuilder.buildDeltas(JavaBuilder.java:267)
	at org.eclipse.jdt.internal.core.builder.JavaBuilder.build(JavaBuilder.java:195)
	at org.eclipse.core.internal.events.BuildManager$2.run(BuildManager.java:735)
	at org.eclipse.core.runtime.SafeRunner.run(SafeRunner.java:42)
	at org.eclipse.core.internal.events.BuildManager.basicBuild(BuildManager.java:206)
	at org.eclipse.core.internal.events.BuildManager.basicBuild(BuildManager.java:246)
	at org.eclipse.core.internal.events.BuildManager$1.run(BuildManager.java:301)
	at org.eclipse.core.runtime.SafeRunner.run(SafeRunner.java:42)
	at org.eclipse.core.internal.events.BuildManager.basicBuild(BuildManager.java:304)
	at org.eclipse.core.internal.events.BuildManager.basicBuildLoop(BuildManager.java:360)
	at org.eclipse.core.internal.events.BuildManager.build(BuildManager.java:383)
	at org.eclipse.core.internal.events.AutoBuildJob.doBuild(AutoBuildJob.java:144)
	at org.eclipse.core.internal.events.AutoBuildJob.run(AutoBuildJob.java:235)
	at org.eclipse.core.internal.jobs.Worker.run(Worker.java:55)
!SUBENTRY 1 org.eclipse.core.resources 4 368 2018-03-19 08:47:30.745
!MESSAGE File not found: C:\Users\Blackc0650\Desktop\APCSA-P1\Labs\bin\labs\unit9\CardTester.class.

!ENTRY org.eclipse.jdt.core 4 4 2018-03-19 08:47:30.777
!MESSAGE JavaBuilder handling CoreException
!STACK 1
org.eclipse.core.internal.resources.ResourceException: File not found: C:\Users\Blackc0650\Desktop\APCSA-P1\Labs\bin\labs\unit8\Lab14d.class.
	at org.eclipse.core.internal.localstore.FileSystemResourceManager.read(FileSystemResourceManager.java:840)
	at org.eclipse.core.internal.resources.File.getContents(File.java:277)
	at org.eclipse.jdt.internal.core.util.Util.getResourceContentsAsByteArray(Util.java:1135)
	at org.eclipse.jdt.internal.core.builder.IncrementalImageBuilder.writeClassFileCheck(IncrementalImageBuilder.java:889)
	at org.eclipse.jdt.internal.core.builder.IncrementalImageBuilder.writeClassFileContents(IncrementalImageBuilder.java:831)
	at org.eclipse.jdt.internal.core.builder.AbstractImageBuilder.writeClassFile(AbstractImageBuilder.java:860)
	at org.eclipse.jdt.internal.core.builder.AbstractImageBuilder.acceptResult(AbstractImageBuilder.java:191)
	at org.eclipse.jdt.internal.compiler.Compiler.processCompiledUnits(Compiler.java:593)
	at org.eclipse.jdt.internal.compiler.Compiler.compile(Compiler.java:462)
	at org.eclipse.jdt.internal.compiler.Compiler.compile(Compiler.java:417)
	at org.eclipse.jdt.internal.core.builder.AbstractImageBuilder.compile(AbstractImageBuilder.java:368)
	at org.eclipse.jdt.internal.core.builder.IncrementalImageBuilder.compile(IncrementalImageBuilder.java:330)
	at org.eclipse.jdt.internal.core.builder.AbstractImageBuilder.compile(AbstractImageBuilder.java:305)
	at org.eclipse.jdt.internal.core.builder.IncrementalImageBuilder.build(IncrementalImageBuilder.java:135)
	at org.eclipse.jdt.internal.core.builder.JavaBuilder.buildDeltas(JavaBuilder.java:267)
	at org.eclipse.jdt.internal.core.builder.JavaBuilder.build(JavaBuilder.java:195)
	at org.eclipse.core.internal.events.BuildManager$2.run(BuildManager.java:735)
	at org.eclipse.core.runtime.SafeRunner.run(SafeRunner.java:42)
	at org.eclipse.core.internal.events.BuildManager.basicBuild(BuildManager.java:206)
	at org.eclipse.core.internal.events.BuildManager.basicBuild(BuildManager.java:246)
	at org.eclipse.core.internal.events.BuildManager$1.run(BuildManager.java:301)
	at org.eclipse.core.runtime.SafeRunner.run(SafeRunner.java:42)
	at org.eclipse.core.internal.events.BuildManager.basicBuild(BuildManager.java:304)
	at org.eclipse.core.internal.events.BuildManager.basicBuildLoop(BuildManager.java:360)
	at org.eclipse.core.internal.events.BuildManager.build(BuildManager.java:383)
	at org.eclipse.core.internal.events.AutoBuildJob.doBuild(AutoBuildJob.java:144)
	at org.eclipse.core.internal.events.AutoBuildJob.run(AutoBuildJob.java:235)
	at org.eclipse.core.internal.jobs.Worker.run(Worker.java:55)
!SUBENTRY 1 org.eclipse.core.resources 4 368 2018-03-19 08:47:30.777
!MESSAGE File not found: C:\Users\Blackc0650\Desktop\APCSA-P1\Labs\bin\labs\unit8\Lab14d.class.

!ENTRY org.eclipse.jdt.core 4 4 2018-03-19 08:47:30.806
!MESSAGE JavaBuilder handling CoreException
!STACK 1
org.eclipse.core.internal.resources.ResourceException: File not found: C:\Users\Blackc0650\Desktop\APCSA-P1\Labs\bin\labs\unit11\Grades.class.
	at org.eclipse.core.internal.localstore.FileSystemResourceManager.read(FileSystemResourceManager.java:840)
	at org.eclipse.core.internal.resources.File.getContents(File.java:277)
	at org.eclipse.jdt.internal.core.util.Util.getResourceContentsAsByteArray(Util.java:1135)
	at org.eclipse.jdt.internal.core.builder.IncrementalImageBuilder.writeClassFileCheck(IncrementalImageBuilder.java:889)
	at org.eclipse.jdt.internal.core.builder.IncrementalImageBuilder.writeClassFileContents(IncrementalImageBuilder.java:831)
	at org.eclipse.jdt.internal.core.builder.AbstractImageBuilder.writeClassFile(AbstractImageBuilder.java:860)
	at org.eclipse.jdt.internal.core.builder.AbstractImageBuilder.acceptResult(AbstractImageBuilder.java:191)
	at org.eclipse.jdt.internal.compiler.Compiler.processCompiledUnits(Compiler.java:593)
	at org.eclipse.jdt.internal.compiler.Compiler.compile(Compiler.java:462)
	at org.eclipse.jdt.internal.compiler.Compiler.compile(Compiler.java:417)
	at org.eclipse.jdt.internal.core.builder.AbstractImageBuilder.compile(AbstractImageBuilder.java:368)
	at org.eclipse.jdt.internal.core.builder.IncrementalImageBuilder.compile(IncrementalImageBuilder.java:330)
	at org.eclipse.jdt.internal.core.builder.AbstractImageBuilder.compile(AbstractImageBuilder.java:305)
	at org.eclipse.jdt.internal.core.builder.IncrementalImageBuilder.build(IncrementalImageBuilder.java:135)
	at org.eclipse.jdt.internal.core.builder.JavaBuilder.buildDeltas(JavaBuilder.java:267)
	at org.eclipse.jdt.internal.core.builder.JavaBuilder.build(JavaBuilder.java:195)
	at org.eclipse.core.internal.events.BuildManager$2.run(BuildManager.java:735)
	at org.eclipse.core.runtime.SafeRunner.run(SafeRunner.java:42)
	at org.eclipse.core.internal.events.BuildManager.basicBuild(BuildManager.java:206)
	at org.eclipse.core.internal.events.BuildManager.basicBuild(BuildManager.java:246)
	at org.eclipse.core.internal.events.BuildManager$1.run(BuildManager.java:301)
	at org.eclipse.core.runtime.SafeRunner.run(SafeRunner.java:42)
	at org.eclipse.core.internal.events.BuildManager.basicBuild(BuildManager.java:304)
	at org.eclipse.core.internal.events.BuildManager.basicBuildLoop(BuildManager.java:360)
	at org.eclipse.core.internal.events.BuildManager.build(BuildManager.java:383)
	at org.eclipse.core.internal.events.AutoBuildJob.doBuild(AutoBuildJob.java:144)
	at org.eclipse.core.internal.events.AutoBuildJob.run(AutoBuildJob.java:235)
	at org.eclipse.core.internal.jobs.Worker.run(Worker.java:55)
!SUBENTRY 1 org.eclipse.core.resources 4 368 2018-03-19 08:47:30.807
!MESSAGE File not found: C:\Users\Blackc0650\Desktop\APCSA-P1\Labs\bin\labs\unit11\Grades.class.

!ENTRY org.eclipse.jdt.core 4 4 2018-03-19 08:47:30.815
!MESSAGE JavaBuilder handling CoreException
!STACK 1
org.eclipse.core.internal.resources.ResourceException: File not found: C:\Users\Blackc0650\Desktop\APCSA-P1\Labs\bin\labs\unit10\Lab16e\Histogram.class.
	at org.eclipse.core.internal.localstore.FileSystemResourceManager.read(FileSystemResourceManager.java:840)
	at org.eclipse.core.internal.resources.File.getContents(File.java:277)
	at org.eclipse.jdt.internal.core.util.Util.getResourceContentsAsByteArray(Util.java:1135)
	at org.eclipse.jdt.internal.core.builder.IncrementalImageBuilder.writeClassFileCheck(IncrementalImageBuilder.java:889)
	at org.eclipse.jdt.internal.core.builder.IncrementalImageBuilder.writeClassFileContents(IncrementalImageBuilder.java:831)
	at org.eclipse.jdt.internal.core.builder.AbstractImageBuilder.writeClassFile(AbstractImageBuilder.java:860)
	at org.eclipse.jdt.internal.core.builder.AbstractImageBuilder.acceptResult(AbstractImageBuilder.java:191)
	at org.eclipse.jdt.internal.compiler.Compiler.processCompiledUnits(Compiler.java:593)
	at org.eclipse.jdt.internal.compiler.Compiler.compile(Compiler.java:462)
	at org.eclipse.jdt.internal.compiler.Compiler.compile(Compiler.java:417)
	at org.eclipse.jdt.internal.core.builder.AbstractImageBuilder.compile(AbstractImageBuilder.java:368)
	at org.eclipse.jdt.internal.core.builder.IncrementalImageBuilder.compile(IncrementalImageBuilder.java:330)
	at org.eclipse.jdt.internal.core.builder.AbstractImageBuilder.compile(AbstractImageBuilder.java:305)
	at org.eclipse.jdt.internal.core.builder.IncrementalImageBuilder.build(IncrementalImageBuilder.java:135)
	at org.eclipse.jdt.internal.core.builder.JavaBuilder.buildDeltas(JavaBuilder.java:267)
	at org.eclipse.jdt.internal.core.builder.JavaBuilder.build(JavaBuilder.java:195)
	at org.eclipse.core.internal.events.BuildManager$2.run(BuildManager.java:735)
	at org.eclipse.core.runtime.SafeRunner.run(SafeRunner.java:42)
	at org.eclipse.core.internal.events.BuildManager.basicBuild(BuildManager.java:206)
	at org.eclipse.core.internal.events.BuildManager.basicBuild(BuildManager.java:246)
	at org.eclipse.core.internal.events.BuildManager$1.run(BuildManager.java:301)
	at org.eclipse.core.runtime.SafeRunner.run(SafeRunner.java:42)
	at org.eclipse.core.internal.events.BuildManager.basicBuild(BuildManager.java:304)
	at org.eclipse.core.internal.events.BuildManager.basicBuildLoop(BuildManager.java:360)
	at org.eclipse.core.internal.events.BuildManager.build(BuildManager.java:383)
	at org.eclipse.core.internal.events.AutoBuildJob.doBuild(AutoBuildJob.java:144)
	at org.eclipse.core.internal.events.AutoBuildJob.run(AutoBuildJob.java:235)
	at org.eclipse.core.internal.jobs.Worker.run(Worker.java:55)
!SUBENTRY 1 org.eclipse.core.resources 4 368 2018-03-19 08:47:30.815
!MESSAGE File not found: C:\Users\Blackc0650\Desktop\APCSA-P1\Labs\bin\labs\unit10\Lab16e\Histogram.class.

!ENTRY org.eclipse.jdt.core 4 4 2018-03-19 08:47:30.826
!MESSAGE JavaBuilder handling CoreException
!STACK 1
org.eclipse.core.internal.resources.ResourceException: File not found: C:\Users\Blackc0650\Desktop\APCSA-P1\Labs\bin\labs\unit7\Lab10e.class.
	at org.eclipse.core.internal.localstore.FileSystemResourceManager.read(FileSystemResourceManager.java:840)
	at org.eclipse.core.internal.resources.File.getContents(File.java:277)
	at org.eclipse.jdt.internal.core.util.Util.getResourceContentsAsByteArray(Util.java:1135)
	at org.eclipse.jdt.internal.core.builder.IncrementalImageBuilder.writeClassFileCheck(IncrementalImageBuilder.java:889)
	at org.eclipse.jdt.internal.core.builder.IncrementalImageBuilder.writeClassFileContents(IncrementalImageBuilder.java:831)
	at org.eclipse.jdt.internal.core.builder.AbstractImageBuilder.writeClassFile(AbstractImageBuilder.java:860)
	at org.eclipse.jdt.internal.core.builder.AbstractImageBuilder.acceptResult(AbstractImageBuilder.java:191)
	at org.eclipse.jdt.internal.compiler.Compiler.processCompiledUnits(Compiler.java:593)
	at org.eclipse.jdt.internal.compiler.Compiler.compile(Compiler.java:462)
	at org.eclipse.jdt.internal.compiler.Compiler.compile(Compiler.java:417)
	at org.eclipse.jdt.internal.core.builder.AbstractImageBuilder.compile(AbstractImageBuilder.java:368)
	at org.eclipse.jdt.internal.core.builder.IncrementalImageBuilder.compile(IncrementalImageBuilder.java:330)
	at org.eclipse.jdt.internal.core.builder.AbstractImageBuilder.compile(AbstractImageBuilder.java:305)
	at org.eclipse.jdt.internal.core.builder.IncrementalImageBuilder.build(IncrementalImageBuilder.java:135)
	at org.eclipse.jdt.internal.core.builder.JavaBuilder.buildDeltas(JavaBuilder.java:267)
	at org.eclipse.jdt.internal.core.builder.JavaBuilder.build(JavaBuilder.java:195)
	at org.eclipse.core.internal.events.BuildManager$2.run(BuildManager.java:735)
	at org.eclipse.core.runtime.SafeRunner.run(SafeRunner.java:42)
	at org.eclipse.core.internal.events.BuildManager.basicBuild(BuildManager.java:206)
	at org.eclipse.core.internal.events.BuildManager.basicBuild(BuildManager.java:246)
	at org.eclipse.core.internal.events.BuildManager$1.run(BuildManager.java:301)
	at org.eclipse.core.runtime.SafeRunner.run(SafeRunner.java:42)
	at org.eclipse.core.internal.events.BuildManager.basicBuild(BuildManager.java:304)
	at org.eclipse.core.internal.events.BuildManager.basicBuildLoop(BuildManager.java:360)
	at org.eclipse.core.internal.events.BuildManager.build(BuildManager.java:383)
	at org.eclipse.core.internal.events.AutoBuildJob.doBuild(AutoBuildJob.java:144)
	at org.eclipse.core.internal.events.AutoBuildJob.run(AutoBuildJob.java:235)
	at org.eclipse.core.internal.jobs.Worker.run(Worker.java:55)
!SUBENTRY 1 org.eclipse.core.resources 4 368 2018-03-19 08:47:30.826
!MESSAGE File not found: C:\Users\Blackc0650\Desktop\APCSA-P1\Labs\bin\labs\unit7\Lab10e.class.

!ENTRY org.eclipse.jdt.core 4 4 2018-03-19 08:47:30.829
!MESSAGE JavaBuilder handling CoreException
!STACK 1
org.eclipse.core.internal.resources.ResourceException: File not found: C:\Users\Blackc0650\Desktop\APCSA-P1\Labs\bin\labs\unit11\Class.class.
	at org.eclipse.core.internal.localstore.FileSystemResourceManager.read(FileSystemResourceManager.java:840)
	at org.eclipse.core.internal.resources.File.getContents(File.java:277)
	at org.eclipse.jdt.internal.core.util.Util.getResourceContentsAsByteArray(Util.java:1135)
	at org.eclipse.jdt.internal.core.builder.IncrementalImageBuilder.writeClassFileCheck(IncrementalImageBuilder.java:889)
	at org.eclipse.jdt.internal.core.builder.IncrementalImageBuilder.writeClassFileContents(IncrementalImageBuilder.java:831)
	at org.eclipse.jdt.internal.core.builder.AbstractImageBuilder.writeClassFile(AbstractImageBuilder.java:860)
	at org.eclipse.jdt.internal.core.builder.AbstractImageBuilder.acceptResult(AbstractImageBuilder.java:191)
	at org.eclipse.jdt.internal.compiler.Compiler.processCompiledUnits(Compiler.java:593)
	at org.eclipse.jdt.internal.compiler.Compiler.compile(Compiler.java:462)
	at org.eclipse.jdt.internal.compiler.Compiler.compile(Compiler.java:417)
	at org.eclipse.jdt.internal.core.builder.AbstractImageBuilder.compile(AbstractImageBuilder.java:368)
	at org.eclipse.jdt.internal.core.builder.IncrementalImageBuilder.compile(IncrementalImageBuilder.java:330)
	at org.eclipse.jdt.internal.core.builder.AbstractImageBuilder.compile(AbstractImageBuilder.java:305)
	at org.eclipse.jdt.internal.core.builder.IncrementalImageBuilder.build(IncrementalImageBuilder.java:135)
	at org.eclipse.jdt.internal.core.builder.JavaBuilder.buildDeltas(JavaBuilder.java:267)
	at org.eclipse.jdt.internal.core.builder.JavaBuilder.build(JavaBuilder.java:195)
	at org.eclipse.core.internal.events.BuildManager$2.run(BuildManager.java:735)
	at org.eclipse.core.runtime.SafeRunner.run(SafeRunner.java:42)
	at org.eclipse.core.internal.events.BuildManager.basicBuild(BuildManager.java:206)
	at org.eclipse.core.internal.events.BuildManager.basicBuild(BuildManager.java:246)
	at org.eclipse.core.internal.events.BuildManager$1.run(BuildManager.java:301)
	at org.eclipse.core.runtime.SafeRunner.run(SafeRunner.java:42)
	at org.eclipse.core.internal.events.BuildManager.basicBuild(BuildManager.java:304)
	at org.eclipse.core.internal.events.BuildManager.basicBuildLoop(BuildManager.java:360)
	at org.eclipse.core.internal.events.BuildManager.build(BuildManager.java:383)
	at org.eclipse.core.internal.events.AutoBuildJob.doBuild(AutoBuildJob.java:144)
	at org.eclipse.core.internal.events.AutoBuildJob.run(AutoBuildJob.java:235)
	at org.eclipse.core.internal.jobs.Worker.run(Worker.java:55)
!SUBENTRY 1 org.eclipse.core.resources 4 368 2018-03-19 08:47:30.829
!MESSAGE File not found: C:\Users\Blackc0650\Desktop\APCSA-P1\Labs\bin\labs\unit11\Class.class.

!ENTRY org.eclipse.jdt.core 4 4 2018-03-19 08:47:30.833
!MESSAGE JavaBuilder handling CoreException
!STACK 1
org.eclipse.core.internal.resources.ResourceException: File not found: C:\Users\Blackc0650\Desktop\APCSA-P1\Labs\bin\labs\unit11\GradeBookRunner.class.
	at org.eclipse.core.internal.localstore.FileSystemResourceManager.read(FileSystemResourceManager.java:840)
	at org.eclipse.core.internal.resources.File.getContents(File.java:277)
	at org.eclipse.jdt.internal.core.util.Util.getResourceContentsAsByteArray(Util.java:1135)
	at org.eclipse.jdt.internal.core.builder.IncrementalImageBuilder.writeClassFileCheck(IncrementalImageBuilder.java:889)
	at org.eclipse.jdt.internal.core.builder.IncrementalImageBuilder.writeClassFileContents(IncrementalImageBuilder.java:831)
	at org.eclipse.jdt.internal.core.builder.AbstractImageBuilder.writeClassFile(AbstractImageBuilder.java:860)
	at org.eclipse.jdt.internal.core.builder.AbstractImageBuilder.acceptResult(AbstractImageBuilder.java:191)
	at org.eclipse.jdt.internal.compiler.Compiler.processCompiledUnits(Compiler.java:593)
	at org.eclipse.jdt.internal.compiler.Compiler.compile(Compiler.java:462)
	at org.eclipse.jdt.internal.compiler.Compiler.compile(Compiler.java:417)
	at org.eclipse.jdt.internal.core.builder.AbstractImageBuilder.compile(AbstractImageBuilder.java:368)
	at org.eclipse.jdt.internal.core.builder.IncrementalImageBuilder.compile(IncrementalImageBuilder.java:330)
	at org.eclipse.jdt.internal.core.builder.AbstractImageBuilder.compile(AbstractImageBuilder.java:305)
	at org.eclipse.jdt.internal.core.builder.IncrementalImageBuilder.build(IncrementalImageBuilder.java:135)
	at org.eclipse.jdt.internal.core.builder.JavaBuilder.buildDeltas(JavaBuilder.java:267)
	at org.eclipse.jdt.internal.core.builder.JavaBuilder.build(JavaBuilder.java:195)
	at org.eclipse.core.internal.events.BuildManager$2.run(BuildManager.java:735)
	at org.eclipse.core.runtime.SafeRunner.run(SafeRunner.java:42)
	at org.eclipse.core.internal.events.BuildManager.basicBuild(BuildManager.java:206)
	at org.eclipse.core.internal.events.BuildManager.basicBuild(BuildManager.java:246)
	at org.eclipse.core.internal.events.BuildManager$1.run(BuildManager.java:301)
	at org.eclipse.core.runtime.SafeRunner.run(SafeRunner.java:42)
	at org.eclipse.core.internal.events.BuildManager.basicBuild(BuildManager.java:304)
	at org.eclipse.core.internal.events.BuildManager.basicBuildLoop(BuildManager.java:360)
	at org.eclipse.core.internal.events.BuildManager.build(BuildManager.java:383)
	at org.eclipse.core.internal.events.AutoBuildJob.doBuild(AutoBuildJob.java:144)
	at org.eclipse.core.internal.events.AutoBuildJob.run(AutoBuildJob.java:235)
	at org.eclipse.core.internal.jobs.Worker.run(Worker.java:55)
!SUBENTRY 1 org.eclipse.core.resources 4 368 2018-03-19 08:47:30.833
!MESSAGE File not found: C:\Users\Blackc0650\Desktop\APCSA-P1\Labs\bin\labs\unit11\GradeBookRunner.class.

!ENTRY org.eclipse.jdt.core 4 4 2018-03-19 08:47:30.849
!MESSAGE JavaBuilder handling CoreException
!STACK 1
org.eclipse.core.internal.resources.ResourceException: File not found: C:\Users\Blackc0650\Desktop\APCSA-P1\Labs\bin\labs\unit8\Lab14i.class.
	at org.eclipse.core.internal.localstore.FileSystemResourceManager.read(FileSystemResourceManager.java:840)
	at org.eclipse.core.internal.resources.File.getContents(File.java:277)
	at org.eclipse.jdt.internal.core.util.Util.getResourceContentsAsByteArray(Util.java:1135)
	at org.eclipse.jdt.internal.core.builder.IncrementalImageBuilder.writeClassFileCheck(IncrementalImageBuilder.java:889)
	at org.eclipse.jdt.internal.core.builder.IncrementalImageBuilder.writeClassFileContents(IncrementalImageBuilder.java:831)
	at org.eclipse.jdt.internal.core.builder.AbstractImageBuilder.writeClassFile(AbstractImageBuilder.java:860)
	at org.eclipse.jdt.internal.core.builder.AbstractImageBuilder.acceptResult(AbstractImageBuilder.java:191)
	at org.eclipse.jdt.internal.compiler.Compiler.processCompiledUnits(Compiler.java:593)
	at org.eclipse.jdt.internal.compiler.Compiler.compile(Compiler.java:462)
	at org.eclipse.jdt.internal.compiler.Compiler.compile(Compiler.java:417)
	at org.eclipse.jdt.internal.core.builder.AbstractImageBuilder.compile(AbstractImageBuilder.java:368)
	at org.eclipse.jdt.internal.core.builder.IncrementalImageBuilder.compile(IncrementalImageBuilder.java:330)
	at org.eclipse.jdt.internal.core.builder.AbstractImageBuilder.compile(AbstractImageBuilder.java:305)
	at org.eclipse.jdt.internal.core.builder.IncrementalImageBuilder.build(IncrementalImageBuilder.java:135)
	at org.eclipse.jdt.internal.core.builder.JavaBuilder.buildDeltas(JavaBuilder.java:267)
	at org.eclipse.jdt.internal.core.builder.JavaBuilder.build(JavaBuilder.java:195)
	at org.eclipse.core.internal.events.BuildManager$2.run(BuildManager.java:735)
	at org.eclipse.core.runtime.SafeRunner.run(SafeRunner.java:42)
	at org.eclipse.core.internal.events.BuildManager.basicBuild(BuildManager.java:206)
	at org.eclipse.core.internal.events.BuildManager.basicBuild(BuildManager.java:246)
	at org.eclipse.core.internal.events.BuildManager$1.run(BuildManager.java:301)
	at org.eclipse.core.runtime.SafeRunner.run(SafeRunner.java:42)
	at org.eclipse.core.internal.events.BuildManager.basicBuild(BuildManager.java:304)
	at org.eclipse.core.internal.events.BuildManager.basicBuildLoop(BuildManager.java:360)
	at org.eclipse.core.internal.events.BuildManager.build(BuildManager.java:383)
	at org.eclipse.core.internal.events.AutoBuildJob.doBuild(AutoBuildJob.java:144)
	at org.eclipse.core.internal.events.AutoBuildJob.run(AutoBuildJob.java:235)
	at org.eclipse.core.internal.jobs.Worker.run(Worker.java:55)
!SUBENTRY 1 org.eclipse.core.resources 4 368 2018-03-19 08:47:30.849
!MESSAGE File not found: C:\Users\Blackc0650\Desktop\APCSA-P1\Labs\bin\labs\unit8\Lab14i.class.

!ENTRY org.eclipse.jdt.core 4 4 2018-03-19 08:47:30.854
!MESSAGE JavaBuilder handling CoreException
!STACK 1
org.eclipse.core.internal.resources.ResourceException: File not found: C:\Users\Blackc0650\Desktop\APCSA-P1\Labs\bin\labs\unit11\StudentTester.class.
	at org.eclipse.core.internal.localstore.FileSystemResourceManager.read(FileSystemResourceManager.java:840)
	at org.eclipse.core.internal.resources.File.getContents(File.java:277)
	at org.eclipse.jdt.internal.core.util.Util.getResourceContentsAsByteArray(Util.java:1135)
	at org.eclipse.jdt.internal.core.builder.IncrementalImageBuilder.writeClassFileCheck(IncrementalImageBuilder.java:889)
	at org.eclipse.jdt.internal.core.builder.IncrementalImageBuilder.writeClassFileContents(IncrementalImageBuilder.java:831)
	at org.eclipse.jdt.internal.core.builder.AbstractImageBuilder.writeClassFile(AbstractImageBuilder.java:860)
	at org.eclipse.jdt.internal.core.builder.AbstractImageBuilder.acceptResult(AbstractImageBuilder.java:191)
	at org.eclipse.jdt.internal.compiler.Compiler.processCompiledUnits(Compiler.java:593)
	at org.eclipse.jdt.internal.compiler.Compiler.compile(Compiler.java:462)
	at org.eclipse.jdt.internal.compiler.Compiler.compile(Compiler.java:417)
	at org.eclipse.jdt.internal.core.builder.AbstractImageBuilder.compile(AbstractImageBuilder.java:368)
	at org.eclipse.jdt.internal.core.builder.IncrementalImageBuilder.compile(IncrementalImageBuilder.java:330)
	at org.eclipse.jdt.internal.core.builder.AbstractImageBuilder.compile(AbstractImageBuilder.java:305)
	at org.eclipse.jdt.internal.core.builder.IncrementalImageBuilder.build(IncrementalImageBuilder.java:135)
	at org.eclipse.jdt.internal.core.builder.JavaBuilder.buildDeltas(JavaBuilder.java:267)
	at org.eclipse.jdt.internal.core.builder.JavaBuilder.build(JavaBuilder.java:195)
	at org.eclipse.core.internal.events.BuildManager$2.run(BuildManager.java:735)
	at org.eclipse.core.runtime.SafeRunner.run(SafeRunner.java:42)
	at org.eclipse.core.internal.events.BuildManager.basicBuild(BuildManager.java:206)
	at org.eclipse.core.internal.events.BuildManager.basicBuild(BuildManager.java:246)
	at org.eclipse.core.internal.events.BuildManager$1.run(BuildManager.java:301)
	at org.eclipse.core.runtime.SafeRunner.run(SafeRunner.java:42)
	at org.eclipse.core.internal.events.BuildManager.basicBuild(BuildManager.java:304)
	at org.eclipse.core.internal.events.BuildManager.basicBuildLoop(BuildManager.java:360)
	at org.eclipse.core.internal.events.BuildManager.build(BuildManager.java:383)
	at org.eclipse.core.internal.events.AutoBuildJob.doBuild(AutoBuildJob.java:144)
	at org.eclipse.core.internal.events.AutoBuildJob.run(AutoBuildJob.java:235)
	at org.eclipse.core.internal.jobs.Worker.run(Worker.java:55)
!SUBENTRY 1 org.eclipse.core.resources 4 368 2018-03-19 08:47:30.854
!MESSAGE File not found: C:\Users\Blackc0650\Desktop\APCSA-P1\Labs\bin\labs\unit11\StudentTester.class.

!ENTRY org.eclipse.jdt.core 4 4 2018-03-19 08:47:30.866
!MESSAGE JavaBuilder handling CoreException
!STACK 1
org.eclipse.core.internal.resources.ResourceException: File not found: C:\Users\Blackc0650\Desktop\APCSA-P1\Labs\bin\labs\unit11\ClassTester.class.
	at org.eclipse.core.internal.localstore.FileSystemResourceManager.read(FileSystemResourceManager.java:840)
	at org.eclipse.core.internal.resources.File.getContents(File.java:277)
	at org.eclipse.jdt.internal.core.util.Util.getResourceContentsAsByteArray(Util.java:1135)
	at org.eclipse.jdt.internal.core.builder.IncrementalImageBuilder.writeClassFileCheck(IncrementalImageBuilder.java:889)
	at org.eclipse.jdt.internal.core.builder.IncrementalImageBuilder.writeClassFileContents(IncrementalImageBuilder.java:831)
	at org.eclipse.jdt.internal.core.builder.AbstractImageBuilder.writeClassFile(AbstractImageBuilder.java:860)
	at org.eclipse.jdt.internal.core.builder.AbstractImageBuilder.acceptResult(AbstractImageBuilder.java:191)
	at org.eclipse.jdt.internal.compiler.Compiler.processCompiledUnits(Compiler.java:593)
	at org.eclipse.jdt.internal.compiler.Compiler.compile(Compiler.java:462)
	at org.eclipse.jdt.internal.compiler.Compiler.compile(Compiler.java:417)
	at org.eclipse.jdt.internal.core.builder.AbstractImageBuilder.compile(AbstractImageBuilder.java:368)
	at org.eclipse.jdt.internal.core.builder.IncrementalImageBuilder.compile(IncrementalImageBuilder.java:330)
	at org.eclipse.jdt.internal.core.builder.AbstractImageBuilder.compile(AbstractImageBuilder.java:305)
	at org.eclipse.jdt.internal.core.builder.IncrementalImageBuilder.build(IncrementalImageBuilder.java:135)
	at org.eclipse.jdt.internal.core.builder.JavaBuilder.buildDeltas(JavaBuilder.java:267)
	at org.eclipse.jdt.internal.core.builder.JavaBuilder.build(JavaBuilder.java:195)
	at org.eclipse.core.internal.events.BuildManager$2.run(BuildManager.java:735)
	at org.eclipse.core.runtime.SafeRunner.run(SafeRunner.java:42)
	at org.eclipse.core.internal.events.BuildManager.basicBuild(BuildManager.java:206)
	at org.eclipse.core.internal.events.BuildManager.basicBuild(BuildManager.java:246)
	at org.eclipse.core.internal.events.BuildManager$1.run(BuildManager.java:301)
	at org.eclipse.core.runtime.SafeRunner.run(SafeRunner.java:42)
	at org.eclipse.core.internal.events.BuildManager.basicBuild(BuildManager.java:304)
	at org.eclipse.core.internal.events.BuildManager.basicBuildLoop(BuildManager.java:360)
	at org.eclipse.core.internal.events.BuildManager.build(BuildManager.java:383)
	at org.eclipse.core.internal.events.AutoBuildJob.doBuild(AutoBuildJob.java:144)
	at org.eclipse.core.internal.events.AutoBuildJob.run(AutoBuildJob.java:235)
	at org.eclipse.core.internal.jobs.Worker.run(Worker.java:55)
!SUBENTRY 1 org.eclipse.core.resources 4 368 2018-03-19 08:47:30.867
!MESSAGE File not found: C:\Users\Blackc0650\Desktop\APCSA-P1\Labs\bin\labs\unit11\ClassTester.class.

!ENTRY org.eclipse.jdt.core 4 4 2018-03-19 08:47:32.029
!MESSAGE JavaBuilder handling CoreException
!STACK 1
org.eclipse.core.internal.resources.ResourceException: File not found: C:\Users\Blackc0650\Desktop\APCSA-P1\Labs\bin\labs\unit1\GraphicsRunner.class.
	at org.eclipse.core.internal.localstore.FileSystemResourceManager.read(FileSystemResourceManager.java:840)
	at org.eclipse.core.internal.resources.File.getContents(File.java:277)
	at org.eclipse.jdt.internal.core.util.Util.getResourceContentsAsByteArray(Util.java:1135)
	at org.eclipse.jdt.internal.core.builder.IncrementalImageBuilder.writeClassFileCheck(IncrementalImageBuilder.java:889)
	at org.eclipse.jdt.internal.core.builder.IncrementalImageBuilder.writeClassFileContents(IncrementalImageBuilder.java:831)
	at org.eclipse.jdt.internal.core.builder.AbstractImageBuilder.writeClassFile(AbstractImageBuilder.java:860)
	at org.eclipse.jdt.internal.core.builder.AbstractImageBuilder.acceptResult(AbstractImageBuilder.java:191)
	at org.eclipse.jdt.internal.compiler.Compiler.processCompiledUnits(Compiler.java:593)
	at org.eclipse.jdt.internal.compiler.Compiler.compile(Compiler.java:462)
	at org.eclipse.jdt.internal.compiler.Compiler.compile(Compiler.java:417)
	at org.eclipse.jdt.internal.core.builder.AbstractImageBuilder.compile(AbstractImageBuilder.java:368)
	at org.eclipse.jdt.internal.core.builder.IncrementalImageBuilder.compile(IncrementalImageBuilder.java:330)
	at org.eclipse.jdt.internal.core.builder.AbstractImageBuilder.compile(AbstractImageBuilder.java:305)
	at org.eclipse.jdt.internal.core.builder.IncrementalImageBuilder.build(IncrementalImageBuilder.java:135)
	at org.eclipse.jdt.internal.core.builder.JavaBuilder.buildDeltas(JavaBuilder.java:267)
	at org.eclipse.jdt.internal.core.builder.JavaBuilder.build(JavaBuilder.java:195)
	at org.eclipse.core.internal.events.BuildManager$2.run(BuildManager.java:735)
	at org.eclipse.core.runtime.SafeRunner.run(SafeRunner.java:42)
	at org.eclipse.core.internal.events.BuildManager.basicBuild(BuildManager.java:206)
	at org.eclipse.core.internal.events.BuildManager.basicBuild(BuildManager.java:246)
	at org.eclipse.core.internal.events.BuildManager$1.run(BuildManager.java:301)
	at org.eclipse.core.runtime.SafeRunner.run(SafeRunner.java:42)
	at org.eclipse.core.internal.events.BuildManager.basicBuild(BuildManager.java:304)
	at org.eclipse.core.internal.events.BuildManager.basicBuildLoop(BuildManager.java:360)
	at org.eclipse.core.internal.events.BuildManager.build(BuildManager.java:383)
	at org.eclipse.core.internal.events.AutoBuildJob.doBuild(AutoBuildJob.java:144)
	at org.eclipse.core.internal.events.AutoBuildJob.run(AutoBuildJob.java:235)
	at org.eclipse.core.internal.jobs.Worker.run(Worker.java:55)
!SUBENTRY 1 org.eclipse.core.resources 4 368 2018-03-19 08:47:32.029
!MESSAGE File not found: C:\Users\Blackc0650\Desktop\APCSA-P1\Labs\bin\labs\unit1\GraphicsRunner.class.

!ENTRY org.eclipse.jdt.core 4 4 2018-03-19 08:47:32.034
!MESSAGE JavaBuilder handling CoreException
!STACK 1
org.eclipse.core.internal.resources.ResourceException: File not found: C:\Users\Blackc0650\Desktop\APCSA-P1\Labs\bin\labs\unit1\GraphicsRunnerFirst.class.
	at org.eclipse.core.internal.localstore.FileSystemResourceManager.read(FileSystemResourceManager.java:840)
	at org.eclipse.core.internal.resources.File.getContents(File.java:277)
	at org.eclipse.jdt.internal.core.util.Util.getResourceContentsAsByteArray(Util.java:1135)
	at org.eclipse.jdt.internal.core.builder.IncrementalImageBuilder.writeClassFileCheck(IncrementalImageBuilder.java:889)
	at org.eclipse.jdt.internal.core.builder.IncrementalImageBuilder.writeClassFileContents(IncrementalImageBuilder.java:831)
	at org.eclipse.jdt.internal.core.builder.AbstractImageBuilder.writeClassFile(AbstractImageBuilder.java:860)
	at org.eclipse.jdt.internal.core.builder.AbstractImageBuilder.acceptResult(AbstractImageBuilder.java:191)
	at org.eclipse.jdt.internal.compiler.Compiler.processCompiledUnits(Compiler.java:593)
	at org.eclipse.jdt.internal.compiler.Compiler.compile(Compiler.java:462)
	at org.eclipse.jdt.internal.compiler.Compiler.compile(Compiler.java:417)
	at org.eclipse.jdt.internal.core.builder.AbstractImageBuilder.compile(AbstractImageBuilder.java:368)
	at org.eclipse.jdt.internal.core.builder.IncrementalImageBuilder.compile(IncrementalImageBuilder.java:330)
	at org.eclipse.jdt.internal.core.builder.AbstractImageBuilder.compile(AbstractImageBuilder.java:305)
	at org.eclipse.jdt.internal.core.builder.IncrementalImageBuilder.build(IncrementalImageBuilder.java:135)
	at org.eclipse.jdt.internal.core.builder.JavaBuilder.buildDeltas(JavaBuilder.java:267)
	at org.eclipse.jdt.internal.core.builder.JavaBuilder.build(JavaBuilder.java:195)
	at org.eclipse.core.internal.events.BuildManager$2.run(BuildManager.java:735)
	at org.eclipse.core.runtime.SafeRunner.run(SafeRunner.java:42)
	at org.eclipse.core.internal.events.BuildManager.basicBuild(BuildManager.java:206)
	at org.eclipse.core.internal.events.BuildManager.basicBuild(BuildManager.java:246)
	at org.eclipse.core.internal.events.BuildManager$1.run(BuildManager.java:301)
	at org.eclipse.core.runtime.SafeRunner.run(SafeRunner.java:42)
	at org.eclipse.core.internal.events.BuildManager.basicBuild(BuildManager.java:304)
	at org.eclipse.core.internal.events.BuildManager.basicBuildLoop(BuildManager.java:360)
	at org.eclipse.core.internal.events.BuildManager.build(BuildManager.java:383)
	at org.eclipse.core.internal.events.AutoBuildJob.doBuild(AutoBuildJob.java:144)
	at org.eclipse.core.internal.events.AutoBuildJob.run(AutoBuildJob.java:235)
	at org.eclipse.core.internal.jobs.Worker.run(Worker.java:55)
!SUBENTRY 1 org.eclipse.core.resources 4 368 2018-03-19 08:47:32.035
!MESSAGE File not found: C:\Users\Blackc0650\Desktop\APCSA-P1\Labs\bin\labs\unit1\GraphicsRunnerFirst.class.

!ENTRY org.eclipse.jdt.core 4 4 2018-03-19 08:47:32.035
!MESSAGE JavaBuilder handling CoreException
!STACK 1
org.eclipse.core.internal.resources.ResourceException: File not found: C:\Users\Blackc0650\Desktop\APCSA-P1\Labs\bin\labs\unit1\Lab01a.class.
	at org.eclipse.core.internal.localstore.FileSystemResourceManager.read(FileSystemResourceManager.java:840)
	at org.eclipse.core.internal.resources.File.getContents(File.java:277)
	at org.eclipse.jdt.internal.core.util.Util.getResourceContentsAsByteArray(Util.java:1135)
	at org.eclipse.jdt.internal.core.builder.IncrementalImageBuilder.writeClassFileCheck(IncrementalImageBuilder.java:889)
	at org.eclipse.jdt.internal.core.builder.IncrementalImageBuilder.writeClassFileContents(IncrementalImageBuilder.java:831)
	at org.eclipse.jdt.internal.core.builder.AbstractImageBuilder.writeClassFile(AbstractImageBuilder.java:860)
	at org.eclipse.jdt.internal.core.builder.AbstractImageBuilder.acceptResult(AbstractImageBuilder.java:191)
	at org.eclipse.jdt.internal.compiler.Compiler.processCompiledUnits(Compiler.java:593)
	at org.eclipse.jdt.internal.compiler.Compiler.compile(Compiler.java:462)
	at org.eclipse.jdt.internal.compiler.Compiler.compile(Compiler.java:417)
	at org.eclipse.jdt.internal.core.builder.AbstractImageBuilder.compile(AbstractImageBuilder.java:368)
	at org.eclipse.jdt.internal.core.builder.IncrementalImageBuilder.compile(IncrementalImageBuilder.java:330)
	at org.eclipse.jdt.internal.core.builder.AbstractImageBuilder.compile(AbstractImageBuilder.java:305)
	at org.eclipse.jdt.internal.core.builder.IncrementalImageBuilder.build(IncrementalImageBuilder.java:135)
	at org.eclipse.jdt.internal.core.builder.JavaBuilder.buildDeltas(JavaBuilder.java:267)
	at org.eclipse.jdt.internal.core.builder.JavaBuilder.build(JavaBuilder.java:195)
	at org.eclipse.core.internal.events.BuildManager$2.run(BuildManager.java:735)
	at org.eclipse.core.runtime.SafeRunner.run(SafeRunner.java:42)
	at org.eclipse.core.internal.events.BuildManager.basicBuild(BuildManager.java:206)
	at org.eclipse.core.internal.events.BuildManager.basicBuild(BuildManager.java:246)
	at org.eclipse.core.internal.events.BuildManager$1.run(BuildManager.java:301)
	at org.eclipse.core.runtime.SafeRunner.run(SafeRunner.java:42)
	at org.eclipse.core.internal.events.BuildManager.basicBuild(BuildManager.java:304)
	at org.eclipse.core.internal.events.BuildManager.basicBuildLoop(BuildManager.java:360)
	at org.eclipse.core.internal.events.BuildManager.build(BuildManager.java:383)
	at org.eclipse.core.internal.events.AutoBuildJob.doBuild(AutoBuildJob.java:144)
	at org.eclipse.core.internal.events.AutoBuildJob.run(AutoBuildJob.java:235)
	at org.eclipse.core.internal.jobs.Worker.run(Worker.java:55)
!SUBENTRY 1 org.eclipse.core.resources 4 368 2018-03-19 08:47:32.036
!MESSAGE File not found: C:\Users\Blackc0650\Desktop\APCSA-P1\Labs\bin\labs\unit1\Lab01a.class.

!ENTRY org.eclipse.jdt.core 4 4 2018-03-19 08:47:32.036
!MESSAGE JavaBuilder handling CoreException
!STACK 1
org.eclipse.core.internal.resources.ResourceException: File not found: C:\Users\Blackc0650\Desktop\APCSA-P1\Labs\bin\labs\unit1\Shape.class.
	at org.eclipse.core.internal.localstore.FileSystemResourceManager.read(FileSystemResourceManager.java:840)
	at org.eclipse.core.internal.resources.File.getContents(File.java:277)
	at org.eclipse.jdt.internal.core.util.Util.getResourceContentsAsByteArray(Util.java:1135)
	at org.eclipse.jdt.internal.core.builder.IncrementalImageBuilder.writeClassFileCheck(IncrementalImageBuilder.java:889)
	at org.eclipse.jdt.internal.core.builder.IncrementalImageBuilder.writeClassFileContents(IncrementalImageBuilder.java:831)
	at org.eclipse.jdt.internal.core.builder.AbstractImageBuilder.writeClassFile(AbstractImageBuilder.java:860)
	at org.eclipse.jdt.internal.core.builder.AbstractImageBuilder.acceptResult(AbstractImageBuilder.java:191)
	at org.eclipse.jdt.internal.compiler.Compiler.processCompiledUnits(Compiler.java:593)
	at org.eclipse.jdt.internal.compiler.Compiler.compile(Compiler.java:462)
	at org.eclipse.jdt.internal.compiler.Compiler.compile(Compiler.java:417)
	at org.eclipse.jdt.internal.core.builder.AbstractImageBuilder.compile(AbstractImageBuilder.java:368)
	at org.eclipse.jdt.internal.core.builder.IncrementalImageBuilder.compile(IncrementalImageBuilder.java:330)
	at org.eclipse.jdt.internal.core.builder.AbstractImageBuilder.compile(AbstractImageBuilder.java:305)
	at org.eclipse.jdt.internal.core.builder.IncrementalImageBuilder.build(IncrementalImageBuilder.java:135)
	at org.eclipse.jdt.internal.core.builder.JavaBuilder.buildDeltas(JavaBuilder.java:267)
	at org.eclipse.jdt.internal.core.builder.JavaBuilder.build(JavaBuilder.java:195)
	at org.eclipse.core.internal.events.BuildManager$2.run(BuildManager.java:735)
	at org.eclipse.core.runtime.SafeRunner.run(SafeRunner.java:42)
	at org.eclipse.core.internal.events.BuildManager.basicBuild(BuildManager.java:206)
	at org.eclipse.core.internal.events.BuildManager.basicBuild(BuildManager.java:246)
	at org.eclipse.core.internal.events.BuildManager$1.run(BuildManager.java:301)
	at org.eclipse.core.runtime.SafeRunner.run(SafeRunner.java:42)
	at org.eclipse.core.internal.events.BuildManager.basicBuild(BuildManager.java:304)
	at org.eclipse.core.internal.events.BuildManager.basicBuildLoop(BuildManager.java:360)
	at org.eclipse.core.internal.events.BuildManager.build(BuildManager.java:383)
	at org.eclipse.core.internal.events.AutoBuildJob.doBuild(AutoBuildJob.java:144)
	at org.eclipse.core.internal.events.AutoBuildJob.run(AutoBuildJob.java:235)
	at org.eclipse.core.internal.jobs.Worker.run(Worker.java:55)
!SUBENTRY 1 org.eclipse.core.resources 4 368 2018-03-19 08:47:32.066
!MESSAGE File not found: C:\Users\Blackc0650\Desktop\APCSA-P1\Labs\bin\labs\unit1\Shape.class.

!ENTRY org.eclipse.jdt.core 4 4 2018-03-19 08:47:32.067
!MESSAGE JavaBuilder handling CoreException
!STACK 1
org.eclipse.core.internal.resources.ResourceException: File not found: C:\Users\Blackc0650\Desktop\APCSA-P1\Labs\bin\labs\unit1\ShapePanel.class.
	at org.eclipse.core.internal.localstore.FileSystemResourceManager.read(FileSystemResourceManager.java:840)
	at org.eclipse.core.internal.resources.File.getContents(File.java:277)
	at org.eclipse.jdt.internal.core.util.Util.getResourceContentsAsByteArray(Util.java:1135)
	at org.eclipse.jdt.internal.core.builder.IncrementalImageBuilder.writeClassFileCheck(IncrementalImageBuilder.java:889)
	at org.eclipse.jdt.internal.core.builder.IncrementalImageBuilder.writeClassFileContents(IncrementalImageBuilder.java:831)
	at org.eclipse.jdt.internal.core.builder.AbstractImageBuilder.writeClassFile(AbstractImageBuilder.java:860)
	at org.eclipse.jdt.internal.core.builder.AbstractImageBuilder.acceptResult(AbstractImageBuilder.java:191)
	at org.eclipse.jdt.internal.compiler.Compiler.processCompiledUnits(Compiler.java:593)
	at org.eclipse.jdt.internal.compiler.Compiler.compile(Compiler.java:462)
	at org.eclipse.jdt.internal.compiler.Compiler.compile(Compiler.java:417)
	at org.eclipse.jdt.internal.core.builder.AbstractImageBuilder.compile(AbstractImageBuilder.java:368)
	at org.eclipse.jdt.internal.core.builder.IncrementalImageBuilder.compile(IncrementalImageBuilder.java:330)
	at org.eclipse.jdt.internal.core.builder.AbstractImageBuilder.compile(AbstractImageBuilder.java:305)
	at org.eclipse.jdt.internal.core.builder.IncrementalImageBuilder.build(IncrementalImageBuilder.java:135)
	at org.eclipse.jdt.internal.core.builder.JavaBuilder.buildDeltas(JavaBuilder.java:267)
	at org.eclipse.jdt.internal.core.builder.JavaBuilder.build(JavaBuilder.java:195)
	at org.eclipse.core.internal.events.BuildManager$2.run(BuildManager.java:735)
	at org.eclipse.core.runtime.SafeRunner.run(SafeRunner.java:42)
	at org.eclipse.core.internal.events.BuildManager.basicBuild(BuildManager.java:206)
	at org.eclipse.core.internal.events.BuildManager.basicBuild(BuildManager.java:246)
	at org.eclipse.core.internal.events.BuildManager$1.run(BuildManager.java:301)
	at org.eclipse.core.runtime.SafeRunner.run(SafeRunner.java:42)
	at org.eclipse.core.internal.events.BuildManager.basicBuild(BuildManager.java:304)
	at org.eclipse.core.internal.events.BuildManager.basicBuildLoop(BuildManager.java:360)
	at org.eclipse.core.internal.events.BuildManager.build(BuildManager.java:383)
	at org.eclipse.core.internal.events.AutoBuildJob.doBuild(AutoBuildJob.java:144)
	at org.eclipse.core.internal.events.AutoBuildJob.run(AutoBuildJob.java:235)
	at org.eclipse.core.internal.jobs.Worker.run(Worker.java:55)
!SUBENTRY 1 org.eclipse.core.resources 4 368 2018-03-19 08:47:32.067
!MESSAGE File not found: C:\Users\Blackc0650\Desktop\APCSA-P1\Labs\bin\labs\unit1\ShapePanel.class.

!ENTRY org.eclipse.jdt.core 4 4 2018-03-19 08:47:32.069
!MESSAGE JavaBuilder handling CoreException
!STACK 1
org.eclipse.core.internal.resources.ResourceException: File not found: C:\Users\Blackc0650\Desktop\APCSA-P1\Labs\bin\labs\unit10\deckWithList\CardTester.class.
	at org.eclipse.core.internal.localstore.FileSystemResourceManager.read(FileSystemResourceManager.java:840)
	at org.eclipse.core.internal.resources.File.getContents(File.java:277)
	at org.eclipse.jdt.internal.core.util.Util.getResourceContentsAsByteArray(Util.java:1135)
	at org.eclipse.jdt.internal.core.builder.IncrementalImageBuilder.writeClassFileCheck(IncrementalImageBuilder.java:889)
	at org.eclipse.jdt.internal.core.builder.IncrementalImageBuilder.writeClassFileContents(IncrementalImageBuilder.java:831)
	at org.eclipse.jdt.internal.core.builder.AbstractImageBuilder.writeClassFile(AbstractImageBuilder.java:860)
	at org.eclipse.jdt.internal.core.builder.AbstractImageBuilder.acceptResult(AbstractImageBuilder.java:191)
	at org.eclipse.jdt.internal.compiler.Compiler.processCompiledUnits(Compiler.java:593)
	at org.eclipse.jdt.internal.compiler.Compiler.compile(Compiler.java:462)
	at org.eclipse.jdt.internal.compiler.Compiler.compile(Compiler.java:417)
	at org.eclipse.jdt.internal.core.builder.AbstractImageBuilder.compile(AbstractImageBuilder.java:368)
	at org.eclipse.jdt.internal.core.builder.IncrementalImageBuilder.compile(IncrementalImageBuilder.java:330)
	at org.eclipse.jdt.internal.core.builder.AbstractImageBuilder.compile(AbstractImageBuilder.java:305)
	at org.eclipse.jdt.internal.core.builder.IncrementalImageBuilder.build(IncrementalImageBuilder.java:135)
	at org.eclipse.jdt.internal.core.builder.JavaBuilder.buildDeltas(JavaBuilder.java:267)
	at org.eclipse.jdt.internal.core.builder.JavaBuilder.build(JavaBuilder.java:195)
	at org.eclipse.core.internal.events.BuildManager$2.run(BuildManager.java:735)
	at org.eclipse.core.runtime.SafeRunner.run(SafeRunner.java:42)
	at org.eclipse.core.internal.events.BuildManager.basicBuild(BuildManager.java:206)
	at org.eclipse.core.internal.events.BuildManager.basicBuild(BuildManager.java:246)
	at org.eclipse.core.internal.events.BuildManager$1.run(BuildManager.java:301)
	at org.eclipse.core.runtime.SafeRunner.run(SafeRunner.java:42)
	at org.eclipse.core.internal.events.BuildManager.basicBuild(BuildManager.java:304)
	at org.eclipse.core.internal.events.BuildManager.basicBuildLoop(BuildManager.java:360)
	at org.eclipse.core.internal.events.BuildManager.build(BuildManager.java:383)
	at org.eclipse.core.internal.events.AutoBuildJob.doBuild(AutoBuildJob.java:144)
	at org.eclipse.core.internal.events.AutoBuildJob.run(AutoBuildJob.java:235)
	at org.eclipse.core.internal.jobs.Worker.run(Worker.java:55)
!SUBENTRY 1 org.eclipse.core.resources 4 368 2018-03-19 08:47:32.069
!MESSAGE File not found: C:\Users\Blackc0650\Desktop\APCSA-P1\Labs\bin\labs\unit10\deckWithList\CardTester.class.

!ENTRY org.eclipse.jdt.core 4 4 2018-03-19 08:47:32.070
!MESSAGE JavaBuilder handling CoreException
!STACK 1
org.eclipse.core.internal.resources.ResourceException: File not found: C:\Users\Blackc0650\Desktop\APCSA-P1\Labs\bin\labs\unit10\deckWithList\Deck.class.
	at org.eclipse.core.internal.localstore.FileSystemResourceManager.read(FileSystemResourceManager.java:840)
	at org.eclipse.core.internal.resources.File.getContents(File.java:277)
	at org.eclipse.jdt.internal.core.util.Util.getResourceContentsAsByteArray(Util.java:1135)
	at org.eclipse.jdt.internal.core.builder.IncrementalImageBuilder.writeClassFileCheck(IncrementalImageBuilder.java:889)
	at org.eclipse.jdt.internal.core.builder.IncrementalImageBuilder.writeClassFileContents(IncrementalImageBuilder.java:831)
	at org.eclipse.jdt.internal.core.builder.AbstractImageBuilder.writeClassFile(AbstractImageBuilder.java:860)
	at org.eclipse.jdt.internal.core.builder.AbstractImageBuilder.acceptResult(AbstractImageBuilder.java:191)
	at org.eclipse.jdt.internal.compiler.Compiler.processCompiledUnits(Compiler.java:593)
	at org.eclipse.jdt.internal.compiler.Compiler.compile(Compiler.java:462)
	at org.eclipse.jdt.internal.compiler.Compiler.compile(Compiler.java:417)
	at org.eclipse.jdt.internal.core.builder.AbstractImageBuilder.compile(AbstractImageBuilder.java:368)
	at org.eclipse.jdt.internal.core.builder.IncrementalImageBuilder.compile(IncrementalImageBuilder.java:330)
	at org.eclipse.jdt.internal.core.builder.AbstractImageBuilder.compile(AbstractImageBuilder.java:305)
	at org.eclipse.jdt.internal.core.builder.IncrementalImageBuilder.build(IncrementalImageBuilder.java:135)
	at org.eclipse.jdt.internal.core.builder.JavaBuilder.buildDeltas(JavaBuilder.java:267)
	at org.eclipse.jdt.internal.core.builder.JavaBuilder.build(JavaBuilder.java:195)
	at org.eclipse.core.internal.events.BuildManager$2.run(BuildManager.java:735)
	at org.eclipse.core.runtime.SafeRunner.run(SafeRunner.java:42)
	at org.eclipse.core.internal.events.BuildManager.basicBuild(BuildManager.java:206)
	at org.eclipse.core.internal.events.BuildManager.basicBuild(BuildManager.java:246)
	at org.eclipse.core.internal.events.BuildManager$1.run(BuildManager.java:301)
	at org.eclipse.core.runtime.SafeRunner.run(SafeRunner.java:42)
	at org.eclipse.core.internal.events.BuildManager.basicBuild(BuildManager.java:304)
	at org.eclipse.core.internal.events.BuildManager.basicBuildLoop(BuildManager.java:360)
	at org.eclipse.core.internal.events.BuildManager.build(BuildManager.java:383)
	at org.eclipse.core.internal.events.AutoBuildJob.doBuild(AutoBuildJob.java:144)
	at org.eclipse.core.internal.events.AutoBuildJob.run(AutoBuildJob.java:235)
	at org.eclipse.core.internal.jobs.Worker.run(Worker.java:55)
!SUBENTRY 1 org.eclipse.core.resources 4 368 2018-03-19 08:47:32.070
!MESSAGE File not found: C:\Users\Blackc0650\Desktop\APCSA-P1\Labs\bin\labs\unit10\deckWithList\Deck.class.

!ENTRY org.eclipse.jdt.core 4 4 2018-03-19 08:47:32.071
!MESSAGE JavaBuilder handling CoreException
!STACK 1
org.eclipse.core.internal.resources.ResourceException: File not found: C:\Users\Blackc0650\Desktop\APCSA-P1\Labs\bin\labs\unit10\deckWithList\Shuffler.class.
	at org.eclipse.core.internal.localstore.FileSystemResourceManager.read(FileSystemResourceManager.java:840)
	at org.eclipse.core.internal.resources.File.getContents(File.java:277)
	at org.eclipse.jdt.internal.core.util.Util.getResourceContentsAsByteArray(Util.java:1135)
	at org.eclipse.jdt.internal.core.builder.IncrementalImageBuilder.writeClassFileCheck(IncrementalImageBuilder.java:889)
	at org.eclipse.jdt.internal.core.builder.IncrementalImageBuilder.writeClassFileContents(IncrementalImageBuilder.java:831)
	at org.eclipse.jdt.internal.core.builder.AbstractImageBuilder.writeClassFile(AbstractImageBuilder.java:860)
	at org.eclipse.jdt.internal.core.builder.AbstractImageBuilder.acceptResult(AbstractImageBuilder.java:191)
	at org.eclipse.jdt.internal.compiler.Compiler.processCompiledUnits(Compiler.java:593)
	at org.eclipse.jdt.internal.compiler.Compiler.compile(Compiler.java:462)
	at org.eclipse.jdt.internal.compiler.Compiler.compile(Compiler.java:417)
	at org.eclipse.jdt.internal.core.builder.AbstractImageBuilder.compile(AbstractImageBuilder.java:368)
	at org.eclipse.jdt.internal.core.builder.IncrementalImageBuilder.compile(IncrementalImageBuilder.java:330)
	at org.eclipse.jdt.internal.core.builder.AbstractImageBuilder.compile(AbstractImageBuilder.java:305)
	at org.eclipse.jdt.internal.core.builder.IncrementalImageBuilder.build(IncrementalImageBuilder.java:135)
	at org.eclipse.jdt.internal.core.builder.JavaBuilder.buildDeltas(JavaBuilder.java:267)
	at org.eclipse.jdt.internal.core.builder.JavaBuilder.build(JavaBuilder.java:195)
	at org.eclipse.core.internal.events.BuildManager$2.run(BuildManager.java:735)
	at org.eclipse.core.runtime.SafeRunner.run(SafeRunner.java:42)
	at org.eclipse.core.internal.events.BuildManager.basicBuild(BuildManager.java:206)
	at org.eclipse.core.internal.events.BuildManager.basicBuild(BuildManager.java:246)
	at org.eclipse.core.internal.events.BuildManager$1.run(BuildManager.java:301)
	at org.eclipse.core.runtime.SafeRunner.run(SafeRunner.java:42)
	at org.eclipse.core.internal.events.BuildManager.basicBuild(BuildManager.java:304)
	at org.eclipse.core.internal.events.BuildManager.basicBuildLoop(BuildManager.java:360)
	at org.eclipse.core.internal.events.BuildManager.build(BuildManager.java:383)
	at org.eclipse.core.internal.events.AutoBuildJob.doBuild(AutoBuildJob.java:144)
	at org.eclipse.core.internal.events.AutoBuildJob.run(AutoBuildJob.java:235)
	at org.eclipse.core.internal.jobs.Worker.run(Worker.java:55)
!SUBENTRY 1 org.eclipse.core.resources 4 368 2018-03-19 08:47:32.071
!MESSAGE File not found: C:\Users\Blackc0650\Desktop\APCSA-P1\Labs\bin\labs\unit10\deckWithList\Shuffler.class.

!ENTRY org.eclipse.jdt.core 4 4 2018-03-19 08:47:32.076
!MESSAGE JavaBuilder handling CoreException
!STACK 1
org.eclipse.core.internal.resources.ResourceException: File not found: C:\Users\Blackc0650\Desktop\APCSA-P1\Labs\bin\labs\unit12\lab18d\Word.class.
	at org.eclipse.core.internal.localstore.FileSystemResourceManager.read(FileSystemResourceManager.java:840)
	at org.eclipse.core.internal.resources.File.getContents(File.java:277)
	at org.eclipse.jdt.internal.core.util.Util.getResourceContentsAsByteArray(Util.java:1135)
	at org.eclipse.jdt.internal.core.builder.IncrementalImageBuilder.writeClassFileCheck(IncrementalImageBuilder.java:889)
	at org.eclipse.jdt.internal.core.builder.IncrementalImageBuilder.writeClassFileContents(IncrementalImageBuilder.java:831)
	at org.eclipse.jdt.internal.core.builder.AbstractImageBuilder.writeClassFile(AbstractImageBuilder.java:860)
	at org.eclipse.jdt.internal.core.builder.AbstractImageBuilder.acceptResult(AbstractImageBuilder.java:191)
	at org.eclipse.jdt.internal.compiler.Compiler.processCompiledUnits(Compiler.java:593)
	at org.eclipse.jdt.internal.compiler.Compiler.compile(Compiler.java:462)
	at org.eclipse.jdt.internal.compiler.Compiler.compile(Compiler.java:417)
	at org.eclipse.jdt.internal.core.builder.AbstractImageBuilder.compile(AbstractImageBuilder.java:368)
	at org.eclipse.jdt.internal.core.builder.IncrementalImageBuilder.compile(IncrementalImageBuilder.java:330)
	at org.eclipse.jdt.internal.core.builder.AbstractImageBuilder.compile(AbstractImageBuilder.java:305)
	at org.eclipse.jdt.internal.core.builder.IncrementalImageBuilder.build(IncrementalImageBuilder.java:135)
	at org.eclipse.jdt.internal.core.builder.JavaBuilder.buildDeltas(JavaBuilder.java:267)
	at org.eclipse.jdt.internal.core.builder.JavaBuilder.build(JavaBuilder.java:195)
	at org.eclipse.core.internal.events.BuildManager$2.run(BuildManager.java:735)
	at org.eclipse.core.runtime.SafeRunner.run(SafeRunner.java:42)
	at org.eclipse.core.internal.events.BuildManager.basicBuild(BuildManager.java:206)
	at org.eclipse.core.internal.events.BuildManager.basicBuild(BuildManager.java:246)
	at org.eclipse.core.internal.events.BuildManager$1.run(BuildManager.java:301)
	at org.eclipse.core.runtime.SafeRunner.run(SafeRunner.java:42)
	at org.eclipse.core.internal.events.BuildManager.basicBuild(BuildManager.java:304)
	at org.eclipse.core.internal.events.BuildManager.basicBuildLoop(BuildManager.java:360)
	at org.eclipse.core.internal.events.BuildManager.build(BuildManager.java:383)
	at org.eclipse.core.internal.events.AutoBuildJob.doBuild(AutoBuildJob.java:144)
	at org.eclipse.core.internal.events.AutoBuildJob.run(AutoBuildJob.java:235)
	at org.eclipse.core.internal.jobs.Worker.run(Worker.java:55)
!SUBENTRY 1 org.eclipse.core.resources 4 368 2018-03-19 08:47:32.076
!MESSAGE File not found: C:\Users\Blackc0650\Desktop\APCSA-P1\Labs\bin\labs\unit12\lab18d\Word.class.

!ENTRY org.eclipse.jdt.core 4 4 2018-03-19 08:47:32.078
!MESSAGE JavaBuilder handling CoreException
!STACK 1
org.eclipse.core.internal.resources.ResourceException: File not found: C:\Users\Blackc0650\Desktop\APCSA-P1\Labs\bin\labs\unit2\Fahrenheit.class.
	at org.eclipse.core.internal.localstore.FileSystemResourceManager.read(FileSystemResourceManager.java:840)
	at org.eclipse.core.internal.resources.File.getContents(File.java:277)
	at org.eclipse.jdt.internal.core.util.Util.getResourceContentsAsByteArray(Util.java:1135)
	at org.eclipse.jdt.internal.core.builder.IncrementalImageBuilder.writeClassFileCheck(IncrementalImageBuilder.java:889)
	at org.eclipse.jdt.internal.core.builder.IncrementalImageBuilder.writeClassFileContents(IncrementalImageBuilder.java:831)
	at org.eclipse.jdt.internal.core.builder.AbstractImageBuilder.writeClassFile(AbstractImageBuilder.java:860)
	at org.eclipse.jdt.internal.core.builder.AbstractImageBuilder.acceptResult(AbstractImageBuilder.java:191)
	at org.eclipse.jdt.internal.compiler.Compiler.processCompiledUnits(Compiler.java:593)
	at org.eclipse.jdt.internal.compiler.Compiler.compile(Compiler.java:462)
	at org.eclipse.jdt.internal.compiler.Compiler.compile(Compiler.java:417)
	at org.eclipse.jdt.internal.core.builder.AbstractImageBuilder.compile(AbstractImageBuilder.java:368)
	at org.eclipse.jdt.internal.core.builder.IncrementalImageBuilder.compile(IncrementalImageBuilder.java:330)
	at org.eclipse.jdt.internal.core.builder.AbstractImageBuilder.compile(AbstractImageBuilder.java:305)
	at org.eclipse.jdt.internal.core.builder.IncrementalImageBuilder.build(IncrementalImageBuilder.java:135)
	at org.eclipse.jdt.internal.core.builder.JavaBuilder.buildDeltas(JavaBuilder.java:267)
	at org.eclipse.jdt.internal.core.builder.JavaBuilder.build(JavaBuilder.java:195)
	at org.eclipse.core.internal.events.BuildManager$2.run(BuildManager.java:735)
	at org.eclipse.core.runtime.SafeRunner.run(SafeRunner.java:42)
	at org.eclipse.core.internal.events.BuildManager.basicBuild(BuildManager.java:206)
	at org.eclipse.core.internal.events.BuildManager.basicBuild(BuildManager.java:246)
	at org.eclipse.core.internal.events.BuildManager$1.run(BuildManager.java:301)
	at org.eclipse.core.runtime.SafeRunner.run(SafeRunner.java:42)
	at org.eclipse.core.internal.events.BuildManager.basicBuild(BuildManager.java:304)
	at org.eclipse.core.internal.events.BuildManager.basicBuildLoop(BuildManager.java:360)
	at org.eclipse.core.internal.events.BuildManager.build(BuildManager.java:383)
	at org.eclipse.core.internal.events.AutoBuildJob.doBuild(AutoBuildJob.java:144)
	at org.eclipse.core.internal.events.AutoBuildJob.run(AutoBuildJob.java:235)
	at org.eclipse.core.internal.jobs.Worker.run(Worker.java:55)
!SUBENTRY 1 org.eclipse.core.resources 4 368 2018-03-19 08:47:32.078
!MESSAGE File not found: C:\Users\Blackc0650\Desktop\APCSA-P1\Labs\bin\labs\unit2\Fahrenheit.class.

!ENTRY org.eclipse.jdt.core 4 4 2018-03-19 08:47:32.079
!MESSAGE JavaBuilder handling CoreException
!STACK 1
org.eclipse.core.internal.resources.ResourceException: File not found: C:\Users\Blackc0650\Desktop\APCSA-P1\Labs\bin\labs\unit2\Lab02g.class.
	at org.eclipse.core.internal.localstore.FileSystemResourceManager.read(FileSystemResourceManager.java:840)
	at org.eclipse.core.internal.resources.File.getContents(File.java:277)
	at org.eclipse.jdt.internal.core.util.Util.getResourceContentsAsByteArray(Util.java:1135)
	at org.eclipse.jdt.internal.core.builder.IncrementalImageBuilder.writeClassFileCheck(IncrementalImageBuilder.java:889)
	at org.eclipse.jdt.internal.core.builder.IncrementalImageBuilder.writeClassFileContents(IncrementalImageBuilder.java:831)
	at org.eclipse.jdt.internal.core.builder.AbstractImageBuilder.writeClassFile(AbstractImageBuilder.java:860)
	at org.eclipse.jdt.internal.core.builder.AbstractImageBuilder.acceptResult(AbstractImageBuilder.java:191)
	at org.eclipse.jdt.internal.compiler.Compiler.processCompiledUnits(Compiler.java:593)
	at org.eclipse.jdt.internal.compiler.Compiler.compile(Compiler.java:462)
	at org.eclipse.jdt.internal.compiler.Compiler.compile(Compiler.java:417)
	at org.eclipse.jdt.internal.core.builder.AbstractImageBuilder.compile(AbstractImageBuilder.java:368)
	at org.eclipse.jdt.internal.core.builder.IncrementalImageBuilder.compile(IncrementalImageBuilder.java:330)
	at org.eclipse.jdt.internal.core.builder.AbstractImageBuilder.compile(AbstractImageBuilder.java:305)
	at org.eclipse.jdt.internal.core.builder.IncrementalImageBuilder.build(IncrementalImageBuilder.java:135)
	at org.eclipse.jdt.internal.core.builder.JavaBuilder.buildDeltas(JavaBuilder.java:267)
	at org.eclipse.jdt.internal.core.builder.JavaBuilder.build(JavaBuilder.java:195)
	at org.eclipse.core.internal.events.BuildManager$2.run(BuildManager.java:735)
	at org.eclipse.core.runtime.SafeRunner.run(SafeRunner.java:42)
	at org.eclipse.core.internal.events.BuildManager.basicBuild(BuildManager.java:206)
	at org.eclipse.core.internal.events.BuildManager.basicBuild(BuildManager.java:246)
	at org.eclipse.core.internal.events.BuildManager$1.run(BuildManager.java:301)
	at org.eclipse.core.runtime.SafeRunner.run(SafeRunner.java:42)
	at org.eclipse.core.internal.events.BuildManager.basicBuild(BuildManager.java:304)
	at org.eclipse.core.internal.events.BuildManager.basicBuildLoop(BuildManager.java:360)
	at org.eclipse.core.internal.events.BuildManager.build(BuildManager.java:383)
	at org.eclipse.core.internal.events.AutoBuildJob.doBuild(AutoBuildJob.java:144)
	at org.eclipse.core.internal.events.AutoBuildJob.run(AutoBuildJob.java:235)
	at org.eclipse.core.internal.jobs.Worker.run(Worker.java:55)
!SUBENTRY 1 org.eclipse.core.resources 4 368 2018-03-19 08:47:32.079
!MESSAGE File not found: C:\Users\Blackc0650\Desktop\APCSA-P1\Labs\bin\labs\unit2\Lab02g.class.

!ENTRY org.eclipse.jdt.core 4 4 2018-03-19 08:47:32.080
!MESSAGE JavaBuilder handling CoreException
!STACK 1
org.eclipse.core.internal.resources.ResourceException: File not found: C:\Users\Blackc0650\Desktop\APCSA-P1\Labs\bin\labs\unit3\Distance.class.
	at org.eclipse.core.internal.localstore.FileSystemResourceManager.read(FileSystemResourceManager.java:840)
	at org.eclipse.core.internal.resources.File.getContents(File.java:277)
	at org.eclipse.jdt.internal.core.util.Util.getResourceContentsAsByteArray(Util.java:1135)
	at org.eclipse.jdt.internal.core.builder.IncrementalImageBuilder.writeClassFileCheck(IncrementalImageBuilder.java:889)
	at org.eclipse.jdt.internal.core.builder.IncrementalImageBuilder.writeClassFileContents(IncrementalImageBuilder.java:831)
	at org.eclipse.jdt.internal.core.builder.AbstractImageBuilder.writeClassFile(AbstractImageBuilder.java:860)
	at org.eclipse.jdt.internal.core.builder.AbstractImageBuilder.acceptResult(AbstractImageBuilder.java:191)
	at org.eclipse.jdt.internal.compiler.Compiler.processCompiledUnits(Compiler.java:593)
	at org.eclipse.jdt.internal.compiler.Compiler.compile(Compiler.java:462)
	at org.eclipse.jdt.internal.compiler.Compiler.compile(Compiler.java:417)
	at org.eclipse.jdt.internal.core.builder.AbstractImageBuilder.compile(AbstractImageBuilder.java:368)
	at org.eclipse.jdt.internal.core.builder.IncrementalImageBuilder.compile(IncrementalImageBuilder.java:330)
	at org.eclipse.jdt.internal.core.builder.AbstractImageBuilder.compile(AbstractImageBuilder.java:305)
	at org.eclipse.jdt.internal.core.builder.IncrementalImageBuilder.build(IncrementalImageBuilder.java:135)
	at org.eclipse.jdt.internal.core.builder.JavaBuilder.buildDeltas(JavaBuilder.java:267)
	at org.eclipse.jdt.internal.core.builder.JavaBuilder.build(JavaBuilder.java:195)
	at org.eclipse.core.internal.events.BuildManager$2.run(BuildManager.java:735)
	at org.eclipse.core.runtime.SafeRunner.run(SafeRunner.java:42)
	at org.eclipse.core.internal.events.BuildManager.basicBuild(BuildManager.java:206)
	at org.eclipse.core.internal.events.BuildManager.basicBuild(BuildManager.java:246)
	at org.eclipse.core.internal.events.BuildManager$1.run(BuildManager.java:301)
	at org.eclipse.core.runtime.SafeRunner.run(SafeRunner.java:42)
	at org.eclipse.core.internal.events.BuildManager.basicBuild(BuildManager.java:304)
	at org.eclipse.core.internal.events.BuildManager.basicBuildLoop(BuildManager.java:360)
	at org.eclipse.core.internal.events.BuildManager.build(BuildManager.java:383)
	at org.eclipse.core.internal.events.AutoBuildJob.doBuild(AutoBuildJob.java:144)
	at org.eclipse.core.internal.events.AutoBuildJob.run(AutoBuildJob.java:235)
	at org.eclipse.core.internal.jobs.Worker.run(Worker.java:55)
!SUBENTRY 1 org.eclipse.core.resources 4 368 2018-03-19 08:47:32.080
!MESSAGE File not found: C:\Users\Blackc0650\Desktop\APCSA-P1\Labs\bin\labs\unit3\Distance.class.

!ENTRY org.eclipse.jdt.core 4 4 2018-03-19 08:47:32.081
!MESSAGE JavaBuilder handling CoreException
!STACK 1
org.eclipse.core.internal.resources.ResourceException: File not found: C:\Users\Blackc0650\Desktop\APCSA-P1\Labs\bin\labs\unit3\Lab03c.class.
	at org.eclipse.core.internal.localstore.FileSystemResourceManager.read(FileSystemResourceManager.java:840)
	at org.eclipse.core.internal.resources.File.getContents(File.java:277)
	at org.eclipse.jdt.internal.core.util.Util.getResourceContentsAsByteArray(Util.java:1135)
	at org.eclipse.jdt.internal.core.builder.IncrementalImageBuilder.writeClassFileCheck(IncrementalImageBuilder.java:889)
	at org.eclipse.jdt.internal.core.builder.IncrementalImageBuilder.writeClassFileContents(IncrementalImageBuilder.java:831)
	at org.eclipse.jdt.internal.core.builder.AbstractImageBuilder.writeClassFile(AbstractImageBuilder.java:860)
	at org.eclipse.jdt.internal.core.builder.AbstractImageBuilder.acceptResult(AbstractImageBuilder.java:191)
	at org.eclipse.jdt.internal.compiler.Compiler.processCompiledUnits(Compiler.java:593)
	at org.eclipse.jdt.internal.compiler.Compiler.compile(Compiler.java:462)
	at org.eclipse.jdt.internal.compiler.Compiler.compile(Compiler.java:417)
	at org.eclipse.jdt.internal.core.builder.AbstractImageBuilder.compile(AbstractImageBuilder.java:368)
	at org.eclipse.jdt.internal.core.builder.IncrementalImageBuilder.compile(IncrementalImageBuilder.java:330)
	at org.eclipse.jdt.internal.core.builder.AbstractImageBuilder.compile(AbstractImageBuilder.java:305)
	at org.eclipse.jdt.internal.core.builder.IncrementalImageBuilder.build(IncrementalImageBuilder.java:135)
	at org.eclipse.jdt.internal.core.builder.JavaBuilder.buildDeltas(JavaBuilder.java:267)
	at org.eclipse.jdt.internal.core.builder.JavaBuilder.build(JavaBuilder.java:195)
	at org.eclipse.core.internal.events.BuildManager$2.run(BuildManager.java:735)
	at org.eclipse.core.runtime.SafeRunner.run(SafeRunner.java:42)
	at org.eclipse.core.internal.events.BuildManager.basicBuild(BuildManager.java:206)
	at org.eclipse.core.internal.events.BuildManager.basicBuild(BuildManager.java:246)
	at org.eclipse.core.internal.events.BuildManager$1.run(BuildManager.java:301)
	at org.eclipse.core.runtime.SafeRunner.run(SafeRunner.java:42)
	at org.eclipse.core.internal.events.BuildManager.basicBuild(BuildManager.java:304)
	at org.eclipse.core.internal.events.BuildManager.basicBuildLoop(BuildManager.java:360)
	at org.eclipse.core.internal.events.BuildManager.build(BuildManager.java:383)
	at org.eclipse.core.internal.events.AutoBuildJob.doBuild(AutoBuildJob.java:144)
	at org.eclipse.core.internal.events.AutoBuildJob.run(AutoBuildJob.java:235)
	at org.eclipse.core.internal.jobs.Worker.run(Worker.java:55)
!SUBENTRY 1 org.eclipse.core.resources 4 368 2018-03-19 08:47:32.081
!MESSAGE File not found: C:\Users\Blackc0650\Desktop\APCSA-P1\Labs\bin\labs\unit3\Lab03c.class.

!ENTRY org.eclipse.jdt.core 4 4 2018-03-19 08:47:32.081
!MESSAGE JavaBuilder handling CoreException
!STACK 1
org.eclipse.core.internal.resources.ResourceException: File not found: C:\Users\Blackc0650\Desktop\APCSA-P1\Labs\bin\labs\unit3\Lab03d.class.
	at org.eclipse.core.internal.localstore.FileSystemResourceManager.read(FileSystemResourceManager.java:840)
	at org.eclipse.core.internal.resources.File.getContents(File.java:277)
	at org.eclipse.jdt.internal.core.util.Util.getResourceContentsAsByteArray(Util.java:1135)
	at org.eclipse.jdt.internal.core.builder.IncrementalImageBuilder.writeClassFileCheck(IncrementalImageBuilder.java:889)
	at org.eclipse.jdt.internal.core.builder.IncrementalImageBuilder.writeClassFileContents(IncrementalImageBuilder.java:831)
	at org.eclipse.jdt.internal.core.builder.AbstractImageBuilder.writeClassFile(AbstractImageBuilder.java:860)
	at org.eclipse.jdt.internal.core.builder.AbstractImageBuilder.acceptResult(AbstractImageBuilder.java:191)
	at org.eclipse.jdt.internal.compiler.Compiler.processCompiledUnits(Compiler.java:593)
	at org.eclipse.jdt.internal.compiler.Compiler.compile(Compiler.java:462)
	at org.eclipse.jdt.internal.compiler.Compiler.compile(Compiler.java:417)
	at org.eclipse.jdt.internal.core.builder.AbstractImageBuilder.compile(AbstractImageBuilder.java:368)
	at org.eclipse.jdt.internal.core.builder.IncrementalImageBuilder.compile(IncrementalImageBuilder.java:330)
	at org.eclipse.jdt.internal.core.builder.AbstractImageBuilder.compile(AbstractImageBuilder.java:305)
	at org.eclipse.jdt.internal.core.builder.IncrementalImageBuilder.build(IncrementalImageBuilder.java:135)
	at org.eclipse.jdt.internal.core.builder.JavaBuilder.buildDeltas(JavaBuilder.java:267)
	at org.eclipse.jdt.internal.core.builder.JavaBuilder.build(JavaBuilder.java:195)
	at org.eclipse.core.internal.events.BuildManager$2.run(BuildManager.java:735)
	at org.eclipse.core.runtime.SafeRunner.run(SafeRunner.java:42)
	at org.eclipse.core.internal.events.BuildManager.basicBuild(BuildManager.java:206)
	at org.eclipse.core.internal.events.BuildManager.basicBuild(BuildManager.java:246)
	at org.eclipse.core.internal.events.BuildManager$1.run(BuildManager.java:301)
	at org.eclipse.core.runtime.SafeRunner.run(SafeRunner.java:42)
	at org.eclipse.core.internal.events.BuildManager.basicBuild(BuildManager.java:304)
	at org.eclipse.core.internal.events.BuildManager.basicBuildLoop(BuildManager.java:360)
	at org.eclipse.core.internal.events.BuildManager.build(BuildManager.java:383)
	at org.eclipse.core.internal.events.AutoBuildJob.doBuild(AutoBuildJob.java:144)
	at org.eclipse.core.internal.events.AutoBuildJob.run(AutoBuildJob.java:235)
	at org.eclipse.core.internal.jobs.Worker.run(Worker.java:55)
!SUBENTRY 1 org.eclipse.core.resources 4 368 2018-03-19 08:47:32.082
!MESSAGE File not found: C:\Users\Blackc0650\Desktop\APCSA-P1\Labs\bin\labs\unit3\Lab03d.class.

!ENTRY org.eclipse.jdt.core 4 4 2018-03-19 08:47:32.082
!MESSAGE JavaBuilder handling CoreException
!STACK 1
org.eclipse.core.internal.resources.ResourceException: File not found: C:\Users\Blackc0650\Desktop\APCSA-P1\Labs\bin\labs\unit3\Quadratic.class.
	at org.eclipse.core.internal.localstore.FileSystemResourceManager.read(FileSystemResourceManager.java:840)
	at org.eclipse.core.internal.resources.File.getContents(File.java:277)
	at org.eclipse.jdt.internal.core.util.Util.getResourceContentsAsByteArray(Util.java:1135)
	at org.eclipse.jdt.internal.core.builder.IncrementalImageBuilder.writeClassFileCheck(IncrementalImageBuilder.java:889)
	at org.eclipse.jdt.internal.core.builder.IncrementalImageBuilder.writeClassFileContents(IncrementalImageBuilder.java:831)
	at org.eclipse.jdt.internal.core.builder.AbstractImageBuilder.writeClassFile(AbstractImageBuilder.java:860)
	at org.eclipse.jdt.internal.core.builder.AbstractImageBuilder.acceptResult(AbstractImageBuilder.java:191)
	at org.eclipse.jdt.internal.compiler.Compiler.processCompiledUnits(Compiler.java:593)
	at org.eclipse.jdt.internal.compiler.Compiler.compile(Compiler.java:462)
	at org.eclipse.jdt.internal.compiler.Compiler.compile(Compiler.java:417)
	at org.eclipse.jdt.internal.core.builder.AbstractImageBuilder.compile(AbstractImageBuilder.java:368)
	at org.eclipse.jdt.internal.core.builder.IncrementalImageBuilder.compile(IncrementalImageBuilder.java:330)
	at org.eclipse.jdt.internal.core.builder.AbstractImageBuilder.compile(AbstractImageBuilder.java:305)
	at org.eclipse.jdt.internal.core.builder.IncrementalImageBuilder.build(IncrementalImageBuilder.java:135)
	at org.eclipse.jdt.internal.core.builder.JavaBuilder.buildDeltas(JavaBuilder.java:267)
	at org.eclipse.jdt.internal.core.builder.JavaBuilder.build(JavaBuilder.java:195)
	at org.eclipse.core.internal.events.BuildManager$2.run(BuildManager.java:735)
	at org.eclipse.core.runtime.SafeRunner.run(SafeRunner.java:42)
	at org.eclipse.core.internal.events.BuildManager.basicBuild(BuildManager.java:206)
	at org.eclipse.core.internal.events.BuildManager.basicBuild(BuildManager.java:246)
	at org.eclipse.core.internal.events.BuildManager$1.run(BuildManager.java:301)
	at org.eclipse.core.runtime.SafeRunner.run(SafeRunner.java:42)
	at org.eclipse.core.internal.events.BuildManager.basicBuild(BuildManager.java:304)
	at org.eclipse.core.internal.events.BuildManager.basicBuildLoop(BuildManager.java:360)
	at org.eclipse.core.internal.events.BuildManager.build(BuildManager.java:383)
	at org.eclipse.core.internal.events.AutoBuildJob.doBuild(AutoBuildJob.java:144)
	at org.eclipse.core.internal.events.AutoBuildJob.run(AutoBuildJob.java:235)
	at org.eclipse.core.internal.jobs.Worker.run(Worker.java:55)
!SUBENTRY 1 org.eclipse.core.resources 4 368 2018-03-19 08:47:32.082
!MESSAGE File not found: C:\Users\Blackc0650\Desktop\APCSA-P1\Labs\bin\labs\unit3\Quadratic.class.

!ENTRY org.eclipse.jdt.core 4 4 2018-03-19 08:47:32.083
!MESSAGE JavaBuilder handling CoreException
!STACK 1
org.eclipse.core.internal.resources.ResourceException: File not found: C:\Users\Blackc0650\Desktop\APCSA-P1\Labs\bin\labs\unit5\Lab05d.class.
	at org.eclipse.core.internal.localstore.FileSystemResourceManager.read(FileSystemResourceManager.java:840)
	at org.eclipse.core.internal.resources.File.getContents(File.java:277)
	at org.eclipse.jdt.internal.core.util.Util.getResourceContentsAsByteArray(Util.java:1135)
	at org.eclipse.jdt.internal.core.builder.IncrementalImageBuilder.writeClassFileCheck(IncrementalImageBuilder.java:889)
	at org.eclipse.jdt.internal.core.builder.IncrementalImageBuilder.writeClassFileContents(IncrementalImageBuilder.java:831)
	at org.eclipse.jdt.internal.core.builder.AbstractImageBuilder.writeClassFile(AbstractImageBuilder.java:860)
	at org.eclipse.jdt.internal.core.builder.AbstractImageBuilder.acceptResult(AbstractImageBuilder.java:191)
	at org.eclipse.jdt.internal.compiler.Compiler.processCompiledUnits(Compiler.java:593)
	at org.eclipse.jdt.internal.compiler.Compiler.compile(Compiler.java:462)
	at org.eclipse.jdt.internal.compiler.Compiler.compile(Compiler.java:417)
	at org.eclipse.jdt.internal.core.builder.AbstractImageBuilder.compile(AbstractImageBuilder.java:368)
	at org.eclipse.jdt.internal.core.builder.IncrementalImageBuilder.compile(IncrementalImageBuilder.java:330)
	at org.eclipse.jdt.internal.core.builder.AbstractImageBuilder.compile(AbstractImageBuilder.java:305)
	at org.eclipse.jdt.internal.core.builder.IncrementalImageBuilder.build(IncrementalImageBuilder.java:135)
	at org.eclipse.jdt.internal.core.builder.JavaBuilder.buildDeltas(JavaBuilder.java:267)
	at org.eclipse.jdt.internal.core.builder.JavaBuilder.build(JavaBuilder.java:195)
	at org.eclipse.core.internal.events.BuildManager$2.run(BuildManager.java:735)
	at org.eclipse.core.runtime.SafeRunner.run(SafeRunner.java:42)
	at org.eclipse.core.internal.events.BuildManager.basicBuild(BuildManager.java:206)
	at org.eclipse.core.internal.events.BuildManager.basicBuild(BuildManager.java:246)
	at org.eclipse.core.internal.events.BuildManager$1.run(BuildManager.java:301)
	at org.eclipse.core.runtime.SafeRunner.run(SafeRunner.java:42)
	at org.eclipse.core.internal.events.BuildManager.basicBuild(BuildManager.java:304)
	at org.eclipse.core.internal.events.BuildManager.basicBuildLoop(BuildManager.java:360)
	at org.eclipse.core.internal.events.BuildManager.build(BuildManager.java:383)
	at org.eclipse.core.internal.events.AutoBuildJob.doBuild(AutoBuildJob.java:144)
	at org.eclipse.core.internal.events.AutoBuildJob.run(AutoBuildJob.java:235)
	at org.eclipse.core.internal.jobs.Worker.run(Worker.java:55)
!SUBENTRY 1 org.eclipse.core.resources 4 368 2018-03-19 08:47:32.083
!MESSAGE File not found: C:\Users\Blackc0650\Desktop\APCSA-P1\Labs\bin\labs\unit5\Lab05d.class.

!ENTRY org.eclipse.jdt.core 4 4 2018-03-19 08:47:32.084
!MESSAGE JavaBuilder handling CoreException
!STACK 1
org.eclipse.core.internal.resources.ResourceException: File not found: C:\Users\Blackc0650\Desktop\APCSA-P1\Labs\bin\labs\unit5\Magpie2.class.
	at org.eclipse.core.internal.localstore.FileSystemResourceManager.read(FileSystemResourceManager.java:840)
	at org.eclipse.core.internal.resources.File.getContents(File.java:277)
	at org.eclipse.jdt.internal.core.util.Util.getResourceContentsAsByteArray(Util.java:1135)
	at org.eclipse.jdt.internal.core.builder.IncrementalImageBuilder.writeClassFileCheck(IncrementalImageBuilder.java:889)
	at org.eclipse.jdt.internal.core.builder.IncrementalImageBuilder.writeClassFileContents(IncrementalImageBuilder.java:831)
	at org.eclipse.jdt.internal.core.builder.AbstractImageBuilder.writeClassFile(AbstractImageBuilder.java:860)
	at org.eclipse.jdt.internal.core.builder.AbstractImageBuilder.acceptResult(AbstractImageBuilder.java:191)
	at org.eclipse.jdt.internal.compiler.Compiler.processCompiledUnits(Compiler.java:593)
	at org.eclipse.jdt.internal.compiler.Compiler.compile(Compiler.java:462)
	at org.eclipse.jdt.internal.compiler.Compiler.compile(Compiler.java:417)
	at org.eclipse.jdt.internal.core.builder.AbstractImageBuilder.compile(AbstractImageBuilder.java:368)
	at org.eclipse.jdt.internal.core.builder.IncrementalImageBuilder.compile(IncrementalImageBuilder.java:330)
	at org.eclipse.jdt.internal.core.builder.AbstractImageBuilder.compile(AbstractImageBuilder.java:305)
	at org.eclipse.jdt.internal.core.builder.IncrementalImageBuilder.build(IncrementalImageBuilder.java:135)
	at org.eclipse.jdt.internal.core.builder.JavaBuilder.buildDeltas(JavaBuilder.java:267)
	at org.eclipse.jdt.internal.core.builder.JavaBuilder.build(JavaBuilder.java:195)
	at org.eclipse.core.internal.events.BuildManager$2.run(BuildManager.java:735)
	at org.eclipse.core.runtime.SafeRunner.run(SafeRunner.java:42)
	at org.eclipse.core.internal.events.BuildManager.basicBuild(BuildManager.java:206)
	at org.eclipse.core.internal.events.BuildManager.basicBuild(BuildManager.java:246)
	at org.eclipse.core.internal.events.BuildManager$1.run(BuildManager.java:301)
	at org.eclipse.core.runtime.SafeRunner.run(SafeRunner.java:42)
	at org.eclipse.core.internal.events.BuildManager.basicBuild(BuildManager.java:304)
	at org.eclipse.core.internal.events.BuildManager.basicBuildLoop(BuildManager.java:360)
	at org.eclipse.core.internal.events.BuildManager.build(BuildManager.java:383)
	at org.eclipse.core.internal.events.AutoBuildJob.doBuild(AutoBuildJob.java:144)
	at org.eclipse.core.internal.events.AutoBuildJob.run(AutoBuildJob.java:235)
	at org.eclipse.core.internal.jobs.Worker.run(Worker.java:55)
!SUBENTRY 1 org.eclipse.core.resources 4 368 2018-03-19 08:47:32.084
!MESSAGE File not found: C:\Users\Blackc0650\Desktop\APCSA-P1\Labs\bin\labs\unit5\Magpie2.class.

!ENTRY org.eclipse.jdt.core 4 4 2018-03-19 08:47:32.085
!MESSAGE JavaBuilder handling CoreException
!STACK 1
org.eclipse.core.internal.resources.ResourceException: File not found: C:\Users\Blackc0650\Desktop\APCSA-P1\Labs\bin\labs\unit5\MagpieRunner2.class.
	at org.eclipse.core.internal.localstore.FileSystemResourceManager.read(FileSystemResourceManager.java:840)
	at org.eclipse.core.internal.resources.File.getContents(File.java:277)
	at org.eclipse.jdt.internal.core.util.Util.getResourceContentsAsByteArray(Util.java:1135)
	at org.eclipse.jdt.internal.core.builder.IncrementalImageBuilder.writeClassFileCheck(IncrementalImageBuilder.java:889)
	at org.eclipse.jdt.internal.core.builder.IncrementalImageBuilder.writeClassFileContents(IncrementalImageBuilder.java:831)
	at org.eclipse.jdt.internal.core.builder.AbstractImageBuilder.writeClassFile(AbstractImageBuilder.java:860)
	at org.eclipse.jdt.internal.core.builder.AbstractImageBuilder.acceptResult(AbstractImageBuilder.java:191)
	at org.eclipse.jdt.internal.compiler.Compiler.processCompiledUnits(Compiler.java:593)
	at org.eclipse.jdt.internal.compiler.Compiler.compile(Compiler.java:462)
	at org.eclipse.jdt.internal.compiler.Compiler.compile(Compiler.java:417)
	at org.eclipse.jdt.internal.core.builder.AbstractImageBuilder.compile(AbstractImageBuilder.java:368)
	at org.eclipse.jdt.internal.core.builder.IncrementalImageBuilder.compile(IncrementalImageBuilder.java:330)
	at org.eclipse.jdt.internal.core.builder.AbstractImageBuilder.compile(AbstractImageBuilder.java:305)
	at org.eclipse.jdt.internal.core.builder.IncrementalImageBuilder.build(IncrementalImageBuilder.java:135)
	at org.eclipse.jdt.internal.core.builder.JavaBuilder.buildDeltas(JavaBuilder.java:267)
	at org.eclipse.jdt.internal.core.builder.JavaBuilder.build(JavaBuilder.java:195)
	at org.eclipse.core.internal.events.BuildManager$2.run(BuildManager.java:735)
	at org.eclipse.core.runtime.SafeRunner.run(SafeRunner.java:42)
	at org.eclipse.core.internal.events.BuildManager.basicBuild(BuildManager.java:206)
	at org.eclipse.core.internal.events.BuildManager.basicBuild(BuildManager.java:246)
	at org.eclipse.core.internal.events.BuildManager$1.run(BuildManager.java:301)
	at org.eclipse.core.runtime.SafeRunner.run(SafeRunner.java:42)
	at org.eclipse.core.internal.events.BuildManager.basicBuild(BuildManager.java:304)
	at org.eclipse.core.internal.events.BuildManager.basicBuildLoop(BuildManager.java:360)
	at org.eclipse.core.internal.events.BuildManager.build(BuildManager.java:383)
	at org.eclipse.core.internal.events.AutoBuildJob.doBuild(AutoBuildJob.java:144)
	at org.eclipse.core.internal.events.AutoBuildJob.run(AutoBuildJob.java:235)
	at org.eclipse.core.internal.jobs.Worker.run(Worker.java:55)
!SUBENTRY 1 org.eclipse.core.resources 4 368 2018-03-19 08:47:32.085
!MESSAGE File not found: C:\Users\Blackc0650\Desktop\APCSA-P1\Labs\bin\labs\unit5\MagpieRunner2.class.

!ENTRY org.eclipse.jdt.core 4 4 2018-03-19 08:47:32.090
!MESSAGE JavaBuilder handling CoreException
!STACK 1
org.eclipse.core.internal.resources.ResourceException: File not found: C:\Users\Blackc0650\Desktop\APCSA-P1\Labs\bin\labs\unit7\Lab11j.class.
	at org.eclipse.core.internal.localstore.FileSystemResourceManager.read(FileSystemResourceManager.java:840)
	at org.eclipse.core.internal.resources.File.getContents(File.java:277)
	at org.eclipse.jdt.internal.core.util.Util.getResourceContentsAsByteArray(Util.java:1135)
	at org.eclipse.jdt.internal.core.builder.IncrementalImageBuilder.writeClassFileCheck(IncrementalImageBuilder.java:889)
	at org.eclipse.jdt.internal.core.builder.IncrementalImageBuilder.writeClassFileContents(IncrementalImageBuilder.java:831)
	at org.eclipse.jdt.internal.core.builder.AbstractImageBuilder.writeClassFile(AbstractImageBuilder.java:860)
	at org.eclipse.jdt.internal.core.builder.AbstractImageBuilder.acceptResult(AbstractImageBuilder.java:191)
	at org.eclipse.jdt.internal.compiler.Compiler.processCompiledUnits(Compiler.java:593)
	at org.eclipse.jdt.internal.compiler.Compiler.compile(Compiler.java:462)
	at org.eclipse.jdt.internal.compiler.Compiler.compile(Compiler.java:417)
	at org.eclipse.jdt.internal.core.builder.AbstractImageBuilder.compile(AbstractImageBuilder.java:368)
	at org.eclipse.jdt.internal.core.builder.IncrementalImageBuilder.compile(IncrementalImageBuilder.java:330)
	at org.eclipse.jdt.internal.core.builder.AbstractImageBuilder.compile(AbstractImageBuilder.java:305)
	at org.eclipse.jdt.internal.core.builder.IncrementalImageBuilder.build(IncrementalImageBuilder.java:135)
	at org.eclipse.jdt.internal.core.builder.JavaBuilder.buildDeltas(JavaBuilder.java:267)
	at org.eclipse.jdt.internal.core.builder.JavaBuilder.build(JavaBuilder.java:195)
	at org.eclipse.core.internal.events.BuildManager$2.run(BuildManager.java:735)
	at org.eclipse.core.runtime.SafeRunner.run(SafeRunner.java:42)
	at org.eclipse.core.internal.events.BuildManager.basicBuild(BuildManager.java:206)
	at org.eclipse.core.internal.events.BuildManager.basicBuild(BuildManager.java:246)
	at org.eclipse.core.internal.events.BuildManager$1.run(BuildManager.java:301)
	at org.eclipse.core.runtime.SafeRunner.run(SafeRunner.java:42)
	at org.eclipse.core.internal.events.BuildManager.basicBuild(BuildManager.java:304)
	at org.eclipse.core.internal.events.BuildManager.basicBuildLoop(BuildManager.java:360)
	at org.eclipse.core.internal.events.BuildManager.build(BuildManager.java:383)
	at org.eclipse.core.internal.events.AutoBuildJob.doBuild(AutoBuildJob.java:144)
	at org.eclipse.core.internal.events.AutoBuildJob.run(AutoBuildJob.java:235)
	at org.eclipse.core.internal.jobs.Worker.run(Worker.java:55)
!SUBENTRY 1 org.eclipse.core.resources 4 368 2018-03-19 08:47:32.090
!MESSAGE File not found: C:\Users\Blackc0650\Desktop\APCSA-P1\Labs\bin\labs\unit7\Lab11j.class.

!ENTRY org.eclipse.jdt.core 4 4 2018-03-19 08:47:32.106
!MESSAGE JavaBuilder handling CoreException
!STACK 1
org.eclipse.core.internal.resources.ResourceException: File not found: C:\Users\Blackc0650\Desktop\APCSA-P1\Labs\bin\labs\unit9\Shuffler.class.
	at org.eclipse.core.internal.localstore.FileSystemResourceManager.read(FileSystemResourceManager.java:840)
	at org.eclipse.core.internal.resources.File.getContents(File.java:277)
	at org.eclipse.jdt.internal.core.util.Util.getResourceContentsAsByteArray(Util.java:1135)
	at org.eclipse.jdt.internal.core.builder.IncrementalImageBuilder.writeClassFileCheck(IncrementalImageBuilder.java:889)
	at org.eclipse.jdt.internal.core.builder.IncrementalImageBuilder.writeClassFileContents(IncrementalImageBuilder.java:831)
	at org.eclipse.jdt.internal.core.builder.AbstractImageBuilder.writeClassFile(AbstractImageBuilder.java:860)
	at org.eclipse.jdt.internal.core.builder.AbstractImageBuilder.acceptResult(AbstractImageBuilder.java:191)
	at org.eclipse.jdt.internal.compiler.Compiler.processCompiledUnits(Compiler.java:593)
	at org.eclipse.jdt.internal.compiler.Compiler.compile(Compiler.java:462)
	at org.eclipse.jdt.internal.compiler.Compiler.compile(Compiler.java:417)
	at org.eclipse.jdt.internal.core.builder.AbstractImageBuilder.compile(AbstractImageBuilder.java:368)
	at org.eclipse.jdt.internal.core.builder.IncrementalImageBuilder.compile(IncrementalImageBuilder.java:330)
	at org.eclipse.jdt.internal.core.builder.AbstractImageBuilder.compile(AbstractImageBuilder.java:305)
	at org.eclipse.jdt.internal.core.builder.IncrementalImageBuilder.build(IncrementalImageBuilder.java:135)
	at org.eclipse.jdt.internal.core.builder.JavaBuilder.buildDeltas(JavaBuilder.java:267)
	at org.eclipse.jdt.internal.core.builder.JavaBuilder.build(JavaBuilder.java:195)
	at org.eclipse.core.internal.events.BuildManager$2.run(BuildManager.java:735)
	at org.eclipse.core.runtime.SafeRunner.run(SafeRunner.java:42)
	at org.eclipse.core.internal.events.BuildManager.basicBuild(BuildManager.java:206)
	at org.eclipse.core.internal.events.BuildManager.basicBuild(BuildManager.java:246)
	at org.eclipse.core.internal.events.BuildManager$1.run(BuildManager.java:301)
	at org.eclipse.core.runtime.SafeRunner.run(SafeRunner.java:42)
	at org.eclipse.core.internal.events.BuildManager.basicBuild(BuildManager.java:304)
	at org.eclipse.core.internal.events.BuildManager.basicBuildLoop(BuildManager.java:360)
	at org.eclipse.core.internal.events.BuildManager.build(BuildManager.java:383)
	at org.eclipse.core.internal.events.AutoBuildJob.doBuild(AutoBuildJob.java:144)
	at org.eclipse.core.internal.events.AutoBuildJob.run(AutoBuildJob.java:235)
	at org.eclipse.core.internal.jobs.Worker.run(Worker.java:55)
!SUBENTRY 1 org.eclipse.core.resources 4 368 2018-03-19 08:47:32.107
!MESSAGE File not found: C:\Users\Blackc0650\Desktop\APCSA-P1\Labs\bin\labs\unit9\Shuffler.class.

!ENTRY org.eclipse.jdt.core 4 4 2018-03-19 08:47:32.170
!MESSAGE JavaBuilder handling CoreException
!STACK 1
org.eclipse.core.internal.resources.ResourceException: File not found: C:\Users\Blackc0650\Desktop\APCSA-P1\Labs\bin\labs\unit10\deckWithList\DeckTester.class.
	at org.eclipse.core.internal.localstore.FileSystemResourceManager.read(FileSystemResourceManager.java:840)
	at org.eclipse.core.internal.resources.File.getContents(File.java:277)
	at org.eclipse.jdt.internal.core.util.Util.getResourceContentsAsByteArray(Util.java:1135)
	at org.eclipse.jdt.internal.core.builder.IncrementalImageBuilder.writeClassFileCheck(IncrementalImageBuilder.java:889)
	at org.eclipse.jdt.internal.core.builder.IncrementalImageBuilder.writeClassFileContents(IncrementalImageBuilder.java:831)
	at org.eclipse.jdt.internal.core.builder.AbstractImageBuilder.writeClassFile(AbstractImageBuilder.java:860)
	at org.eclipse.jdt.internal.core.builder.AbstractImageBuilder.acceptResult(AbstractImageBuilder.java:191)
	at org.eclipse.jdt.internal.compiler.Compiler.processCompiledUnits(Compiler.java:593)
	at org.eclipse.jdt.internal.compiler.Compiler.compile(Compiler.java:462)
	at org.eclipse.jdt.internal.compiler.Compiler.compile(Compiler.java:417)
	at org.eclipse.jdt.internal.core.builder.AbstractImageBuilder.compile(AbstractImageBuilder.java:368)
	at org.eclipse.jdt.internal.core.builder.IncrementalImageBuilder.compile(IncrementalImageBuilder.java:330)
	at org.eclipse.jdt.internal.core.builder.AbstractImageBuilder.compile(AbstractImageBuilder.java:305)
	at org.eclipse.jdt.internal.core.builder.IncrementalImageBuilder.build(IncrementalImageBuilder.java:135)
	at org.eclipse.jdt.internal.core.builder.JavaBuilder.buildDeltas(JavaBuilder.java:267)
	at org.eclipse.jdt.internal.core.builder.JavaBuilder.build(JavaBuilder.java:195)
	at org.eclipse.core.internal.events.BuildManager$2.run(BuildManager.java:735)
	at org.eclipse.core.runtime.SafeRunner.run(SafeRunner.java:42)
	at org.eclipse.core.internal.events.BuildManager.basicBuild(BuildManager.java:206)
	at org.eclipse.core.internal.events.BuildManager.basicBuild(BuildManager.java:246)
	at org.eclipse.core.internal.events.BuildManager$1.run(BuildManager.java:301)
	at org.eclipse.core.runtime.SafeRunner.run(SafeRunner.java:42)
	at org.eclipse.core.internal.events.BuildManager.basicBuild(BuildManager.java:304)
	at org.eclipse.core.internal.events.BuildManager.basicBuildLoop(BuildManager.java:360)
	at org.eclipse.core.internal.events.BuildManager.build(BuildManager.java:383)
	at org.eclipse.core.internal.events.AutoBuildJob.doBuild(AutoBuildJob.java:144)
	at org.eclipse.core.internal.events.AutoBuildJob.run(AutoBuildJob.java:235)
	at org.eclipse.core.internal.jobs.Worker.run(Worker.java:55)
!SUBENTRY 1 org.eclipse.core.resources 4 368 2018-03-19 08:47:32.170
!MESSAGE File not found: C:\Users\Blackc0650\Desktop\APCSA-P1\Labs\bin\labs\unit10\deckWithList\DeckTester.class.

!ENTRY org.eclipse.jdt.core 4 4 2018-03-19 08:47:33.358
!MESSAGE JavaBuilder handling CoreException
!STACK 1
org.eclipse.core.internal.resources.ResourceException: File not found: C:\Users\Blackc0650\Desktop\APCSA-P1\Labs\bin\labs\unit0\Lab0a1.class.
	at org.eclipse.core.internal.localstore.FileSystemResourceManager.read(FileSystemResourceManager.java:840)
	at org.eclipse.core.internal.resources.File.getContents(File.java:277)
	at org.eclipse.jdt.internal.core.util.Util.getResourceContentsAsByteArray(Util.java:1135)
	at org.eclipse.jdt.internal.core.builder.IncrementalImageBuilder.writeClassFileCheck(IncrementalImageBuilder.java:889)
	at org.eclipse.jdt.internal.core.builder.IncrementalImageBuilder.writeClassFileContents(IncrementalImageBuilder.java:831)
	at org.eclipse.jdt.internal.core.builder.AbstractImageBuilder.writeClassFile(AbstractImageBuilder.java:860)
	at org.eclipse.jdt.internal.core.builder.AbstractImageBuilder.acceptResult(AbstractImageBuilder.java:191)
	at org.eclipse.jdt.internal.compiler.Compiler.processCompiledUnits(Compiler.java:593)
	at org.eclipse.jdt.internal.compiler.Compiler.compile(Compiler.java:462)
	at org.eclipse.jdt.internal.compiler.Compiler.compile(Compiler.java:417)
	at org.eclipse.jdt.internal.core.builder.AbstractImageBuilder.compile(AbstractImageBuilder.java:368)
	at org.eclipse.jdt.internal.core.builder.IncrementalImageBuilder.compile(IncrementalImageBuilder.java:330)
	at org.eclipse.jdt.internal.core.builder.AbstractImageBuilder.compile(AbstractImageBuilder.java:305)
	at org.eclipse.jdt.internal.core.builder.IncrementalImageBuilder.build(IncrementalImageBuilder.java:135)
	at org.eclipse.jdt.internal.core.builder.JavaBuilder.buildDeltas(JavaBuilder.java:267)
	at org.eclipse.jdt.internal.core.builder.JavaBuilder.build(JavaBuilder.java:195)
	at org.eclipse.core.internal.events.BuildManager$2.run(BuildManager.java:735)
	at org.eclipse.core.runtime.SafeRunner.run(SafeRunner.java:42)
	at org.eclipse.core.internal.events.BuildManager.basicBuild(BuildManager.java:206)
	at org.eclipse.core.internal.events.BuildManager.basicBuild(BuildManager.java:246)
	at org.eclipse.core.internal.events.BuildManager$1.run(BuildManager.java:301)
	at org.eclipse.core.runtime.SafeRunner.run(SafeRunner.java:42)
	at org.eclipse.core.internal.events.BuildManager.basicBuild(BuildManager.java:304)
	at org.eclipse.core.internal.events.BuildManager.basicBuildLoop(BuildManager.java:360)
	at org.eclipse.core.internal.events.BuildManager.build(BuildManager.java:383)
	at org.eclipse.core.internal.events.AutoBuildJob.doBuild(AutoBuildJob.java:144)
	at org.eclipse.core.internal.events.AutoBuildJob.run(AutoBuildJob.java:235)
	at org.eclipse.core.internal.jobs.Worker.run(Worker.java:55)
!SUBENTRY 1 org.eclipse.core.resources 4 368 2018-03-19 08:47:33.358
!MESSAGE File not found: C:\Users\Blackc0650\Desktop\APCSA-P1\Labs\bin\labs\unit0\Lab0a1.class.

!ENTRY org.eclipse.jdt.core 4 4 2018-03-19 08:47:33.359
!MESSAGE JavaBuilder handling CoreException
!STACK 1
org.eclipse.core.internal.resources.ResourceException: File not found: C:\Users\Blackc0650\Desktop\APCSA-P1\Labs\bin\labs\unit0\Lab0a3.class.
	at org.eclipse.core.internal.localstore.FileSystemResourceManager.read(FileSystemResourceManager.java:840)
	at org.eclipse.core.internal.resources.File.getContents(File.java:277)
	at org.eclipse.jdt.internal.core.util.Util.getResourceContentsAsByteArray(Util.java:1135)
	at org.eclipse.jdt.internal.core.builder.IncrementalImageBuilder.writeClassFileCheck(IncrementalImageBuilder.java:889)
	at org.eclipse.jdt.internal.core.builder.IncrementalImageBuilder.writeClassFileContents(IncrementalImageBuilder.java:831)
	at org.eclipse.jdt.internal.core.builder.AbstractImageBuilder.writeClassFile(AbstractImageBuilder.java:860)
	at org.eclipse.jdt.internal.core.builder.AbstractImageBuilder.acceptResult(AbstractImageBuilder.java:191)
	at org.eclipse.jdt.internal.compiler.Compiler.processCompiledUnits(Compiler.java:593)
	at org.eclipse.jdt.internal.compiler.Compiler.compile(Compiler.java:462)
	at org.eclipse.jdt.internal.compiler.Compiler.compile(Compiler.java:417)
	at org.eclipse.jdt.internal.core.builder.AbstractImageBuilder.compile(AbstractImageBuilder.java:368)
	at org.eclipse.jdt.internal.core.builder.IncrementalImageBuilder.compile(IncrementalImageBuilder.java:330)
	at org.eclipse.jdt.internal.core.builder.AbstractImageBuilder.compile(AbstractImageBuilder.java:305)
	at org.eclipse.jdt.internal.core.builder.IncrementalImageBuilder.build(IncrementalImageBuilder.java:135)
	at org.eclipse.jdt.internal.core.builder.JavaBuilder.buildDeltas(JavaBuilder.java:267)
	at org.eclipse.jdt.internal.core.builder.JavaBuilder.build(JavaBuilder.java:195)
	at org.eclipse.core.internal.events.BuildManager$2.run(BuildManager.java:735)
	at org.eclipse.core.runtime.SafeRunner.run(SafeRunner.java:42)
	at org.eclipse.core.internal.events.BuildManager.basicBuild(BuildManager.java:206)
	at org.eclipse.core.internal.events.BuildManager.basicBuild(BuildManager.java:246)
	at org.eclipse.core.internal.events.BuildManager$1.run(BuildManager.java:301)
	at org.eclipse.core.runtime.SafeRunner.run(SafeRunner.java:42)
	at org.eclipse.core.internal.events.BuildManager.basicBuild(BuildManager.java:304)
	at org.eclipse.core.internal.events.BuildManager.basicBuildLoop(BuildManager.java:360)
	at org.eclipse.core.internal.events.BuildManager.build(BuildManager.java:383)
	at org.eclipse.core.internal.events.AutoBuildJob.doBuild(AutoBuildJob.java:144)
	at org.eclipse.core.internal.events.AutoBuildJob.run(AutoBuildJob.java:235)
	at org.eclipse.core.internal.jobs.Worker.run(Worker.java:55)
!SUBENTRY 1 org.eclipse.core.resources 4 368 2018-03-19 08:47:33.359
!MESSAGE File not found: C:\Users\Blackc0650\Desktop\APCSA-P1\Labs\bin\labs\unit0\Lab0a3.class.

!ENTRY org.eclipse.jdt.core 4 4 2018-03-19 08:47:33.361
!MESSAGE JavaBuilder handling CoreException
!STACK 1
org.eclipse.core.internal.resources.ResourceException: File not found: C:\Users\Blackc0650\Desktop\APCSA-P1\Labs\bin\labs\unit0\Lab0b.class.
	at org.eclipse.core.internal.localstore.FileSystemResourceManager.read(FileSystemResourceManager.java:840)
	at org.eclipse.core.internal.resources.File.getContents(File.java:277)
	at org.eclipse.jdt.internal.core.util.Util.getResourceContentsAsByteArray(Util.java:1135)
	at org.eclipse.jdt.internal.core.builder.IncrementalImageBuilder.writeClassFileCheck(IncrementalImageBuilder.java:889)
	at org.eclipse.jdt.internal.core.builder.IncrementalImageBuilder.writeClassFileContents(IncrementalImageBuilder.java:831)
	at org.eclipse.jdt.internal.core.builder.AbstractImageBuilder.writeClassFile(AbstractImageBuilder.java:860)
	at org.eclipse.jdt.internal.core.builder.AbstractImageBuilder.acceptResult(AbstractImageBuilder.java:191)
	at org.eclipse.jdt.internal.compiler.Compiler.processCompiledUnits(Compiler.java:593)
	at org.eclipse.jdt.internal.compiler.Compiler.compile(Compiler.java:462)
	at org.eclipse.jdt.internal.compiler.Compiler.compile(Compiler.java:417)
	at org.eclipse.jdt.internal.core.builder.AbstractImageBuilder.compile(AbstractImageBuilder.java:368)
	at org.eclipse.jdt.internal.core.builder.IncrementalImageBuilder.compile(IncrementalImageBuilder.java:330)
	at org.eclipse.jdt.internal.core.builder.AbstractImageBuilder.compile(AbstractImageBuilder.java:305)
	at org.eclipse.jdt.internal.core.builder.IncrementalImageBuilder.build(IncrementalImageBuilder.java:135)
	at org.eclipse.jdt.internal.core.builder.JavaBuilder.buildDeltas(JavaBuilder.java:267)
	at org.eclipse.jdt.internal.core.builder.JavaBuilder.build(JavaBuilder.java:195)
	at org.eclipse.core.internal.events.BuildManager$2.run(BuildManager.java:735)
	at org.eclipse.core.runtime.SafeRunner.run(SafeRunner.java:42)
	at org.eclipse.core.internal.events.BuildManager.basicBuild(BuildManager.java:206)
	at org.eclipse.core.internal.events.BuildManager.basicBuild(BuildManager.java:246)
	at org.eclipse.core.internal.events.BuildManager$1.run(BuildManager.java:301)
	at org.eclipse.core.runtime.SafeRunner.run(SafeRunner.java:42)
	at org.eclipse.core.internal.events.BuildManager.basicBuild(BuildManager.java:304)
	at org.eclipse.core.internal.events.BuildManager.basicBuildLoop(BuildManager.java:360)
	at org.eclipse.core.internal.events.BuildManager.build(BuildManager.java:383)
	at org.eclipse.core.internal.events.AutoBuildJob.doBuild(AutoBuildJob.java:144)
	at org.eclipse.core.internal.events.AutoBuildJob.run(AutoBuildJob.java:235)
	at org.eclipse.core.internal.jobs.Worker.run(Worker.java:55)
!SUBENTRY 1 org.eclipse.core.resources 4 368 2018-03-19 08:47:33.361
!MESSAGE File not found: C:\Users\Blackc0650\Desktop\APCSA-P1\Labs\bin\labs\unit0\Lab0b.class.

!ENTRY org.eclipse.jdt.core 4 4 2018-03-19 08:47:33.362
!MESSAGE JavaBuilder handling CoreException
!STACK 1
org.eclipse.core.internal.resources.ResourceException: File not found: C:\Users\Blackc0650\Desktop\APCSA-P1\Labs\bin\labs\unit0\Lab0c.class.
	at org.eclipse.core.internal.localstore.FileSystemResourceManager.read(FileSystemResourceManager.java:840)
	at org.eclipse.core.internal.resources.File.getContents(File.java:277)
	at org.eclipse.jdt.internal.core.util.Util.getResourceContentsAsByteArray(Util.java:1135)
	at org.eclipse.jdt.internal.core.builder.IncrementalImageBuilder.writeClassFileCheck(IncrementalImageBuilder.java:889)
	at org.eclipse.jdt.internal.core.builder.IncrementalImageBuilder.writeClassFileContents(IncrementalImageBuilder.java:831)
	at org.eclipse.jdt.internal.core.builder.AbstractImageBuilder.writeClassFile(AbstractImageBuilder.java:860)
	at org.eclipse.jdt.internal.core.builder.AbstractImageBuilder.acceptResult(AbstractImageBuilder.java:191)
	at org.eclipse.jdt.internal.compiler.Compiler.processCompiledUnits(Compiler.java:593)
	at org.eclipse.jdt.internal.compiler.Compiler.compile(Compiler.java:462)
	at org.eclipse.jdt.internal.compiler.Compiler.compile(Compiler.java:417)
	at org.eclipse.jdt.internal.core.builder.AbstractImageBuilder.compile(AbstractImageBuilder.java:368)
	at org.eclipse.jdt.internal.core.builder.IncrementalImageBuilder.compile(IncrementalImageBuilder.java:330)
	at org.eclipse.jdt.internal.core.builder.AbstractImageBuilder.compile(AbstractImageBuilder.java:305)
	at org.eclipse.jdt.internal.core.builder.IncrementalImageBuilder.build(IncrementalImageBuilder.java:135)
	at org.eclipse.jdt.internal.core.builder.JavaBuilder.buildDeltas(JavaBuilder.java:267)
	at org.eclipse.jdt.internal.core.builder.JavaBuilder.build(JavaBuilder.java:195)
	at org.eclipse.core.internal.events.BuildManager$2.run(BuildManager.java:735)
	at org.eclipse.core.runtime.SafeRunner.run(SafeRunner.java:42)
	at org.eclipse.core.internal.events.BuildManager.basicBuild(BuildManager.java:206)
	at org.eclipse.core.internal.events.BuildManager.basicBuild(BuildManager.java:246)
	at org.eclipse.core.internal.events.BuildManager$1.run(BuildManager.java:301)
	at org.eclipse.core.runtime.SafeRunner.run(SafeRunner.java:42)
	at org.eclipse.core.internal.events.BuildManager.basicBuild(BuildManager.java:304)
	at org.eclipse.core.internal.events.BuildManager.basicBuildLoop(BuildManager.java:360)
	at org.eclipse.core.internal.events.BuildManager.build(BuildManager.java:383)
	at org.eclipse.core.internal.events.AutoBuildJob.doBuild(AutoBuildJob.java:144)
	at org.eclipse.core.internal.events.AutoBuildJob.run(AutoBuildJob.java:235)
	at org.eclipse.core.internal.jobs.Worker.run(Worker.java:55)
!SUBENTRY 1 org.eclipse.core.resources 4 368 2018-03-19 08:47:33.362
!MESSAGE File not found: C:\Users\Blackc0650\Desktop\APCSA-P1\Labs\bin\labs\unit0\Lab0c.class.

!ENTRY org.eclipse.jdt.core 4 4 2018-03-19 08:47:33.365
!MESSAGE JavaBuilder handling CoreException
!STACK 1
org.eclipse.core.internal.resources.ResourceException: File not found: C:\Users\Blackc0650\Desktop\APCSA-P1\Labs\bin\labs\unit1\BigHouse.class.
	at org.eclipse.core.internal.localstore.FileSystemResourceManager.read(FileSystemResourceManager.java:840)
	at org.eclipse.core.internal.resources.File.getContents(File.java:277)
	at org.eclipse.jdt.internal.core.util.Util.getResourceContentsAsByteArray(Util.java:1135)
	at org.eclipse.jdt.internal.core.builder.IncrementalImageBuilder.writeClassFileCheck(IncrementalImageBuilder.java:889)
	at org.eclipse.jdt.internal.core.builder.IncrementalImageBuilder.writeClassFileContents(IncrementalImageBuilder.java:831)
	at org.eclipse.jdt.internal.core.builder.AbstractImageBuilder.writeClassFile(AbstractImageBuilder.java:860)
	at org.eclipse.jdt.internal.core.builder.AbstractImageBuilder.acceptResult(AbstractImageBuilder.java:191)
	at org.eclipse.jdt.internal.compiler.Compiler.processCompiledUnits(Compiler.java:593)
	at org.eclipse.jdt.internal.compiler.Compiler.compile(Compiler.java:462)
	at org.eclipse.jdt.internal.compiler.Compiler.compile(Compiler.java:417)
	at org.eclipse.jdt.internal.core.builder.AbstractImageBuilder.compile(AbstractImageBuilder.java:368)
	at org.eclipse.jdt.internal.core.builder.IncrementalImageBuilder.compile(IncrementalImageBuilder.java:330)
	at org.eclipse.jdt.internal.core.builder.AbstractImageBuilder.compile(AbstractImageBuilder.java:305)
	at org.eclipse.jdt.internal.core.builder.IncrementalImageBuilder.build(IncrementalImageBuilder.java:135)
	at org.eclipse.jdt.internal.core.builder.JavaBuilder.buildDeltas(JavaBuilder.java:267)
	at org.eclipse.jdt.internal.core.builder.JavaBuilder.build(JavaBuilder.java:195)
	at org.eclipse.core.internal.events.BuildManager$2.run(BuildManager.java:735)
	at org.eclipse.core.runtime.SafeRunner.run(SafeRunner.java:42)
	at org.eclipse.core.internal.events.BuildManager.basicBuild(BuildManager.java:206)
	at org.eclipse.core.internal.events.BuildManager.basicBuild(BuildManager.java:246)
	at org.eclipse.core.internal.events.BuildManager$1.run(BuildManager.java:301)
	at org.eclipse.core.runtime.SafeRunner.run(SafeRunner.java:42)
	at org.eclipse.core.internal.events.BuildManager.basicBuild(BuildManager.java:304)
	at org.eclipse.core.internal.events.BuildManager.basicBuildLoop(BuildManager.java:360)
	at org.eclipse.core.internal.events.BuildManager.build(BuildManager.java:383)
	at org.eclipse.core.internal.events.AutoBuildJob.doBuild(AutoBuildJob.java:144)
	at org.eclipse.core.internal.events.AutoBuildJob.run(AutoBuildJob.java:235)
	at org.eclipse.core.internal.jobs.Worker.run(Worker.java:55)
!SUBENTRY 1 org.eclipse.core.resources 4 368 2018-03-19 08:47:33.365
!MESSAGE File not found: C:\Users\Blackc0650\Desktop\APCSA-P1\Labs\bin\labs\unit1\BigHouse.class.

!ENTRY org.eclipse.jdt.core 4 4 2018-03-19 08:47:33.368
!MESSAGE JavaBuilder handling CoreException
!STACK 1
org.eclipse.core.internal.resources.ResourceException: File not found: C:\Users\Blackc0650\Desktop\APCSA-P1\Labs\bin\labs\unit10\Lab16d\Lab16d.class.
	at org.eclipse.core.internal.localstore.FileSystemResourceManager.read(FileSystemResourceManager.java:840)
	at org.eclipse.core.internal.resources.File.getContents(File.java:277)
	at org.eclipse.jdt.internal.core.util.Util.getResourceContentsAsByteArray(Util.java:1135)
	at org.eclipse.jdt.internal.core.builder.IncrementalImageBuilder.writeClassFileCheck(IncrementalImageBuilder.java:889)
	at org.eclipse.jdt.internal.core.builder.IncrementalImageBuilder.writeClassFileContents(IncrementalImageBuilder.java:831)
	at org.eclipse.jdt.internal.core.builder.AbstractImageBuilder.writeClassFile(AbstractImageBuilder.java:860)
	at org.eclipse.jdt.internal.core.builder.AbstractImageBuilder.acceptResult(AbstractImageBuilder.java:191)
	at org.eclipse.jdt.internal.compiler.Compiler.processCompiledUnits(Compiler.java:593)
	at org.eclipse.jdt.internal.compiler.Compiler.compile(Compiler.java:462)
	at org.eclipse.jdt.internal.compiler.Compiler.compile(Compiler.java:417)
	at org.eclipse.jdt.internal.core.builder.AbstractImageBuilder.compile(AbstractImageBuilder.java:368)
	at org.eclipse.jdt.internal.core.builder.IncrementalImageBuilder.compile(IncrementalImageBuilder.java:330)
	at org.eclipse.jdt.internal.core.builder.AbstractImageBuilder.compile(AbstractImageBuilder.java:305)
	at org.eclipse.jdt.internal.core.builder.IncrementalImageBuilder.build(IncrementalImageBuilder.java:135)
	at org.eclipse.jdt.internal.core.builder.JavaBuilder.buildDeltas(JavaBuilder.java:267)
	at org.eclipse.jdt.internal.core.builder.JavaBuilder.build(JavaBuilder.java:195)
	at org.eclipse.core.internal.events.BuildManager$2.run(BuildManager.java:735)
	at org.eclipse.core.runtime.SafeRunner.run(SafeRunner.java:42)
	at org.eclipse.core.internal.events.BuildManager.basicBuild(BuildManager.java:206)
	at org.eclipse.core.internal.events.BuildManager.basicBuild(BuildManager.java:246)
	at org.eclipse.core.internal.events.BuildManager$1.run(BuildManager.java:301)
	at org.eclipse.core.runtime.SafeRunner.run(SafeRunner.java:42)
	at org.eclipse.core.internal.events.BuildManager.basicBuild(BuildManager.java:304)
	at org.eclipse.core.internal.events.BuildManager.basicBuildLoop(BuildManager.java:360)
	at org.eclipse.core.internal.events.BuildManager.build(BuildManager.java:383)
	at org.eclipse.core.internal.events.AutoBuildJob.doBuild(AutoBuildJob.java:144)
	at org.eclipse.core.internal.events.AutoBuildJob.run(AutoBuildJob.java:235)
	at org.eclipse.core.internal.jobs.Worker.run(Worker.java:55)
!SUBENTRY 1 org.eclipse.core.resources 4 368 2018-03-19 08:47:33.368
!MESSAGE File not found: C:\Users\Blackc0650\Desktop\APCSA-P1\Labs\bin\labs\unit10\Lab16d\Lab16d.class.

!ENTRY org.eclipse.jdt.core 4 4 2018-03-19 08:47:33.373
!MESSAGE JavaBuilder handling CoreException
!STACK 1
org.eclipse.core.internal.resources.ResourceException: File not found: C:\Users\Blackc0650\Desktop\APCSA-P1\Labs\bin\labs\unit10\Lab16d\MadLib.class.
	at org.eclipse.core.internal.localstore.FileSystemResourceManager.read(FileSystemResourceManager.java:840)
	at org.eclipse.core.internal.resources.File.getContents(File.java:277)
	at org.eclipse.jdt.internal.core.util.Util.getResourceContentsAsByteArray(Util.java:1135)
	at org.eclipse.jdt.internal.core.builder.IncrementalImageBuilder.writeClassFileCheck(IncrementalImageBuilder.java:889)
	at org.eclipse.jdt.internal.core.builder.IncrementalImageBuilder.writeClassFileContents(IncrementalImageBuilder.java:831)
	at org.eclipse.jdt.internal.core.builder.AbstractImageBuilder.writeClassFile(AbstractImageBuilder.java:860)
	at org.eclipse.jdt.internal.core.builder.AbstractImageBuilder.acceptResult(AbstractImageBuilder.java:191)
	at org.eclipse.jdt.internal.compiler.Compiler.processCompiledUnits(Compiler.java:593)
	at org.eclipse.jdt.internal.compiler.Compiler.compile(Compiler.java:462)
	at org.eclipse.jdt.internal.compiler.Compiler.compile(Compiler.java:417)
	at org.eclipse.jdt.internal.core.builder.AbstractImageBuilder.compile(AbstractImageBuilder.java:368)
	at org.eclipse.jdt.internal.core.builder.IncrementalImageBuilder.compile(IncrementalImageBuilder.java:330)
	at org.eclipse.jdt.internal.core.builder.AbstractImageBuilder.compile(AbstractImageBuilder.java:305)
	at org.eclipse.jdt.internal.core.builder.IncrementalImageBuilder.build(IncrementalImageBuilder.java:135)
	at org.eclipse.jdt.internal.core.builder.JavaBuilder.buildDeltas(JavaBuilder.java:267)
	at org.eclipse.jdt.internal.core.builder.JavaBuilder.build(JavaBuilder.java:195)
	at org.eclipse.core.internal.events.BuildManager$2.run(BuildManager.java:735)
	at org.eclipse.core.runtime.SafeRunner.run(SafeRunner.java:42)
	at org.eclipse.core.internal.events.BuildManager.basicBuild(BuildManager.java:206)
	at org.eclipse.core.internal.events.BuildManager.basicBuild(BuildManager.java:246)
	at org.eclipse.core.internal.events.BuildManager$1.run(BuildManager.java:301)
	at org.eclipse.core.runtime.SafeRunner.run(SafeRunner.java:42)
	at org.eclipse.core.internal.events.BuildManager.basicBuild(BuildManager.java:304)
	at org.eclipse.core.internal.events.BuildManager.basicBuildLoop(BuildManager.java:360)
	at org.eclipse.core.internal.events.BuildManager.build(BuildManager.java:383)
	at org.eclipse.core.internal.events.AutoBuildJob.doBuild(AutoBuildJob.java:144)
	at org.eclipse.core.internal.events.AutoBuildJob.run(AutoBuildJob.java:235)
	at org.eclipse.core.internal.jobs.Worker.run(Worker.java:55)
!SUBENTRY 1 org.eclipse.core.resources 4 368 2018-03-19 08:47:33.373
!MESSAGE File not found: C:\Users\Blackc0650\Desktop\APCSA-P1\Labs\bin\labs\unit10\Lab16d\MadLib.class.

!ENTRY org.eclipse.jdt.core 4 4 2018-03-19 08:47:33.379
!MESSAGE JavaBuilder handling CoreException
!STACK 1
org.eclipse.core.internal.resources.ResourceException: File not found: C:\Users\Blackc0650\Desktop\APCSA-P1\Labs\bin\labs\unit12\lab18d\Lab18d.class.
	at org.eclipse.core.internal.localstore.FileSystemResourceManager.read(FileSystemResourceManager.java:840)
	at org.eclipse.core.internal.resources.File.getContents(File.java:277)
	at org.eclipse.jdt.internal.core.util.Util.getResourceContentsAsByteArray(Util.java:1135)
	at org.eclipse.jdt.internal.core.builder.IncrementalImageBuilder.writeClassFileCheck(IncrementalImageBuilder.java:889)
	at org.eclipse.jdt.internal.core.builder.IncrementalImageBuilder.writeClassFileContents(IncrementalImageBuilder.java:831)
	at org.eclipse.jdt.internal.core.builder.AbstractImageBuilder.writeClassFile(AbstractImageBuilder.java:860)
	at org.eclipse.jdt.internal.core.builder.AbstractImageBuilder.acceptResult(AbstractImageBuilder.java:191)
	at org.eclipse.jdt.internal.compiler.Compiler.processCompiledUnits(Compiler.java:593)
	at org.eclipse.jdt.internal.compiler.Compiler.compile(Compiler.java:462)
	at org.eclipse.jdt.internal.compiler.Compiler.compile(Compiler.java:417)
	at org.eclipse.jdt.internal.core.builder.AbstractImageBuilder.compile(AbstractImageBuilder.java:368)
	at org.eclipse.jdt.internal.core.builder.IncrementalImageBuilder.compile(IncrementalImageBuilder.java:330)
	at org.eclipse.jdt.internal.core.builder.AbstractImageBuilder.compile(AbstractImageBuilder.java:305)
	at org.eclipse.jdt.internal.core.builder.IncrementalImageBuilder.build(IncrementalImageBuilder.java:135)
	at org.eclipse.jdt.internal.core.builder.JavaBuilder.buildDeltas(JavaBuilder.java:267)
	at org.eclipse.jdt.internal.core.builder.JavaBuilder.build(JavaBuilder.java:195)
	at org.eclipse.core.internal.events.BuildManager$2.run(BuildManager.java:735)
	at org.eclipse.core.runtime.SafeRunner.run(SafeRunner.java:42)
	at org.eclipse.core.internal.events.BuildManager.basicBuild(BuildManager.java:206)
	at org.eclipse.core.internal.events.BuildManager.basicBuild(BuildManager.java:246)
	at org.eclipse.core.internal.events.BuildManager$1.run(BuildManager.java:301)
	at org.eclipse.core.runtime.SafeRunner.run(SafeRunner.java:42)
	at org.eclipse.core.internal.events.BuildManager.basicBuild(BuildManager.java:304)
	at org.eclipse.core.internal.events.BuildManager.basicBuildLoop(BuildManager.java:360)
	at org.eclipse.core.internal.events.BuildManager.build(BuildManager.java:383)
	at org.eclipse.core.internal.events.AutoBuildJob.doBuild(AutoBuildJob.java:144)
	at org.eclipse.core.internal.events.AutoBuildJob.run(AutoBuildJob.java:235)
	at org.eclipse.core.internal.jobs.Worker.run(Worker.java:55)
!SUBENTRY 1 org.eclipse.core.resources 4 368 2018-03-19 08:47:33.380
!MESSAGE File not found: C:\Users\Blackc0650\Desktop\APCSA-P1\Labs\bin\labs\unit12\lab18d\Lab18d.class.

!ENTRY org.eclipse.jdt.core 4 4 2018-03-19 08:47:33.398
!MESSAGE JavaBuilder handling CoreException
!STACK 1
org.eclipse.core.internal.resources.ResourceException: File not found: C:\Users\Blackc0650\Desktop\APCSA-P1\Labs\bin\labs\utils\AutoSignature.class.
	at org.eclipse.core.internal.localstore.FileSystemResourceManager.read(FileSystemResourceManager.java:840)
	at org.eclipse.core.internal.resources.File.getContents(File.java:277)
	at org.eclipse.jdt.internal.core.util.Util.getResourceContentsAsByteArray(Util.java:1135)
	at org.eclipse.jdt.internal.core.builder.IncrementalImageBuilder.writeClassFileCheck(IncrementalImageBuilder.java:889)
	at org.eclipse.jdt.internal.core.builder.IncrementalImageBuilder.writeClassFileContents(IncrementalImageBuilder.java:831)
	at org.eclipse.jdt.internal.core.builder.AbstractImageBuilder.writeClassFile(AbstractImageBuilder.java:860)
	at org.eclipse.jdt.internal.core.builder.AbstractImageBuilder.acceptResult(AbstractImageBuilder.java:191)
	at org.eclipse.jdt.internal.compiler.Compiler.processCompiledUnits(Compiler.java:593)
	at org.eclipse.jdt.internal.compiler.Compiler.compile(Compiler.java:462)
	at org.eclipse.jdt.internal.compiler.Compiler.compile(Compiler.java:417)
	at org.eclipse.jdt.internal.core.builder.AbstractImageBuilder.compile(AbstractImageBuilder.java:368)
	at org.eclipse.jdt.internal.core.builder.IncrementalImageBuilder.compile(IncrementalImageBuilder.java:330)
	at org.eclipse.jdt.internal.core.builder.AbstractImageBuilder.compile(AbstractImageBuilder.java:305)
	at org.eclipse.jdt.internal.core.builder.IncrementalImageBuilder.build(IncrementalImageBuilder.java:135)
	at org.eclipse.jdt.internal.core.builder.JavaBuilder.buildDeltas(JavaBuilder.java:267)
	at org.eclipse.jdt.internal.core.builder.JavaBuilder.build(JavaBuilder.java:195)
	at org.eclipse.core.internal.events.BuildManager$2.run(BuildManager.java:735)
	at org.eclipse.core.runtime.SafeRunner.run(SafeRunner.java:42)
	at org.eclipse.core.internal.events.BuildManager.basicBuild(BuildManager.java:206)
	at org.eclipse.core.internal.events.BuildManager.basicBuild(BuildManager.java:246)
	at org.eclipse.core.internal.events.BuildManager$1.run(BuildManager.java:301)
	at org.eclipse.core.runtime.SafeRunner.run(SafeRunner.java:42)
	at org.eclipse.core.internal.events.BuildManager.basicBuild(BuildManager.java:304)
	at org.eclipse.core.internal.events.BuildManager.basicBuildLoop(BuildManager.java:360)
	at org.eclipse.core.internal.events.BuildManager.build(BuildManager.java:383)
	at org.eclipse.core.internal.events.AutoBuildJob.doBuild(AutoBuildJob.java:144)
	at org.eclipse.core.internal.events.AutoBuildJob.run(AutoBuildJob.java:235)
	at org.eclipse.core.internal.jobs.Worker.run(Worker.java:55)
!SUBENTRY 1 org.eclipse.core.resources 4 368 2018-03-19 08:47:33.399
!MESSAGE File not found: C:\Users\Blackc0650\Desktop\APCSA-P1\Labs\bin\labs\utils\AutoSignature.class.

!ENTRY org.eclipse.recommenders.coordinates.rcp 4 10 2018-03-19 08:54:35.246
!MESSAGE Suggesting project coordinate for DependencyInfo{C:\Users\Blackc0650\Desktop\APCSA-P1\Labs, PROJECT, {PROJECT_NAME=Labs}} failed.
!STACK 0
java.lang.IllegalStateException: Expected the service to be RUNNING, but the service has FAILED
	at com.google.common.util.concurrent.AbstractService.checkCurrentState(AbstractService.java:334)
	at com.google.common.util.concurrent.AbstractService.awaitRunning(AbstractService.java:277)
	at com.google.common.util.concurrent.AbstractIdleService.awaitRunning(AbstractIdleService.java:177)
	at org.eclipse.recommenders.coordinates.rcp.EclipseProjectCoordinateAdvisorService.suggest(EclipseProjectCoordinateAdvisorService.java:136)
	at org.eclipse.recommenders.internal.models.rcp.ProjectCoordinateProvider.resolve(ProjectCoordinateProvider.java:189)
	at org.eclipse.recommenders.internal.models.rcp.ProjectCoordinateProvider.resolve(ProjectCoordinateProvider.java:130)
	at org.eclipse.recommenders.internal.models.rcp.ProjectCoordinateProvider.resolve(ProjectCoordinateProvider.java:104)
	at org.eclipse.recommenders.internal.models.rcp.ProjectCoordinateProvider.toUniqueName(ProjectCoordinateProvider.java:199)
	at org.eclipse.recommenders.internal.models.rcp.PrefetchModelArchiveJob.run(PrefetchModelArchiveJob.java:42)
	at org.eclipse.core.internal.jobs.Worker.run(Worker.java:55)
Caused by: java.lang.IllegalArgumentException: assertion failed.
	at org.eclipse.recommenders.utils.Throws.throwIllegalArgumentException(Throws.java:29)
	at org.eclipse.recommenders.utils.Checks.ensureIsTrue(Checks.java:254)
	at org.eclipse.recommenders.utils.Checks.ensureIsTrue(Checks.java:249)
	at org.eclipse.recommenders.coordinates.DependencyInfo.<init>(DependencyInfo.java:52)
	at org.eclipse.recommenders.internal.coordinates.rcp.DependencyInfoJsonTypeAdapter.deserialize(DependencyInfoJsonTypeAdapter.java:57)
	at org.eclipse.recommenders.internal.coordinates.rcp.DependencyInfoJsonTypeAdapter.deserialize(DependencyInfoJsonTypeAdapter.java:1)
	at com.google.gson.TreeTypeAdapter.read(TreeTypeAdapter.java:58)
	at com.google.gson.internal.bind.TypeAdapterRuntimeTypeWrapper.read(TypeAdapterRuntimeTypeWrapper.java:40)
	at com.google.gson.internal.bind.MapTypeAdapterFactory$Adapter.read(MapTypeAdapterFactory.java:173)
	at com.google.gson.internal.bind.MapTypeAdapterFactory$Adapter.read(MapTypeAdapterFactory.java:145)
	at com.google.gson.Gson.fromJson(Gson.java:803)
	at com.google.gson.Gson.fromJson(Gson.java:768)
	at com.google.gson.Gson.fromJson(Gson.java:717)
	at org.eclipse.recommenders.coordinates.rcp.EclipseProjectCoordinateAdvisorService.startUp(EclipseProjectCoordinateAdvisorService.java:172)
	at com.google.common.util.concurrent.AbstractIdleService$2$1.run(AbstractIdleService.java:54)
	at com.google.common.util.concurrent.Callables$3.run(Callables.java:93)
	at java.lang.Thread.run(Unknown Source)

!ENTRY org.eclipse.recommenders.coordinates.rcp 4 10 2018-03-19 08:54:40.875
!MESSAGE Suggesting project coordinate for DependencyInfo{C:\Users\Blackc0650\Desktop\APCSA-P1\Labs, PROJECT, {PROJECT_NAME=Labs}} failed.
!STACK 0
java.lang.IllegalStateException: Expected the service to be RUNNING, but the service has FAILED
	at com.google.common.util.concurrent.AbstractService.checkCurrentState(AbstractService.java:334)
	at com.google.common.util.concurrent.AbstractService.awaitRunning(AbstractService.java:277)
	at com.google.common.util.concurrent.AbstractIdleService.awaitRunning(AbstractIdleService.java:177)
	at org.eclipse.recommenders.coordinates.rcp.EclipseProjectCoordinateAdvisorService.suggest(EclipseProjectCoordinateAdvisorService.java:136)
	at org.eclipse.recommenders.internal.models.rcp.ProjectCoordinateProvider.resolve(ProjectCoordinateProvider.java:189)
	at org.eclipse.recommenders.internal.models.rcp.ProjectCoordinateProvider.resolve(ProjectCoordinateProvider.java:130)
	at org.eclipse.recommenders.internal.models.rcp.ProjectCoordinateProvider.resolve(ProjectCoordinateProvider.java:104)
	at org.eclipse.recommenders.internal.models.rcp.ProjectCoordinateProvider.toUniqueName(ProjectCoordinateProvider.java:199)
	at org.eclipse.recommenders.internal.models.rcp.PrefetchModelArchiveJob.run(PrefetchModelArchiveJob.java:42)
	at org.eclipse.core.internal.jobs.Worker.run(Worker.java:55)
Caused by: java.lang.IllegalArgumentException: assertion failed.
	at org.eclipse.recommenders.utils.Throws.throwIllegalArgumentException(Throws.java:29)
	at org.eclipse.recommenders.utils.Checks.ensureIsTrue(Checks.java:254)
	at org.eclipse.recommenders.utils.Checks.ensureIsTrue(Checks.java:249)
	at org.eclipse.recommenders.coordinates.DependencyInfo.<init>(DependencyInfo.java:52)
	at org.eclipse.recommenders.internal.coordinates.rcp.DependencyInfoJsonTypeAdapter.deserialize(DependencyInfoJsonTypeAdapter.java:57)
	at org.eclipse.recommenders.internal.coordinates.rcp.DependencyInfoJsonTypeAdapter.deserialize(DependencyInfoJsonTypeAdapter.java:1)
	at com.google.gson.TreeTypeAdapter.read(TreeTypeAdapter.java:58)
	at com.google.gson.internal.bind.TypeAdapterRuntimeTypeWrapper.read(TypeAdapterRuntimeTypeWrapper.java:40)
	at com.google.gson.internal.bind.MapTypeAdapterFactory$Adapter.read(MapTypeAdapterFactory.java:173)
	at com.google.gson.internal.bind.MapTypeAdapterFactory$Adapter.read(MapTypeAdapterFactory.java:145)
	at com.google.gson.Gson.fromJson(Gson.java:803)
	at com.google.gson.Gson.fromJson(Gson.java:768)
	at com.google.gson.Gson.fromJson(Gson.java:717)
	at org.eclipse.recommenders.coordinates.rcp.EclipseProjectCoordinateAdvisorService.startUp(EclipseProjectCoordinateAdvisorService.java:172)
	at com.google.common.util.concurrent.AbstractIdleService$2$1.run(AbstractIdleService.java:54)
	at com.google.common.util.concurrent.Callables$3.run(Callables.java:93)
	at java.lang.Thread.run(Unknown Source)

!ENTRY org.eclipse.recommenders.coordinates.rcp 4 10 2018-03-19 08:55:14.747
!MESSAGE Suggesting project coordinate for DependencyInfo{C:\Program Files\Java\jre1.8.0_51, JRE, {}} failed.
!STACK 0
java.lang.IllegalStateException: Expected the service to be RUNNING, but the service has FAILED
	at com.google.common.util.concurrent.AbstractService.checkCurrentState(AbstractService.java:334)
	at com.google.common.util.concurrent.AbstractService.awaitRunning(AbstractService.java:277)
	at com.google.common.util.concurrent.AbstractIdleService.awaitRunning(AbstractIdleService.java:177)
	at org.eclipse.recommenders.coordinates.rcp.EclipseProjectCoordinateAdvisorService.suggest(EclipseProjectCoordinateAdvisorService.java:136)
	at org.eclipse.recommenders.internal.models.rcp.ProjectCoordinateProvider.resolve(ProjectCoordinateProvider.java:189)
	at org.eclipse.recommenders.internal.models.rcp.ProjectCoordinateProvider.resolve(ProjectCoordinateProvider.java:130)
	at org.eclipse.recommenders.internal.models.rcp.ProjectCoordinateProvider.resolve(ProjectCoordinateProvider.java:104)
	at org.eclipse.recommenders.internal.models.rcp.ProjectCoordinateProvider.toUniqueName(ProjectCoordinateProvider.java:199)
	at org.eclipse.recommenders.internal.models.rcp.PrefetchModelArchiveJob.run(PrefetchModelArchiveJob.java:42)
	at org.eclipse.core.internal.jobs.Worker.run(Worker.java:55)
Caused by: java.lang.IllegalArgumentException: assertion failed.
	at org.eclipse.recommenders.utils.Throws.throwIllegalArgumentException(Throws.java:29)
	at org.eclipse.recommenders.utils.Checks.ensureIsTrue(Checks.java:254)
	at org.eclipse.recommenders.utils.Checks.ensureIsTrue(Checks.java:249)
	at org.eclipse.recommenders.coordinates.DependencyInfo.<init>(DependencyInfo.java:52)
	at org.eclipse.recommenders.internal.coordinates.rcp.DependencyInfoJsonTypeAdapter.deserialize(DependencyInfoJsonTypeAdapter.java:57)
	at org.eclipse.recommenders.internal.coordinates.rcp.DependencyInfoJsonTypeAdapter.deserialize(DependencyInfoJsonTypeAdapter.java:1)
	at com.google.gson.TreeTypeAdapter.read(TreeTypeAdapter.java:58)
	at com.google.gson.internal.bind.TypeAdapterRuntimeTypeWrapper.read(TypeAdapterRuntimeTypeWrapper.java:40)
	at com.google.gson.internal.bind.MapTypeAdapterFactory$Adapter.read(MapTypeAdapterFactory.java:173)
	at com.google.gson.internal.bind.MapTypeAdapterFactory$Adapter.read(MapTypeAdapterFactory.java:145)
	at com.google.gson.Gson.fromJson(Gson.java:803)
	at com.google.gson.Gson.fromJson(Gson.java:768)
	at com.google.gson.Gson.fromJson(Gson.java:717)
	at org.eclipse.recommenders.coordinates.rcp.EclipseProjectCoordinateAdvisorService.startUp(EclipseProjectCoordinateAdvisorService.java:172)
	at com.google.common.util.concurrent.AbstractIdleService$2$1.run(AbstractIdleService.java:54)
	at com.google.common.util.concurrent.Callables$3.run(Callables.java:93)
	at java.lang.Thread.run(Unknown Source)

!ENTRY org.eclipse.recommenders.coordinates.rcp 4 10 2018-03-19 08:55:17.847
!MESSAGE Suggesting project coordinate for DependencyInfo{C:\Program Files\Java\jre1.8.0_51, JRE, {}} failed.
!STACK 0
java.lang.IllegalStateException: Expected the service to be RUNNING, but the service has FAILED
	at com.google.common.util.concurrent.AbstractService.checkCurrentState(AbstractService.java:334)
	at com.google.common.util.concurrent.AbstractService.awaitRunning(AbstractService.java:277)
	at com.google.common.util.concurrent.AbstractIdleService.awaitRunning(AbstractIdleService.java:177)
	at org.eclipse.recommenders.coordinates.rcp.EclipseProjectCoordinateAdvisorService.suggest(EclipseProjectCoordinateAdvisorService.java:136)
	at org.eclipse.recommenders.internal.models.rcp.ProjectCoordinateProvider.resolve(ProjectCoordinateProvider.java:189)
	at org.eclipse.recommenders.internal.models.rcp.ProjectCoordinateProvider.resolve(ProjectCoordinateProvider.java:130)
	at org.eclipse.recommenders.internal.models.rcp.ProjectCoordinateProvider.resolve(ProjectCoordinateProvider.java:104)
	at org.eclipse.recommenders.internal.models.rcp.ProjectCoordinateProvider.toUniqueName(ProjectCoordinateProvider.java:199)
	at org.eclipse.recommenders.internal.models.rcp.PrefetchModelArchiveJob.run(PrefetchModelArchiveJob.java:42)
	at org.eclipse.core.internal.jobs.Worker.run(Worker.java:55)
Caused by: java.lang.IllegalArgumentException: assertion failed.
	at org.eclipse.recommenders.utils.Throws.throwIllegalArgumentException(Throws.java:29)
	at org.eclipse.recommenders.utils.Checks.ensureIsTrue(Checks.java:254)
	at org.eclipse.recommenders.utils.Checks.ensureIsTrue(Checks.java:249)
	at org.eclipse.recommenders.coordinates.DependencyInfo.<init>(DependencyInfo.java:52)
	at org.eclipse.recommenders.internal.coordinates.rcp.DependencyInfoJsonTypeAdapter.deserialize(DependencyInfoJsonTypeAdapter.java:57)
	at org.eclipse.recommenders.internal.coordinates.rcp.DependencyInfoJsonTypeAdapter.deserialize(DependencyInfoJsonTypeAdapter.java:1)
	at com.google.gson.TreeTypeAdapter.read(TreeTypeAdapter.java:58)
	at com.google.gson.internal.bind.TypeAdapterRuntimeTypeWrapper.read(TypeAdapterRuntimeTypeWrapper.java:40)
	at com.google.gson.internal.bind.MapTypeAdapterFactory$Adapter.read(MapTypeAdapterFactory.java:173)
	at com.google.gson.internal.bind.MapTypeAdapterFactory$Adapter.read(MapTypeAdapterFactory.java:145)
	at com.google.gson.Gson.fromJson(Gson.java:803)
	at com.google.gson.Gson.fromJson(Gson.java:768)
	at com.google.gson.Gson.fromJson(Gson.java:717)
	at org.eclipse.recommenders.coordinates.rcp.EclipseProjectCoordinateAdvisorService.startUp(EclipseProjectCoordinateAdvisorService.java:172)
	at com.google.common.util.concurrent.AbstractIdleService$2$1.run(AbstractIdleService.java:54)
	at com.google.common.util.concurrent.Callables$3.run(Callables.java:93)
	at java.lang.Thread.run(Unknown Source)

!ENTRY org.eclipse.recommenders.coordinates.rcp 4 10 2018-03-19 08:57:14.279
!MESSAGE Suggesting project coordinate for DependencyInfo{C:\Users\Blackc0650\Desktop\APCSA-P1\Labs, PROJECT, {PROJECT_NAME=Labs}} failed.
!STACK 0
java.lang.IllegalStateException: Expected the service to be RUNNING, but the service has FAILED
	at com.google.common.util.concurrent.AbstractService.checkCurrentState(AbstractService.java:334)
	at com.google.common.util.concurrent.AbstractService.awaitRunning(AbstractService.java:277)
	at com.google.common.util.concurrent.AbstractIdleService.awaitRunning(AbstractIdleService.java:177)
	at org.eclipse.recommenders.coordinates.rcp.EclipseProjectCoordinateAdvisorService.suggest(EclipseProjectCoordinateAdvisorService.java:136)
	at org.eclipse.recommenders.internal.models.rcp.ProjectCoordinateProvider.resolve(ProjectCoordinateProvider.java:189)
	at org.eclipse.recommenders.internal.models.rcp.ProjectCoordinateProvider.resolve(ProjectCoordinateProvider.java:130)
	at org.eclipse.recommenders.internal.models.rcp.ProjectCoordinateProvider.resolve(ProjectCoordinateProvider.java:104)
	at org.eclipse.recommenders.internal.models.rcp.ProjectCoordinateProvider.toUniqueName(ProjectCoordinateProvider.java:199)
	at org.eclipse.recommenders.internal.models.rcp.PrefetchModelArchiveJob.run(PrefetchModelArchiveJob.java:42)
	at org.eclipse.core.internal.jobs.Worker.run(Worker.java:55)
Caused by: java.lang.IllegalArgumentException: assertion failed.
	at org.eclipse.recommenders.utils.Throws.throwIllegalArgumentException(Throws.java:29)
	at org.eclipse.recommenders.utils.Checks.ensureIsTrue(Checks.java:254)
	at org.eclipse.recommenders.utils.Checks.ensureIsTrue(Checks.java:249)
	at org.eclipse.recommenders.coordinates.DependencyInfo.<init>(DependencyInfo.java:52)
	at org.eclipse.recommenders.internal.coordinates.rcp.DependencyInfoJsonTypeAdapter.deserialize(DependencyInfoJsonTypeAdapter.java:57)
	at org.eclipse.recommenders.internal.coordinates.rcp.DependencyInfoJsonTypeAdapter.deserialize(DependencyInfoJsonTypeAdapter.java:1)
	at com.google.gson.TreeTypeAdapter.read(TreeTypeAdapter.java:58)
	at com.google.gson.internal.bind.TypeAdapterRuntimeTypeWrapper.read(TypeAdapterRuntimeTypeWrapper.java:40)
	at com.google.gson.internal.bind.MapTypeAdapterFactory$Adapter.read(MapTypeAdapterFactory.java:173)
	at com.google.gson.internal.bind.MapTypeAdapterFactory$Adapter.read(MapTypeAdapterFactory.java:145)
	at com.google.gson.Gson.fromJson(Gson.java:803)
	at com.google.gson.Gson.fromJson(Gson.java:768)
	at com.google.gson.Gson.fromJson(Gson.java:717)
	at org.eclipse.recommenders.coordinates.rcp.EclipseProjectCoordinateAdvisorService.startUp(EclipseProjectCoordinateAdvisorService.java:172)
	at com.google.common.util.concurrent.AbstractIdleService$2$1.run(AbstractIdleService.java:54)
	at com.google.common.util.concurrent.Callables$3.run(Callables.java:93)
	at java.lang.Thread.run(Unknown Source)

!ENTRY org.eclipse.recommenders.coordinates.rcp 4 10 2018-03-19 08:58:20.039
!MESSAGE Suggesting project coordinate for DependencyInfo{C:\Users\Blackc0650\Desktop\APCSA-P1\Labs, PROJECT, {PROJECT_NAME=Labs}} failed.
!STACK 0
java.lang.IllegalStateException: Expected the service to be RUNNING, but the service has FAILED
	at com.google.common.util.concurrent.AbstractService.checkCurrentState(AbstractService.java:334)
	at com.google.common.util.concurrent.AbstractService.awaitRunning(AbstractService.java:277)
	at com.google.common.util.concurrent.AbstractIdleService.awaitRunning(AbstractIdleService.java:177)
	at org.eclipse.recommenders.coordinates.rcp.EclipseProjectCoordinateAdvisorService.suggest(EclipseProjectCoordinateAdvisorService.java:136)
	at org.eclipse.recommenders.internal.models.rcp.ProjectCoordinateProvider.resolve(ProjectCoordinateProvider.java:189)
	at org.eclipse.recommenders.internal.models.rcp.ProjectCoordinateProvider.resolve(ProjectCoordinateProvider.java:130)
	at org.eclipse.recommenders.internal.models.rcp.ProjectCoordinateProvider.resolve(ProjectCoordinateProvider.java:104)
	at org.eclipse.recommenders.internal.models.rcp.ProjectCoordinateProvider.toUniqueName(ProjectCoordinateProvider.java:199)
	at org.eclipse.recommenders.internal.models.rcp.PrefetchModelArchiveJob.run(PrefetchModelArchiveJob.java:42)
	at org.eclipse.core.internal.jobs.Worker.run(Worker.java:55)
Caused by: java.lang.IllegalArgumentException: assertion failed.
	at org.eclipse.recommenders.utils.Throws.throwIllegalArgumentException(Throws.java:29)
	at org.eclipse.recommenders.utils.Checks.ensureIsTrue(Checks.java:254)
	at org.eclipse.recommenders.utils.Checks.ensureIsTrue(Checks.java:249)
	at org.eclipse.recommenders.coordinates.DependencyInfo.<init>(DependencyInfo.java:52)
	at org.eclipse.recommenders.internal.coordinates.rcp.DependencyInfoJsonTypeAdapter.deserialize(DependencyInfoJsonTypeAdapter.java:57)
	at org.eclipse.recommenders.internal.coordinates.rcp.DependencyInfoJsonTypeAdapter.deserialize(DependencyInfoJsonTypeAdapter.java:1)
	at com.google.gson.TreeTypeAdapter.read(TreeTypeAdapter.java:58)
	at com.google.gson.internal.bind.TypeAdapterRuntimeTypeWrapper.read(TypeAdapterRuntimeTypeWrapper.java:40)
	at com.google.gson.internal.bind.MapTypeAdapterFactory$Adapter.read(MapTypeAdapterFactory.java:173)
	at com.google.gson.internal.bind.MapTypeAdapterFactory$Adapter.read(MapTypeAdapterFactory.java:145)
	at com.google.gson.Gson.fromJson(Gson.java:803)
	at com.google.gson.Gson.fromJson(Gson.java:768)
	at com.google.gson.Gson.fromJson(Gson.java:717)
	at org.eclipse.recommenders.coordinates.rcp.EclipseProjectCoordinateAdvisorService.startUp(EclipseProjectCoordinateAdvisorService.java:172)
	at com.google.common.util.concurrent.AbstractIdleService$2$1.run(AbstractIdleService.java:54)
	at com.google.common.util.concurrent.Callables$3.run(Callables.java:93)
	at java.lang.Thread.run(Unknown Source)

!ENTRY org.eclipse.recommenders.coordinates.rcp 4 10 2018-03-19 08:58:23.870
!MESSAGE Suggesting project coordinate for DependencyInfo{C:\Users\Blackc0650\Desktop\APCSA-P1\Labs, PROJECT, {PROJECT_NAME=Labs}} failed.
!STACK 0
java.lang.IllegalStateException: Expected the service to be RUNNING, but the service has FAILED
	at com.google.common.util.concurrent.AbstractService.checkCurrentState(AbstractService.java:334)
	at com.google.common.util.concurrent.AbstractService.awaitRunning(AbstractService.java:277)
	at com.google.common.util.concurrent.AbstractIdleService.awaitRunning(AbstractIdleService.java:177)
	at org.eclipse.recommenders.coordinates.rcp.EclipseProjectCoordinateAdvisorService.suggest(EclipseProjectCoordinateAdvisorService.java:136)
	at org.eclipse.recommenders.internal.models.rcp.ProjectCoordinateProvider.resolve(ProjectCoordinateProvider.java:189)
	at org.eclipse.recommenders.internal.models.rcp.ProjectCoordinateProvider.resolve(ProjectCoordinateProvider.java:130)
	at org.eclipse.recommenders.internal.models.rcp.ProjectCoordinateProvider.resolve(ProjectCoordinateProvider.java:104)
	at org.eclipse.recommenders.internal.models.rcp.ProjectCoordinateProvider.toUniqueName(ProjectCoordinateProvider.java:199)
	at org.eclipse.recommenders.internal.models.rcp.PrefetchModelArchiveJob.run(PrefetchModelArchiveJob.java:42)
	at org.eclipse.core.internal.jobs.Worker.run(Worker.java:55)
Caused by: java.lang.IllegalArgumentException: assertion failed.
	at org.eclipse.recommenders.utils.Throws.throwIllegalArgumentException(Throws.java:29)
	at org.eclipse.recommenders.utils.Checks.ensureIsTrue(Checks.java:254)
	at org.eclipse.recommenders.utils.Checks.ensureIsTrue(Checks.java:249)
	at org.eclipse.recommenders.coordinates.DependencyInfo.<init>(DependencyInfo.java:52)
	at org.eclipse.recommenders.internal.coordinates.rcp.DependencyInfoJsonTypeAdapter.deserialize(DependencyInfoJsonTypeAdapter.java:57)
	at org.eclipse.recommenders.internal.coordinates.rcp.DependencyInfoJsonTypeAdapter.deserialize(DependencyInfoJsonTypeAdapter.java:1)
	at com.google.gson.TreeTypeAdapter.read(TreeTypeAdapter.java:58)
	at com.google.gson.internal.bind.TypeAdapterRuntimeTypeWrapper.read(TypeAdapterRuntimeTypeWrapper.java:40)
	at com.google.gson.internal.bind.MapTypeAdapterFactory$Adapter.read(MapTypeAdapterFactory.java:173)
	at com.google.gson.internal.bind.MapTypeAdapterFactory$Adapter.read(MapTypeAdapterFactory.java:145)
	at com.google.gson.Gson.fromJson(Gson.java:803)
	at com.google.gson.Gson.fromJson(Gson.java:768)
	at com.google.gson.Gson.fromJson(Gson.java:717)
	at org.eclipse.recommenders.coordinates.rcp.EclipseProjectCoordinateAdvisorService.startUp(EclipseProjectCoordinateAdvisorService.java:172)
	at com.google.common.util.concurrent.AbstractIdleService$2$1.run(AbstractIdleService.java:54)
	at com.google.common.util.concurrent.Callables$3.run(Callables.java:93)
	at java.lang.Thread.run(Unknown Source)

!ENTRY org.eclipse.recommenders.coordinates.rcp 4 10 2018-03-19 08:58:44.607
!MESSAGE Suggesting project coordinate for DependencyInfo{C:\Users\Blackc0650\Desktop\APCSA-P1\Labs, PROJECT, {PROJECT_NAME=Labs}} failed.
!STACK 0
java.lang.IllegalStateException: Expected the service to be RUNNING, but the service has FAILED
	at com.google.common.util.concurrent.AbstractService.checkCurrentState(AbstractService.java:334)
	at com.google.common.util.concurrent.AbstractService.awaitRunning(AbstractService.java:277)
	at com.google.common.util.concurrent.AbstractIdleService.awaitRunning(AbstractIdleService.java:177)
	at org.eclipse.recommenders.coordinates.rcp.EclipseProjectCoordinateAdvisorService.suggest(EclipseProjectCoordinateAdvisorService.java:136)
	at org.eclipse.recommenders.internal.models.rcp.ProjectCoordinateProvider.resolve(ProjectCoordinateProvider.java:189)
	at org.eclipse.recommenders.internal.models.rcp.ProjectCoordinateProvider.resolve(ProjectCoordinateProvider.java:130)
	at org.eclipse.recommenders.internal.models.rcp.ProjectCoordinateProvider.resolve(ProjectCoordinateProvider.java:104)
	at org.eclipse.recommenders.internal.models.rcp.ProjectCoordinateProvider.toUniqueName(ProjectCoordinateProvider.java:199)
	at org.eclipse.recommenders.internal.models.rcp.PrefetchModelArchiveJob.run(PrefetchModelArchiveJob.java:42)
	at org.eclipse.core.internal.jobs.Worker.run(Worker.java:55)
Caused by: java.lang.IllegalArgumentException: assertion failed.
	at org.eclipse.recommenders.utils.Throws.throwIllegalArgumentException(Throws.java:29)
	at org.eclipse.recommenders.utils.Checks.ensureIsTrue(Checks.java:254)
	at org.eclipse.recommenders.utils.Checks.ensureIsTrue(Checks.java:249)
	at org.eclipse.recommenders.coordinates.DependencyInfo.<init>(DependencyInfo.java:52)
	at org.eclipse.recommenders.internal.coordinates.rcp.DependencyInfoJsonTypeAdapter.deserialize(DependencyInfoJsonTypeAdapter.java:57)
	at org.eclipse.recommenders.internal.coordinates.rcp.DependencyInfoJsonTypeAdapter.deserialize(DependencyInfoJsonTypeAdapter.java:1)
	at com.google.gson.TreeTypeAdapter.read(TreeTypeAdapter.java:58)
	at com.google.gson.internal.bind.TypeAdapterRuntimeTypeWrapper.read(TypeAdapterRuntimeTypeWrapper.java:40)
	at com.google.gson.internal.bind.MapTypeAdapterFactory$Adapter.read(MapTypeAdapterFactory.java:173)
	at com.google.gson.internal.bind.MapTypeAdapterFactory$Adapter.read(MapTypeAdapterFactory.java:145)
	at com.google.gson.Gson.fromJson(Gson.java:803)
	at com.google.gson.Gson.fromJson(Gson.java:768)
	at com.google.gson.Gson.fromJson(Gson.java:717)
	at org.eclipse.recommenders.coordinates.rcp.EclipseProjectCoordinateAdvisorService.startUp(EclipseProjectCoordinateAdvisorService.java:172)
	at com.google.common.util.concurrent.AbstractIdleService$2$1.run(AbstractIdleService.java:54)
	at com.google.common.util.concurrent.Callables$3.run(Callables.java:93)
	at java.lang.Thread.run(Unknown Source)

!ENTRY org.eclipse.recommenders.coordinates.rcp 4 10 2018-03-19 08:58:46.814
!MESSAGE Suggesting project coordinate for DependencyInfo{C:\Program Files\Java\jre1.8.0_51, JRE, {}} failed.
!STACK 0
java.lang.IllegalStateException: Expected the service to be RUNNING, but the service has FAILED
	at com.google.common.util.concurrent.AbstractService.checkCurrentState(AbstractService.java:334)
	at com.google.common.util.concurrent.AbstractService.awaitRunning(AbstractService.java:277)
	at com.google.common.util.concurrent.AbstractIdleService.awaitRunning(AbstractIdleService.java:177)
	at org.eclipse.recommenders.coordinates.rcp.EclipseProjectCoordinateAdvisorService.suggest(EclipseProjectCoordinateAdvisorService.java:136)
	at org.eclipse.recommenders.internal.models.rcp.ProjectCoordinateProvider.resolve(ProjectCoordinateProvider.java:189)
	at org.eclipse.recommenders.internal.models.rcp.ProjectCoordinateProvider.resolve(ProjectCoordinateProvider.java:130)
	at org.eclipse.recommenders.internal.models.rcp.ProjectCoordinateProvider.resolve(ProjectCoordinateProvider.java:104)
	at org.eclipse.recommenders.internal.models.rcp.ProjectCoordinateProvider.toUniqueName(ProjectCoordinateProvider.java:199)
	at org.eclipse.recommenders.internal.models.rcp.PrefetchModelArchiveJob.run(PrefetchModelArchiveJob.java:42)
	at org.eclipse.core.internal.jobs.Worker.run(Worker.java:55)
Caused by: java.lang.IllegalArgumentException: assertion failed.
	at org.eclipse.recommenders.utils.Throws.throwIllegalArgumentException(Throws.java:29)
	at org.eclipse.recommenders.utils.Checks.ensureIsTrue(Checks.java:254)
	at org.eclipse.recommenders.utils.Checks.ensureIsTrue(Checks.java:249)
	at org.eclipse.recommenders.coordinates.DependencyInfo.<init>(DependencyInfo.java:52)
	at org.eclipse.recommenders.internal.coordinates.rcp.DependencyInfoJsonTypeAdapter.deserialize(DependencyInfoJsonTypeAdapter.java:57)
	at org.eclipse.recommenders.internal.coordinates.rcp.DependencyInfoJsonTypeAdapter.deserialize(DependencyInfoJsonTypeAdapter.java:1)
	at com.google.gson.TreeTypeAdapter.read(TreeTypeAdapter.java:58)
	at com.google.gson.internal.bind.TypeAdapterRuntimeTypeWrapper.read(TypeAdapterRuntimeTypeWrapper.java:40)
	at com.google.gson.internal.bind.MapTypeAdapterFactory$Adapter.read(MapTypeAdapterFactory.java:173)
	at com.google.gson.internal.bind.MapTypeAdapterFactory$Adapter.read(MapTypeAdapterFactory.java:145)
	at com.google.gson.Gson.fromJson(Gson.java:803)
	at com.google.gson.Gson.fromJson(Gson.java:768)
	at com.google.gson.Gson.fromJson(Gson.java:717)
	at org.eclipse.recommenders.coordinates.rcp.EclipseProjectCoordinateAdvisorService.startUp(EclipseProjectCoordinateAdvisorService.java:172)
	at com.google.common.util.concurrent.AbstractIdleService$2$1.run(AbstractIdleService.java:54)
	at com.google.common.util.concurrent.Callables$3.run(Callables.java:93)
	at java.lang.Thread.run(Unknown Source)

!ENTRY org.eclipse.recommenders.coordinates.rcp 4 10 2018-03-19 08:59:22.989
!MESSAGE Suggesting project coordinate for DependencyInfo{C:\Users\Blackc0650\Desktop\APCSA-P1\Labs, PROJECT, {PROJECT_NAME=Labs}} failed.
!STACK 0
java.lang.IllegalStateException: Expected the service to be RUNNING, but the service has FAILED
	at com.google.common.util.concurrent.AbstractService.checkCurrentState(AbstractService.java:334)
	at com.google.common.util.concurrent.AbstractService.awaitRunning(AbstractService.java:277)
	at com.google.common.util.concurrent.AbstractIdleService.awaitRunning(AbstractIdleService.java:177)
	at org.eclipse.recommenders.coordinates.rcp.EclipseProjectCoordinateAdvisorService.suggest(EclipseProjectCoordinateAdvisorService.java:136)
	at org.eclipse.recommenders.internal.models.rcp.ProjectCoordinateProvider.resolve(ProjectCoordinateProvider.java:189)
	at org.eclipse.recommenders.internal.models.rcp.ProjectCoordinateProvider.resolve(ProjectCoordinateProvider.java:130)
	at org.eclipse.recommenders.internal.models.rcp.ProjectCoordinateProvider.resolve(ProjectCoordinateProvider.java:104)
	at org.eclipse.recommenders.internal.models.rcp.ProjectCoordinateProvider.toUniqueName(ProjectCoordinateProvider.java:199)
	at org.eclipse.recommenders.internal.models.rcp.PrefetchModelArchiveJob.run(PrefetchModelArchiveJob.java:42)
	at org.eclipse.core.internal.jobs.Worker.run(Worker.java:55)
Caused by: java.lang.IllegalArgumentException: assertion failed.
	at org.eclipse.recommenders.utils.Throws.throwIllegalArgumentException(Throws.java:29)
	at org.eclipse.recommenders.utils.Checks.ensureIsTrue(Checks.java:254)
	at org.eclipse.recommenders.utils.Checks.ensureIsTrue(Checks.java:249)
	at org.eclipse.recommenders.coordinates.DependencyInfo.<init>(DependencyInfo.java:52)
	at org.eclipse.recommenders.internal.coordinates.rcp.DependencyInfoJsonTypeAdapter.deserialize(DependencyInfoJsonTypeAdapter.java:57)
	at org.eclipse.recommenders.internal.coordinates.rcp.DependencyInfoJsonTypeAdapter.deserialize(DependencyInfoJsonTypeAdapter.java:1)
	at com.google.gson.TreeTypeAdapter.read(TreeTypeAdapter.java:58)
	at com.google.gson.internal.bind.TypeAdapterRuntimeTypeWrapper.read(TypeAdapterRuntimeTypeWrapper.java:40)
	at com.google.gson.internal.bind.MapTypeAdapterFactory$Adapter.read(MapTypeAdapterFactory.java:173)
	at com.google.gson.internal.bind.MapTypeAdapterFactory$Adapter.read(MapTypeAdapterFactory.java:145)
	at com.google.gson.Gson.fromJson(Gson.java:803)
	at com.google.gson.Gson.fromJson(Gson.java:768)
	at com.google.gson.Gson.fromJson(Gson.java:717)
	at org.eclipse.recommenders.coordinates.rcp.EclipseProjectCoordinateAdvisorService.startUp(EclipseProjectCoordinateAdvisorService.java:172)
	at com.google.common.util.concurrent.AbstractIdleService$2$1.run(AbstractIdleService.java:54)
	at com.google.common.util.concurrent.Callables$3.run(Callables.java:93)
	at java.lang.Thread.run(Unknown Source)

!ENTRY org.eclipse.recommenders.coordinates.rcp 4 10 2018-03-19 08:59:27.001
!MESSAGE Suggesting project coordinate for DependencyInfo{C:\Users\Blackc0650\Desktop\APCSA-P1\Labs, PROJECT, {PROJECT_NAME=Labs}} failed.
!STACK 0
java.lang.IllegalStateException: Expected the service to be RUNNING, but the service has FAILED
	at com.google.common.util.concurrent.AbstractService.checkCurrentState(AbstractService.java:334)
	at com.google.common.util.concurrent.AbstractService.awaitRunning(AbstractService.java:277)
	at com.google.common.util.concurrent.AbstractIdleService.awaitRunning(AbstractIdleService.java:177)
	at org.eclipse.recommenders.coordinates.rcp.EclipseProjectCoordinateAdvisorService.suggest(EclipseProjectCoordinateAdvisorService.java:136)
	at org.eclipse.recommenders.internal.models.rcp.ProjectCoordinateProvider.resolve(ProjectCoordinateProvider.java:189)
	at org.eclipse.recommenders.internal.models.rcp.ProjectCoordinateProvider.resolve(ProjectCoordinateProvider.java:130)
	at org.eclipse.recommenders.internal.models.rcp.ProjectCoordinateProvider.resolve(ProjectCoordinateProvider.java:104)
	at org.eclipse.recommenders.internal.models.rcp.ProjectCoordinateProvider.toUniqueName(ProjectCoordinateProvider.java:199)
	at org.eclipse.recommenders.internal.models.rcp.PrefetchModelArchiveJob.run(PrefetchModelArchiveJob.java:42)
	at org.eclipse.core.internal.jobs.Worker.run(Worker.java:55)
Caused by: java.lang.IllegalArgumentException: assertion failed.
	at org.eclipse.recommenders.utils.Throws.throwIllegalArgumentException(Throws.java:29)
	at org.eclipse.recommenders.utils.Checks.ensureIsTrue(Checks.java:254)
	at org.eclipse.recommenders.utils.Checks.ensureIsTrue(Checks.java:249)
	at org.eclipse.recommenders.coordinates.DependencyInfo.<init>(DependencyInfo.java:52)
	at org.eclipse.recommenders.internal.coordinates.rcp.DependencyInfoJsonTypeAdapter.deserialize(DependencyInfoJsonTypeAdapter.java:57)
	at org.eclipse.recommenders.internal.coordinates.rcp.DependencyInfoJsonTypeAdapter.deserialize(DependencyInfoJsonTypeAdapter.java:1)
	at com.google.gson.TreeTypeAdapter.read(TreeTypeAdapter.java:58)
	at com.google.gson.internal.bind.TypeAdapterRuntimeTypeWrapper.read(TypeAdapterRuntimeTypeWrapper.java:40)
	at com.google.gson.internal.bind.MapTypeAdapterFactory$Adapter.read(MapTypeAdapterFactory.java:173)
	at com.google.gson.internal.bind.MapTypeAdapterFactory$Adapter.read(MapTypeAdapterFactory.java:145)
	at com.google.gson.Gson.fromJson(Gson.java:803)
	at com.google.gson.Gson.fromJson(Gson.java:768)
	at com.google.gson.Gson.fromJson(Gson.java:717)
	at org.eclipse.recommenders.coordinates.rcp.EclipseProjectCoordinateAdvisorService.startUp(EclipseProjectCoordinateAdvisorService.java:172)
	at com.google.common.util.concurrent.AbstractIdleService$2$1.run(AbstractIdleService.java:54)
	at com.google.common.util.concurrent.Callables$3.run(Callables.java:93)
	at java.lang.Thread.run(Unknown Source)

!ENTRY org.eclipse.recommenders.coordinates.rcp 4 10 2018-03-19 08:59:29.221
!MESSAGE Suggesting project coordinate for DependencyInfo{C:\Program Files\Java\jre1.8.0_51, JRE, {}} failed.
!STACK 0
java.lang.IllegalStateException: Expected the service to be RUNNING, but the service has FAILED
	at com.google.common.util.concurrent.AbstractService.checkCurrentState(AbstractService.java:334)
	at com.google.common.util.concurrent.AbstractService.awaitRunning(AbstractService.java:277)
	at com.google.common.util.concurrent.AbstractIdleService.awaitRunning(AbstractIdleService.java:177)
	at org.eclipse.recommenders.coordinates.rcp.EclipseProjectCoordinateAdvisorService.suggest(EclipseProjectCoordinateAdvisorService.java:136)
	at org.eclipse.recommenders.internal.models.rcp.ProjectCoordinateProvider.resolve(ProjectCoordinateProvider.java:189)
	at org.eclipse.recommenders.internal.models.rcp.ProjectCoordinateProvider.resolve(ProjectCoordinateProvider.java:130)
	at org.eclipse.recommenders.internal.models.rcp.ProjectCoordinateProvider.resolve(ProjectCoordinateProvider.java:104)
	at org.eclipse.recommenders.internal.models.rcp.ProjectCoordinateProvider.toUniqueName(ProjectCoordinateProvider.java:199)
	at org.eclipse.recommenders.internal.models.rcp.PrefetchModelArchiveJob.run(PrefetchModelArchiveJob.java:42)
	at org.eclipse.core.internal.jobs.Worker.run(Worker.java:55)
Caused by: java.lang.IllegalArgumentException: assertion failed.
	at org.eclipse.recommenders.utils.Throws.throwIllegalArgumentException(Throws.java:29)
	at org.eclipse.recommenders.utils.Checks.ensureIsTrue(Checks.java:254)
	at org.eclipse.recommenders.utils.Checks.ensureIsTrue(Checks.java:249)
	at org.eclipse.recommenders.coordinates.DependencyInfo.<init>(DependencyInfo.java:52)
	at org.eclipse.recommenders.internal.coordinates.rcp.DependencyInfoJsonTypeAdapter.deserialize(DependencyInfoJsonTypeAdapter.java:57)
	at org.eclipse.recommenders.internal.coordinates.rcp.DependencyInfoJsonTypeAdapter.deserialize(DependencyInfoJsonTypeAdapter.java:1)
	at com.google.gson.TreeTypeAdapter.read(TreeTypeAdapter.java:58)
	at com.google.gson.internal.bind.TypeAdapterRuntimeTypeWrapper.read(TypeAdapterRuntimeTypeWrapper.java:40)
	at com.google.gson.internal.bind.MapTypeAdapterFactory$Adapter.read(MapTypeAdapterFactory.java:173)
	at com.google.gson.internal.bind.MapTypeAdapterFactory$Adapter.read(MapTypeAdapterFactory.java:145)
	at com.google.gson.Gson.fromJson(Gson.java:803)
	at com.google.gson.Gson.fromJson(Gson.java:768)
	at com.google.gson.Gson.fromJson(Gson.java:717)
	at org.eclipse.recommenders.coordinates.rcp.EclipseProjectCoordinateAdvisorService.startUp(EclipseProjectCoordinateAdvisorService.java:172)
	at com.google.common.util.concurrent.AbstractIdleService$2$1.run(AbstractIdleService.java:54)
	at com.google.common.util.concurrent.Callables$3.run(Callables.java:93)
	at java.lang.Thread.run(Unknown Source)

!ENTRY org.eclipse.recommenders.coordinates.rcp 4 10 2018-03-19 08:59:46.617
!MESSAGE Suggesting project coordinate for DependencyInfo{C:\Users\Blackc0650\Desktop\APCSA-P1\Labs, PROJECT, {PROJECT_NAME=Labs}} failed.
!STACK 0
java.lang.IllegalStateException: Expected the service to be RUNNING, but the service has FAILED
	at com.google.common.util.concurrent.AbstractService.checkCurrentState(AbstractService.java:334)
	at com.google.common.util.concurrent.AbstractService.awaitRunning(AbstractService.java:277)
	at com.google.common.util.concurrent.AbstractIdleService.awaitRunning(AbstractIdleService.java:177)
	at org.eclipse.recommenders.coordinates.rcp.EclipseProjectCoordinateAdvisorService.suggest(EclipseProjectCoordinateAdvisorService.java:136)
	at org.eclipse.recommenders.internal.models.rcp.ProjectCoordinateProvider.resolve(ProjectCoordinateProvider.java:189)
	at org.eclipse.recommenders.internal.models.rcp.ProjectCoordinateProvider.resolve(ProjectCoordinateProvider.java:130)
	at org.eclipse.recommenders.internal.models.rcp.ProjectCoordinateProvider.resolve(ProjectCoordinateProvider.java:104)
	at org.eclipse.recommenders.internal.models.rcp.ProjectCoordinateProvider.toUniqueName(ProjectCoordinateProvider.java:199)
	at org.eclipse.recommenders.internal.models.rcp.PrefetchModelArchiveJob.run(PrefetchModelArchiveJob.java:42)
	at org.eclipse.core.internal.jobs.Worker.run(Worker.java:55)
Caused by: java.lang.IllegalArgumentException: assertion failed.
	at org.eclipse.recommenders.utils.Throws.throwIllegalArgumentException(Throws.java:29)
	at org.eclipse.recommenders.utils.Checks.ensureIsTrue(Checks.java:254)
	at org.eclipse.recommenders.utils.Checks.ensureIsTrue(Checks.java:249)
	at org.eclipse.recommenders.coordinates.DependencyInfo.<init>(DependencyInfo.java:52)
	at org.eclipse.recommenders.internal.coordinates.rcp.DependencyInfoJsonTypeAdapter.deserialize(DependencyInfoJsonTypeAdapter.java:57)
	at org.eclipse.recommenders.internal.coordinates.rcp.DependencyInfoJsonTypeAdapter.deserialize(DependencyInfoJsonTypeAdapter.java:1)
	at com.google.gson.TreeTypeAdapter.read(TreeTypeAdapter.java:58)
	at com.google.gson.internal.bind.TypeAdapterRuntimeTypeWrapper.read(TypeAdapterRuntimeTypeWrapper.java:40)
	at com.google.gson.internal.bind.MapTypeAdapterFactory$Adapter.read(MapTypeAdapterFactory.java:173)
	at com.google.gson.internal.bind.MapTypeAdapterFactory$Adapter.read(MapTypeAdapterFactory.java:145)
	at com.google.gson.Gson.fromJson(Gson.java:803)
	at com.google.gson.Gson.fromJson(Gson.java:768)
	at com.google.gson.Gson.fromJson(Gson.java:717)
	at org.eclipse.recommenders.coordinates.rcp.EclipseProjectCoordinateAdvisorService.startUp(EclipseProjectCoordinateAdvisorService.java:172)
	at com.google.common.util.concurrent.AbstractIdleService$2$1.run(AbstractIdleService.java:54)
	at com.google.common.util.concurrent.Callables$3.run(Callables.java:93)
	at java.lang.Thread.run(Unknown Source)

!ENTRY org.eclipse.recommenders.coordinates.rcp 4 10 2018-03-19 08:59:51.647
!MESSAGE Suggesting project coordinate for DependencyInfo{C:\Users\Blackc0650\Desktop\APCSA-P1\Labs, PROJECT, {PROJECT_NAME=Labs}} failed.
!STACK 0
java.lang.IllegalStateException: Expected the service to be RUNNING, but the service has FAILED
	at com.google.common.util.concurrent.AbstractService.checkCurrentState(AbstractService.java:334)
	at com.google.common.util.concurrent.AbstractService.awaitRunning(AbstractService.java:277)
	at com.google.common.util.concurrent.AbstractIdleService.awaitRunning(AbstractIdleService.java:177)
	at org.eclipse.recommenders.coordinates.rcp.EclipseProjectCoordinateAdvisorService.suggest(EclipseProjectCoordinateAdvisorService.java:136)
	at org.eclipse.recommenders.internal.models.rcp.ProjectCoordinateProvider.resolve(ProjectCoordinateProvider.java:189)
	at org.eclipse.recommenders.internal.models.rcp.ProjectCoordinateProvider.resolve(ProjectCoordinateProvider.java:130)
	at org.eclipse.recommenders.internal.models.rcp.ProjectCoordinateProvider.resolve(ProjectCoordinateProvider.java:104)
	at org.eclipse.recommenders.internal.models.rcp.ProjectCoordinateProvider.toUniqueName(ProjectCoordinateProvider.java:199)
	at org.eclipse.recommenders.internal.models.rcp.PrefetchModelArchiveJob.run(PrefetchModelArchiveJob.java:42)
	at org.eclipse.core.internal.jobs.Worker.run(Worker.java:55)
Caused by: java.lang.IllegalArgumentException: assertion failed.
	at org.eclipse.recommenders.utils.Throws.throwIllegalArgumentException(Throws.java:29)
	at org.eclipse.recommenders.utils.Checks.ensureIsTrue(Checks.java:254)
	at org.eclipse.recommenders.utils.Checks.ensureIsTrue(Checks.java:249)
	at org.eclipse.recommenders.coordinates.DependencyInfo.<init>(DependencyInfo.java:52)
	at org.eclipse.recommenders.internal.coordinates.rcp.DependencyInfoJsonTypeAdapter.deserialize(DependencyInfoJsonTypeAdapter.java:57)
	at org.eclipse.recommenders.internal.coordinates.rcp.DependencyInfoJsonTypeAdapter.deserialize(DependencyInfoJsonTypeAdapter.java:1)
	at com.google.gson.TreeTypeAdapter.read(TreeTypeAdapter.java:58)
	at com.google.gson.internal.bind.TypeAdapterRuntimeTypeWrapper.read(TypeAdapterRuntimeTypeWrapper.java:40)
	at com.google.gson.internal.bind.MapTypeAdapterFactory$Adapter.read(MapTypeAdapterFactory.java:173)
	at com.google.gson.internal.bind.MapTypeAdapterFactory$Adapter.read(MapTypeAdapterFactory.java:145)
	at com.google.gson.Gson.fromJson(Gson.java:803)
	at com.google.gson.Gson.fromJson(Gson.java:768)
	at com.google.gson.Gson.fromJson(Gson.java:717)
	at org.eclipse.recommenders.coordinates.rcp.EclipseProjectCoordinateAdvisorService.startUp(EclipseProjectCoordinateAdvisorService.java:172)
	at com.google.common.util.concurrent.AbstractIdleService$2$1.run(AbstractIdleService.java:54)
	at com.google.common.util.concurrent.Callables$3.run(Callables.java:93)
	at java.lang.Thread.run(Unknown Source)

!ENTRY org.eclipse.recommenders.coordinates.rcp 4 10 2018-03-19 08:59:53.176
!MESSAGE Suggesting project coordinate for DependencyInfo{C:\Program Files\Java\jre1.8.0_51, JRE, {}} failed.
!STACK 0
java.lang.IllegalStateException: Expected the service to be RUNNING, but the service has FAILED
	at com.google.common.util.concurrent.AbstractService.checkCurrentState(AbstractService.java:334)
	at com.google.common.util.concurrent.AbstractService.awaitRunning(AbstractService.java:277)
	at com.google.common.util.concurrent.AbstractIdleService.awaitRunning(AbstractIdleService.java:177)
	at org.eclipse.recommenders.coordinates.rcp.EclipseProjectCoordinateAdvisorService.suggest(EclipseProjectCoordinateAdvisorService.java:136)
	at org.eclipse.recommenders.internal.models.rcp.ProjectCoordinateProvider.resolve(ProjectCoordinateProvider.java:189)
	at org.eclipse.recommenders.internal.models.rcp.ProjectCoordinateProvider.resolve(ProjectCoordinateProvider.java:130)
	at org.eclipse.recommenders.internal.models.rcp.ProjectCoordinateProvider.resolve(ProjectCoordinateProvider.java:104)
	at org.eclipse.recommenders.internal.models.rcp.ProjectCoordinateProvider.toUniqueName(ProjectCoordinateProvider.java:199)
	at org.eclipse.recommenders.internal.models.rcp.PrefetchModelArchiveJob.run(PrefetchModelArchiveJob.java:42)
	at org.eclipse.core.internal.jobs.Worker.run(Worker.java:55)
Caused by: java.lang.IllegalArgumentException: assertion failed.
	at org.eclipse.recommenders.utils.Throws.throwIllegalArgumentException(Throws.java:29)
	at org.eclipse.recommenders.utils.Checks.ensureIsTrue(Checks.java:254)
	at org.eclipse.recommenders.utils.Checks.ensureIsTrue(Checks.java:249)
	at org.eclipse.recommenders.coordinates.DependencyInfo.<init>(DependencyInfo.java:52)
	at org.eclipse.recommenders.internal.coordinates.rcp.DependencyInfoJsonTypeAdapter.deserialize(DependencyInfoJsonTypeAdapter.java:57)
	at org.eclipse.recommenders.internal.coordinates.rcp.DependencyInfoJsonTypeAdapter.deserialize(DependencyInfoJsonTypeAdapter.java:1)
	at com.google.gson.TreeTypeAdapter.read(TreeTypeAdapter.java:58)
	at com.google.gson.internal.bind.TypeAdapterRuntimeTypeWrapper.read(TypeAdapterRuntimeTypeWrapper.java:40)
	at com.google.gson.internal.bind.MapTypeAdapterFactory$Adapter.read(MapTypeAdapterFactory.java:173)
	at com.google.gson.internal.bind.MapTypeAdapterFactory$Adapter.read(MapTypeAdapterFactory.java:145)
	at com.google.gson.Gson.fromJson(Gson.java:803)
	at com.google.gson.Gson.fromJson(Gson.java:768)
	at com.google.gson.Gson.fromJson(Gson.java:717)
	at org.eclipse.recommenders.coordinates.rcp.EclipseProjectCoordinateAdvisorService.startUp(EclipseProjectCoordinateAdvisorService.java:172)
	at com.google.common.util.concurrent.AbstractIdleService$2$1.run(AbstractIdleService.java:54)
	at com.google.common.util.concurrent.Callables$3.run(Callables.java:93)
	at java.lang.Thread.run(Unknown Source)

!ENTRY org.eclipse.recommenders.coordinates.rcp 4 10 2018-03-19 09:03:25.776
!MESSAGE Suggesting project coordinate for DependencyInfo{C:\Users\Blackc0650\Desktop\APCSA-P1\Labs, PROJECT, {PROJECT_NAME=Labs}} failed.
!STACK 0
java.lang.IllegalStateException: Expected the service to be RUNNING, but the service has FAILED
	at com.google.common.util.concurrent.AbstractService.checkCurrentState(AbstractService.java:334)
	at com.google.common.util.concurrent.AbstractService.awaitRunning(AbstractService.java:277)
	at com.google.common.util.concurrent.AbstractIdleService.awaitRunning(AbstractIdleService.java:177)
	at org.eclipse.recommenders.coordinates.rcp.EclipseProjectCoordinateAdvisorService.suggest(EclipseProjectCoordinateAdvisorService.java:136)
	at org.eclipse.recommenders.internal.models.rcp.ProjectCoordinateProvider.resolve(ProjectCoordinateProvider.java:189)
	at org.eclipse.recommenders.internal.models.rcp.ProjectCoordinateProvider.resolve(ProjectCoordinateProvider.java:130)
	at org.eclipse.recommenders.internal.models.rcp.ProjectCoordinateProvider.resolve(ProjectCoordinateProvider.java:104)
	at org.eclipse.recommenders.internal.models.rcp.ProjectCoordinateProvider.toUniqueName(ProjectCoordinateProvider.java:199)
	at org.eclipse.recommenders.internal.models.rcp.PrefetchModelArchiveJob.run(PrefetchModelArchiveJob.java:42)
	at org.eclipse.core.internal.jobs.Worker.run(Worker.java:55)
Caused by: java.lang.IllegalArgumentException: assertion failed.
	at org.eclipse.recommenders.utils.Throws.throwIllegalArgumentException(Throws.java:29)
	at org.eclipse.recommenders.utils.Checks.ensureIsTrue(Checks.java:254)
	at org.eclipse.recommenders.utils.Checks.ensureIsTrue(Checks.java:249)
	at org.eclipse.recommenders.coordinates.DependencyInfo.<init>(DependencyInfo.java:52)
	at org.eclipse.recommenders.internal.coordinates.rcp.DependencyInfoJsonTypeAdapter.deserialize(DependencyInfoJsonTypeAdapter.java:57)
	at org.eclipse.recommenders.internal.coordinates.rcp.DependencyInfoJsonTypeAdapter.deserialize(DependencyInfoJsonTypeAdapter.java:1)
	at com.google.gson.TreeTypeAdapter.read(TreeTypeAdapter.java:58)
	at com.google.gson.internal.bind.TypeAdapterRuntimeTypeWrapper.read(TypeAdapterRuntimeTypeWrapper.java:40)
	at com.google.gson.internal.bind.MapTypeAdapterFactory$Adapter.read(MapTypeAdapterFactory.java:173)
	at com.google.gson.internal.bind.MapTypeAdapterFactory$Adapter.read(MapTypeAdapterFactory.java:145)
	at com.google.gson.Gson.fromJson(Gson.java:803)
	at com.google.gson.Gson.fromJson(Gson.java:768)
	at com.google.gson.Gson.fromJson(Gson.java:717)
	at org.eclipse.recommenders.coordinates.rcp.EclipseProjectCoordinateAdvisorService.startUp(EclipseProjectCoordinateAdvisorService.java:172)
	at com.google.common.util.concurrent.AbstractIdleService$2$1.run(AbstractIdleService.java:54)
	at com.google.common.util.concurrent.Callables$3.run(Callables.java:93)
	at java.lang.Thread.run(Unknown Source)
